Building vocabulary...

--- Top 10 most frequent words (subsampling) ---
  'the   ' | count: 1061396 | discard prob: 98.7%
  'of    ' | count: 593677  | discard prob: 98.3%
  'and   ' | count: 416629  | discard prob: 98.0%
  'one   ' | count: 411764  | discard prob: 97.9%
  'in    ' | count: 372201  | discard prob: 97.8%
  'a     ' | count: 325873  | discard prob: 97.7%
  'to    ' | count: 316376  | discard prob: 97.6%
  'zero  ' | count: 264975  | discard prob: 97.4%
  'nine  ' | count: 250430  | discard prob: 97.3%
  'two   ' | count: 192644  | discard prob: 97.0%
--------------------------------------------------

--------------------------------------------------
Training config:
  Vocab size:     71290 tokens
  Embedding dim:  100
  Epochs:         5
  Batch size:     256
  Window size:    5
  Neg samples:    5
  Optimizer:      sgld
  Learning rate:  0.025
--------------------------------------------------
Epoch 1 | Batch   1000 | Loss: 3.9038 | LR: 0.024992 | Tokens/s: 8653 | Snapshots: 0
Epoch 1 | Batch   2000 | Loss: 3.6769 | LR: 0.024985 | Tokens/s: 13703 | Snapshots: 0
Epoch 1 | Batch   3000 | Loss: 3.5284 | LR: 0.024977 | Tokens/s: 16977 | Snapshots: 0
Epoch 1 | Batch   4000 | Loss: 3.4202 | LR: 0.024969 | Tokens/s: 19311 | Snapshots: 0
Epoch 1 | Batch   5000 | Loss: 3.3442 | LR: 0.024962 | Tokens/s: 21020 | Snapshots: 0
Epoch 1 | Batch   6000 | Loss: 3.2802 | LR: 0.024954 | Tokens/s: 22380 | Snapshots: 0
Epoch 1 | Batch   7000 | Loss: 3.2259 | LR: 0.024946 | Tokens/s: 23478 | Snapshots: 0
Epoch 1 | Batch   8000 | Loss: 3.1795 | LR: 0.024939 | Tokens/s: 24394 | Snapshots: 0
Epoch 1 | Batch   9000 | Loss: 3.1351 | LR: 0.024931 | Tokens/s: 25149 | Snapshots: 0
Epoch 1 | Batch  10000 | Loss: 3.1000 | LR: 0.024923 | Tokens/s: 25724 | Snapshots: 0
Epoch 1 | Batch  11000 | Loss: 3.0707 | LR: 0.024916 | Tokens/s: 26218 | Snapshots: 0
Epoch 1 | Batch  12000 | Loss: 3.0437 | LR: 0.024908 | Tokens/s: 26652 | Snapshots: 0
Epoch 1 | Batch  13000 | Loss: 3.0195 | LR: 0.024900 | Tokens/s: 27003 | Snapshots: 0
Epoch 1 | Batch  14000 | Loss: 2.9968 | LR: 0.024893 | Tokens/s: 27343 | Snapshots: 0
Epoch 1 | Batch  15000 | Loss: 2.9777 | LR: 0.024885 | Tokens/s: 27617 | Snapshots: 0
Epoch 1 | Batch  16000 | Loss: 2.9601 | LR: 0.024878 | Tokens/s: 27892 | Snapshots: 0
Epoch 1 | Batch  17000 | Loss: 2.9432 | LR: 0.024870 | Tokens/s: 28149 | Snapshots: 0
Epoch 1 | Batch  18000 | Loss: 2.9288 | LR: 0.024862 | Tokens/s: 28381 | Snapshots: 0
Epoch 1 | Batch  19000 | Loss: 2.9079 | LR: 0.024855 | Tokens/s: 28581 | Snapshots: 0
Epoch 1 | Batch  20000 | Loss: 2.8947 | LR: 0.024847 | Tokens/s: 28733 | Snapshots: 0
Epoch 1 | Batch  21000 | Loss: 2.8807 | LR: 0.024839 | Tokens/s: 28890 | Snapshots: 0
Epoch 1 | Batch  22000 | Loss: 2.8687 | LR: 0.024832 | Tokens/s: 29039 | Snapshots: 0
Epoch 1 | Batch  23000 | Loss: 2.8574 | LR: 0.024824 | Tokens/s: 29183 | Snapshots: 0
Epoch 1 | Batch  24000 | Loss: 2.8445 | LR: 0.024816 | Tokens/s: 29315 | Snapshots: 0
Epoch 1 | Batch  25000 | Loss: 2.8317 | LR: 0.024809 | Tokens/s: 29456 | Snapshots: 0
Epoch 1 | Batch  26000 | Loss: 2.8214 | LR: 0.024801 | Tokens/s: 29573 | Snapshots: 0
Epoch 1 | Batch  27000 | Loss: 2.8120 | LR: 0.024793 | Tokens/s: 29694 | Snapshots: 0
Epoch 1 | Batch  28000 | Loss: 2.8037 | LR: 0.024786 | Tokens/s: 29805 | Snapshots: 0
Epoch 1 | Batch  29000 | Loss: 2.7966 | LR: 0.024778 | Tokens/s: 29910 | Snapshots: 0
Epoch 1 | Batch  30000 | Loss: 2.7895 | LR: 0.024770 | Tokens/s: 29944 | Snapshots: 0
Epoch 1 | Batch  31000 | Loss: 2.7810 | LR: 0.024763 | Tokens/s: 30037 | Snapshots: 0
Epoch 1 | Batch  32000 | Loss: 2.7688 | LR: 0.024755 | Tokens/s: 30131 | Snapshots: 0
Epoch 1 | Batch  33000 | Loss: 2.7604 | LR: 0.024747 | Tokens/s: 30215 | Snapshots: 0
Epoch 1 | Batch  34000 | Loss: 2.7536 | LR: 0.024740 | Tokens/s: 30283 | Snapshots: 0
Epoch 1 | Batch  35000 | Loss: 2.7461 | LR: 0.024732 | Tokens/s: 30355 | Snapshots: 0
Epoch 1 | Batch  36000 | Loss: 2.7380 | LR: 0.024724 | Tokens/s: 30414 | Snapshots: 0
Epoch 1 | Batch  37000 | Loss: 2.7307 | LR: 0.024717 | Tokens/s: 30468 | Snapshots: 0
Epoch 1 | Batch  38000 | Loss: 2.7245 | LR: 0.024709 | Tokens/s: 30525 | Snapshots: 0
Epoch 1 | Batch  39000 | Loss: 2.7176 | LR: 0.024701 | Tokens/s: 30586 | Snapshots: 0
Epoch 1 | Batch  40000 | Loss: 2.7101 | LR: 0.024694 | Tokens/s: 30643 | Snapshots: 0
Epoch 1 | Batch  41000 | Loss: 2.7038 | LR: 0.024686 | Tokens/s: 30703 | Snapshots: 0
Epoch 1 | Batch  42000 | Loss: 2.6988 | LR: 0.024678 | Tokens/s: 30741 | Snapshots: 0
Epoch 1 | Batch  43000 | Loss: 2.6936 | LR: 0.024671 | Tokens/s: 30800 | Snapshots: 0
Epoch 1 | Batch  44000 | Loss: 2.6892 | LR: 0.024663 | Tokens/s: 30848 | Snapshots: 0
Epoch 1 | Batch  45000 | Loss: 2.6839 | LR: 0.024655 | Tokens/s: 30893 | Snapshots: 0
Epoch 1 | Batch  46000 | Loss: 2.6786 | LR: 0.024648 | Tokens/s: 30918 | Snapshots: 0
Epoch 1 | Batch  47000 | Loss: 2.6737 | LR: 0.024640 | Tokens/s: 30954 | Snapshots: 0
Epoch 1 | Batch  48000 | Loss: 2.6686 | LR: 0.024633 | Tokens/s: 30979 | Snapshots: 0
Epoch 1 | Batch  49000 | Loss: 2.6644 | LR: 0.024625 | Tokens/s: 31006 | Snapshots: 0
Epoch 1 | Batch  50000 | Loss: 2.6594 | LR: 0.024617 | Tokens/s: 31042 | Snapshots: 0
Epoch 1 | Batch  51000 | Loss: 2.6547 | LR: 0.024610 | Tokens/s: 31082 | Snapshots: 0
Epoch 1 | Batch  52000 | Loss: 2.6500 | LR: 0.024602 | Tokens/s: 31101 | Snapshots: 0
Epoch 1 | Batch  53000 | Loss: 2.6460 | LR: 0.024594 | Tokens/s: 31124 | Snapshots: 0
Epoch 1 | Batch  54000 | Loss: 2.6421 | LR: 0.024587 | Tokens/s: 31149 | Snapshots: 0
Epoch 1 | Batch  55000 | Loss: 2.6384 | LR: 0.024579 | Tokens/s: 31183 | Snapshots: 0
Epoch 1 | Batch  56000 | Loss: 2.6343 | LR: 0.024571 | Tokens/s: 31212 | Snapshots: 0
Epoch 1 | Batch  57000 | Loss: 2.6292 | LR: 0.024564 | Tokens/s: 31250 | Snapshots: 0
Epoch 1 | Batch  58000 | Loss: 2.6256 | LR: 0.024556 | Tokens/s: 31267 | Snapshots: 0
Epoch 1 | Batch  59000 | Loss: 2.6209 | LR: 0.024548 | Tokens/s: 31276 | Snapshots: 0
Epoch 1 | Batch  60000 | Loss: 2.6173 | LR: 0.024541 | Tokens/s: 31297 | Snapshots: 0
Epoch 1 | Batch  61000 | Loss: 2.6135 | LR: 0.024533 | Tokens/s: 31323 | Snapshots: 0
Epoch 1 | Batch  62000 | Loss: 2.6098 | LR: 0.024525 | Tokens/s: 31346 | Snapshots: 0
Epoch 1 | Batch  63000 | Loss: 2.6065 | LR: 0.024518 | Tokens/s: 31374 | Snapshots: 0
Epoch 1 | Batch  64000 | Loss: 2.6031 | LR: 0.024510 | Tokens/s: 31397 | Snapshots: 0
Epoch 1 | Batch  65000 | Loss: 2.5993 | LR: 0.024502 | Tokens/s: 31417 | Snapshots: 0
Epoch 1 | Batch  66000 | Loss: 2.5960 | LR: 0.024495 | Tokens/s: 31431 | Snapshots: 0
Epoch 1 | Batch  67000 | Loss: 2.5926 | LR: 0.024487 | Tokens/s: 31456 | Snapshots: 0
Epoch 1 | Batch  68000 | Loss: 2.5895 | LR: 0.024479 | Tokens/s: 31488 | Snapshots: 0
Epoch 1 | Batch  69000 | Loss: 2.5867 | LR: 0.024472 | Tokens/s: 31516 | Snapshots: 0
Epoch 1 | Batch  70000 | Loss: 2.5824 | LR: 0.024464 | Tokens/s: 31522 | Snapshots: 0
Epoch 1 | Batch  71000 | Loss: 2.5795 | LR: 0.024456 | Tokens/s: 31541 | Snapshots: 0
Epoch 1 | Batch  72000 | Loss: 2.5769 | LR: 0.024449 | Tokens/s: 31553 | Snapshots: 0
Epoch 1 | Batch  73000 | Loss: 2.5740 | LR: 0.024441 | Tokens/s: 31569 | Snapshots: 0
Epoch 1 | Batch  74000 | Loss: 2.5707 | LR: 0.024433 | Tokens/s: 31588 | Snapshots: 0
Epoch 1 | Batch  75000 | Loss: 2.5674 | LR: 0.024426 | Tokens/s: 31607 | Snapshots: 0
Epoch 1 | Batch  76000 | Loss: 2.5646 | LR: 0.024418 | Tokens/s: 31620 | Snapshots: 0
Epoch 1 | Batch  77000 | Loss: 2.5624 | LR: 0.024410 | Tokens/s: 31632 | Snapshots: 0
Epoch 1 | Batch  78000 | Loss: 2.5597 | LR: 0.024403 | Tokens/s: 31649 | Snapshots: 0
Epoch 1 | Batch  79000 | Loss: 2.5571 | LR: 0.024395 | Tokens/s: 31663 | Snapshots: 0
Epoch 1 | Batch  80000 | Loss: 2.5546 | LR: 0.024388 | Tokens/s: 31677 | Snapshots: 0
Epoch 1 | Batch  81000 | Loss: 2.5525 | LR: 0.024380 | Tokens/s: 31688 | Snapshots: 0
Epoch 1 | Batch  82000 | Loss: 2.5497 | LR: 0.024372 | Tokens/s: 31702 | Snapshots: 0
Epoch 1 | Batch  83000 | Loss: 2.5475 | LR: 0.024365 | Tokens/s: 31722 | Snapshots: 0
Epoch 1 | Batch  84000 | Loss: 2.5452 | LR: 0.024357 | Tokens/s: 31742 | Snapshots: 0
Epoch 1 | Batch  85000 | Loss: 2.5432 | LR: 0.024349 | Tokens/s: 31757 | Snapshots: 0
Epoch 1 | Batch  86000 | Loss: 2.5407 | LR: 0.024342 | Tokens/s: 31777 | Snapshots: 0
Epoch 1 | Batch  87000 | Loss: 2.5387 | LR: 0.024334 | Tokens/s: 31797 | Snapshots: 0
Epoch 1 | Batch  88000 | Loss: 2.5367 | LR: 0.024326 | Tokens/s: 31817 | Snapshots: 0
Epoch 1 | Batch  89000 | Loss: 2.5346 | LR: 0.024319 | Tokens/s: 31833 | Snapshots: 0
Epoch 1 | Batch  90000 | Loss: 2.5321 | LR: 0.024311 | Tokens/s: 31845 | Snapshots: 0
Epoch 1 | Batch  91000 | Loss: 2.5299 | LR: 0.024303 | Tokens/s: 31852 | Snapshots: 0
Epoch 1 | Batch  92000 | Loss: 2.5271 | LR: 0.024296 | Tokens/s: 31860 | Snapshots: 0
Epoch 1 | Batch  93000 | Loss: 2.5246 | LR: 0.024288 | Tokens/s: 31865 | Snapshots: 0
Epoch 1 | Batch  94000 | Loss: 2.5223 | LR: 0.024280 | Tokens/s: 31874 | Snapshots: 0
Epoch 1 | Batch  95000 | Loss: 2.5200 | LR: 0.024273 | Tokens/s: 31880 | Snapshots: 0
Epoch 1 | Batch  96000 | Loss: 2.5175 | LR: 0.024265 | Tokens/s: 31891 | Snapshots: 0
Epoch 1 | Batch  97000 | Loss: 2.5158 | LR: 0.024257 | Tokens/s: 31901 | Snapshots: 0
Epoch 1 | Batch  98000 | Loss: 2.5141 | LR: 0.024250 | Tokens/s: 31908 | Snapshots: 0
Epoch 1 | Batch  99000 | Loss: 2.5115 | LR: 0.024242 | Tokens/s: 31915 | Snapshots: 0
Epoch 1 | Batch 100000 | Loss: 2.5089 | LR: 0.024234 | Tokens/s: 31926 | Snapshots: 0
Epoch 1 | Batch 101000 | Loss: 2.5068 | LR: 0.024227 | Tokens/s: 31931 | Snapshots: 0
Epoch 1 | Batch 102000 | Loss: 2.5050 | LR: 0.024219 | Tokens/s: 31933 | Snapshots: 0
Epoch 1 | Batch 103000 | Loss: 2.5033 | LR: 0.024211 | Tokens/s: 31928 | Snapshots: 0
Epoch 1 | Batch 104000 | Loss: 2.5018 | LR: 0.024204 | Tokens/s: 31933 | Snapshots: 0
Epoch 1 | Batch 105000 | Loss: 2.4996 | LR: 0.024196 | Tokens/s: 31939 | Snapshots: 0
Epoch 1 | Batch 106000 | Loss: 2.4982 | LR: 0.024188 | Tokens/s: 31946 | Snapshots: 0
Epoch 1 | Batch 107000 | Loss: 2.4968 | LR: 0.024181 | Tokens/s: 31950 | Snapshots: 0
Epoch 1 | Batch 108000 | Loss: 2.4955 | LR: 0.024173 | Tokens/s: 31949 | Snapshots: 0
Epoch 1 | Batch 109000 | Loss: 2.4939 | LR: 0.024166 | Tokens/s: 31952 | Snapshots: 0
Epoch 1 | Batch 110000 | Loss: 2.4918 | LR: 0.024158 | Tokens/s: 31953 | Snapshots: 0
Epoch 1 | Batch 111000 | Loss: 2.4895 | LR: 0.024150 | Tokens/s: 31957 | Snapshots: 0
Epoch 1 | Batch 112000 | Loss: 2.4878 | LR: 0.024143 | Tokens/s: 31964 | Snapshots: 0
Epoch 1 | Batch 113000 | Loss: 2.4860 | LR: 0.024135 | Tokens/s: 31970 | Snapshots: 0
Epoch 1 | Batch 114000 | Loss: 2.4846 | LR: 0.024127 | Tokens/s: 31970 | Snapshots: 0
Epoch 1 | Batch 115000 | Loss: 2.4828 | LR: 0.024120 | Tokens/s: 31973 | Snapshots: 0
Epoch 1 | Batch 116000 | Loss: 2.4816 | LR: 0.024112 | Tokens/s: 31977 | Snapshots: 0
Epoch 1 | Batch 117000 | Loss: 2.4796 | LR: 0.024104 | Tokens/s: 31982 | Snapshots: 0
Epoch 1 | Batch 118000 | Loss: 2.4780 | LR: 0.024097 | Tokens/s: 31994 | Snapshots: 0
Epoch 1 | Batch 119000 | Loss: 2.4752 | LR: 0.024089 | Tokens/s: 32000 | Snapshots: 0
Epoch 1 | Batch 120000 | Loss: 2.4728 | LR: 0.024081 | Tokens/s: 32003 | Snapshots: 0
Epoch 1 | Batch 121000 | Loss: 2.4715 | LR: 0.024074 | Tokens/s: 32009 | Snapshots: 0
Epoch 1 | Batch 122000 | Loss: 2.4701 | LR: 0.024066 | Tokens/s: 32007 | Snapshots: 0
Epoch 1 | Batch 123000 | Loss: 2.4685 | LR: 0.024058 | Tokens/s: 32008 | Snapshots: 0
Epoch 1 | Batch 124000 | Loss: 2.4673 | LR: 0.024051 | Tokens/s: 32008 | Snapshots: 0
Epoch 1 | Batch 125000 | Loss: 2.4658 | LR: 0.024043 | Tokens/s: 32010 | Snapshots: 0
Epoch 1 | Batch 126000 | Loss: 2.4646 | LR: 0.024035 | Tokens/s: 32010 | Snapshots: 0
Epoch 1 | Batch 127000 | Loss: 2.4632 | LR: 0.024028 | Tokens/s: 32012 | Snapshots: 0
Epoch 1 | Batch 128000 | Loss: 2.4619 | LR: 0.024020 | Tokens/s: 32011 | Snapshots: 0
Epoch 1 | Batch 129000 | Loss: 2.4607 | LR: 0.024012 | Tokens/s: 32015 | Snapshots: 0
Epoch 1 | Batch 130000 | Loss: 2.4599 | LR: 0.024005 | Tokens/s: 32016 | Snapshots: 0

=== Epoch 1 summary ===
Time: 1045.9s | Loss: 2.4593 | Tokens/s: 31939 | Batches: 130489
--------------------------------------------------
Epoch 2 | Batch   1000 | Loss: 2.2902 | LR: 0.023993 | Tokens/s: 7969 | Snapshots: 0
Epoch 2 | Batch   2000 | Loss: 2.2707 | LR: 0.023986 | Tokens/s: 12006 | Snapshots: 0
Epoch 2 | Batch   3000 | Loss: 2.2800 | LR: 0.023978 | Tokens/s: 14414 | Snapshots: 0
Epoch 2 | Batch   4000 | Loss: 2.2780 | LR: 0.023970 | Tokens/s: 15991 | Snapshots: 0
Epoch 2 | Batch   5000 | Loss: 2.2800 | LR: 0.023963 | Tokens/s: 17223 | Snapshots: 1
Epoch 2 | Batch   6000 | Loss: 2.2827 | LR: 0.023955 | Tokens/s: 18152 | Snapshots: 1
Epoch 2 | Batch   7000 | Loss: 2.2828 | LR: 0.023947 | Tokens/s: 18799 | Snapshots: 1
Epoch 2 | Batch   8000 | Loss: 2.2822 | LR: 0.023940 | Tokens/s: 19277 | Snapshots: 1
Epoch 2 | Batch   9000 | Loss: 2.2812 | LR: 0.023932 | Tokens/s: 19684 | Snapshots: 1
Epoch 2 | Batch  10000 | Loss: 2.2803 | LR: 0.023924 | Tokens/s: 20037 | Snapshots: 2
Epoch 2 | Batch  11000 | Loss: 2.2805 | LR: 0.023917 | Tokens/s: 20345 | Snapshots: 2
Epoch 2 | Batch  12000 | Loss: 2.2800 | LR: 0.023909 | Tokens/s: 20596 | Snapshots: 2
Epoch 2 | Batch  13000 | Loss: 2.2772 | LR: 0.023901 | Tokens/s: 20957 | Snapshots: 2
Epoch 2 | Batch  14000 | Loss: 2.2783 | LR: 0.023894 | Tokens/s: 21241 | Snapshots: 2
Epoch 2 | Batch  15000 | Loss: 2.2771 | LR: 0.023886 | Tokens/s: 21516 | Snapshots: 3
Epoch 2 | Batch  16000 | Loss: 2.2781 | LR: 0.023878 | Tokens/s: 21793 | Snapshots: 3
Epoch 2 | Batch  17000 | Loss: 2.2774 | LR: 0.023871 | Tokens/s: 22038 | Snapshots: 3
Epoch 2 | Batch  18000 | Loss: 2.2776 | LR: 0.023863 | Tokens/s: 22231 | Snapshots: 3
Epoch 2 | Batch  19000 | Loss: 2.2689 | LR: 0.023856 | Tokens/s: 22394 | Snapshots: 3
Epoch 2 | Batch  20000 | Loss: 2.2698 | LR: 0.023848 | Tokens/s: 22598 | Snapshots: 4
Epoch 2 | Batch  21000 | Loss: 2.2682 | LR: 0.023840 | Tokens/s: 22734 | Snapshots: 4
Epoch 2 | Batch  22000 | Loss: 2.2693 | LR: 0.023833 | Tokens/s: 22892 | Snapshots: 4
Epoch 2 | Batch  23000 | Loss: 2.2696 | LR: 0.023825 | Tokens/s: 23073 | Snapshots: 4
Epoch 2 | Batch  24000 | Loss: 2.2690 | LR: 0.023817 | Tokens/s: 23360 | Snapshots: 4
Epoch 2 | Batch  25000 | Loss: 2.2682 | LR: 0.023810 | Tokens/s: 23638 | Snapshots: 5
Epoch 2 | Batch  26000 | Loss: 2.2676 | LR: 0.023802 | Tokens/s: 23894 | Snapshots: 5
Epoch 2 | Batch  27000 | Loss: 2.2680 | LR: 0.023794 | Tokens/s: 24110 | Snapshots: 5
Epoch 2 | Batch  28000 | Loss: 2.2695 | LR: 0.023787 | Tokens/s: 24182 | Snapshots: 5
Epoch 2 | Batch  29000 | Loss: 2.2711 | LR: 0.023779 | Tokens/s: 24372 | Snapshots: 5
Epoch 2 | Batch  30000 | Loss: 2.2715 | LR: 0.023771 | Tokens/s: 24526 | Snapshots: 6
Epoch 2 | Batch  31000 | Loss: 2.2698 | LR: 0.023764 | Tokens/s: 24672 | Snapshots: 6
Epoch 2 | Batch  32000 | Loss: 2.2641 | LR: 0.023756 | Tokens/s: 24876 | Snapshots: 6
Epoch 2 | Batch  33000 | Loss: 2.2624 | LR: 0.023748 | Tokens/s: 25066 | Snapshots: 6
Epoch 2 | Batch  34000 | Loss: 2.2629 | LR: 0.023741 | Tokens/s: 25230 | Snapshots: 6
Epoch 2 | Batch  35000 | Loss: 2.2618 | LR: 0.023733 | Tokens/s: 25402 | Snapshots: 7
Epoch 2 | Batch  36000 | Loss: 2.2603 | LR: 0.023725 | Tokens/s: 25569 | Snapshots: 7
Epoch 2 | Batch  37000 | Loss: 2.2593 | LR: 0.023718 | Tokens/s: 25720 | Snapshots: 7
Epoch 2 | Batch  38000 | Loss: 2.2589 | LR: 0.023710 | Tokens/s: 25871 | Snapshots: 7
Epoch 2 | Batch  39000 | Loss: 2.2573 | LR: 0.023702 | Tokens/s: 26031 | Snapshots: 7
Epoch 2 | Batch  40000 | Loss: 2.2556 | LR: 0.023695 | Tokens/s: 26170 | Snapshots: 8
Epoch 2 | Batch  41000 | Loss: 2.2549 | LR: 0.023687 | Tokens/s: 26329 | Snapshots: 8
Epoch 2 | Batch  42000 | Loss: 2.2553 | LR: 0.023679 | Tokens/s: 26480 | Snapshots: 8
Epoch 2 | Batch  43000 | Loss: 2.2552 | LR: 0.023672 | Tokens/s: 26605 | Snapshots: 8
Epoch 2 | Batch  44000 | Loss: 2.2560 | LR: 0.023664 | Tokens/s: 26725 | Snapshots: 8
Epoch 2 | Batch  45000 | Loss: 2.2561 | LR: 0.023656 | Tokens/s: 26820 | Snapshots: 9
Epoch 2 | Batch  46000 | Loss: 2.2556 | LR: 0.023649 | Tokens/s: 26920 | Snapshots: 9
Epoch 2 | Batch  47000 | Loss: 2.2557 | LR: 0.023641 | Tokens/s: 27015 | Snapshots: 9
Epoch 2 | Batch  48000 | Loss: 2.2545 | LR: 0.023633 | Tokens/s: 27122 | Snapshots: 9
Epoch 2 | Batch  49000 | Loss: 2.2550 | LR: 0.023626 | Tokens/s: 27227 | Snapshots: 9
Epoch 2 | Batch  50000 | Loss: 2.2545 | LR: 0.023618 | Tokens/s: 27307 | Snapshots: 10
Epoch 2 | Batch  51000 | Loss: 2.2537 | LR: 0.023611 | Tokens/s: 27405 | Snapshots: 10
Epoch 2 | Batch  52000 | Loss: 2.2534 | LR: 0.023603 | Tokens/s: 27497 | Snapshots: 10
Epoch 2 | Batch  53000 | Loss: 2.2536 | LR: 0.023595 | Tokens/s: 27592 | Snapshots: 10
Epoch 2 | Batch  54000 | Loss: 2.2541 | LR: 0.023588 | Tokens/s: 27687 | Snapshots: 10
Epoch 2 | Batch  55000 | Loss: 2.2545 | LR: 0.023580 | Tokens/s: 27775 | Snapshots: 11
Epoch 2 | Batch  56000 | Loss: 2.2542 | LR: 0.023572 | Tokens/s: 27859 | Snapshots: 11
Epoch 2 | Batch  57000 | Loss: 2.2526 | LR: 0.023565 | Tokens/s: 27935 | Snapshots: 11
Epoch 2 | Batch  58000 | Loss: 2.2530 | LR: 0.023557 | Tokens/s: 27993 | Snapshots: 11
Epoch 2 | Batch  59000 | Loss: 2.2518 | LR: 0.023549 | Tokens/s: 28068 | Snapshots: 11
Epoch 2 | Batch  60000 | Loss: 2.2518 | LR: 0.023542 | Tokens/s: 28144 | Snapshots: 12
Epoch 2 | Batch  61000 | Loss: 2.2517 | LR: 0.023534 | Tokens/s: 28212 | Snapshots: 12
Epoch 2 | Batch  62000 | Loss: 2.2514 | LR: 0.023526 | Tokens/s: 28284 | Snapshots: 12
Epoch 2 | Batch  63000 | Loss: 2.2514 | LR: 0.023519 | Tokens/s: 28343 | Snapshots: 12
Epoch 2 | Batch  64000 | Loss: 2.2512 | LR: 0.023511 | Tokens/s: 28413 | Snapshots: 12
Epoch 2 | Batch  65000 | Loss: 2.2504 | LR: 0.023503 | Tokens/s: 28480 | Snapshots: 13
Epoch 2 | Batch  66000 | Loss: 2.2502 | LR: 0.023496 | Tokens/s: 28543 | Snapshots: 13
Epoch 2 | Batch  67000 | Loss: 2.2498 | LR: 0.023488 | Tokens/s: 28597 | Snapshots: 13
Epoch 2 | Batch  68000 | Loss: 2.2497 | LR: 0.023480 | Tokens/s: 28645 | Snapshots: 13
Epoch 2 | Batch  69000 | Loss: 2.2502 | LR: 0.023473 | Tokens/s: 28700 | Snapshots: 13
Epoch 2 | Batch  70000 | Loss: 2.2488 | LR: 0.023465 | Tokens/s: 28765 | Snapshots: 14
Epoch 2 | Batch  71000 | Loss: 2.2490 | LR: 0.023457 | Tokens/s: 28824 | Snapshots: 14
Epoch 2 | Batch  72000 | Loss: 2.2494 | LR: 0.023450 | Tokens/s: 28867 | Snapshots: 14
Epoch 2 | Batch  73000 | Loss: 2.2491 | LR: 0.023442 | Tokens/s: 28910 | Snapshots: 14
Epoch 2 | Batch  74000 | Loss: 2.2485 | LR: 0.023434 | Tokens/s: 28961 | Snapshots: 14
Epoch 2 | Batch  75000 | Loss: 2.2478 | LR: 0.023427 | Tokens/s: 29010 | Snapshots: 15
Epoch 2 | Batch  76000 | Loss: 2.2477 | LR: 0.023419 | Tokens/s: 29053 | Snapshots: 15
Epoch 2 | Batch  77000 | Loss: 2.2480 | LR: 0.023411 | Tokens/s: 29091 | Snapshots: 15
Epoch 2 | Batch  78000 | Loss: 2.2476 | LR: 0.023404 | Tokens/s: 29139 | Snapshots: 15
Epoch 2 | Batch  79000 | Loss: 2.2474 | LR: 0.023396 | Tokens/s: 29180 | Snapshots: 15
Epoch 2 | Batch  80000 | Loss: 2.2476 | LR: 0.023388 | Tokens/s: 29230 | Snapshots: 16
Epoch 2 | Batch  81000 | Loss: 2.2478 | LR: 0.023381 | Tokens/s: 29257 | Snapshots: 16
Epoch 2 | Batch  82000 | Loss: 2.2472 | LR: 0.023373 | Tokens/s: 29292 | Snapshots: 16
Epoch 2 | Batch  83000 | Loss: 2.2475 | LR: 0.023366 | Tokens/s: 29331 | Snapshots: 16
Epoch 2 | Batch  84000 | Loss: 2.2474 | LR: 0.023358 | Tokens/s: 29368 | Snapshots: 16
Epoch 2 | Batch  85000 | Loss: 2.2475 | LR: 0.023350 | Tokens/s: 29404 | Snapshots: 17
Epoch 2 | Batch  86000 | Loss: 2.2472 | LR: 0.023343 | Tokens/s: 29440 | Snapshots: 17
Epoch 2 | Batch  87000 | Loss: 2.2473 | LR: 0.023335 | Tokens/s: 29479 | Snapshots: 17
Epoch 2 | Batch  88000 | Loss: 2.2473 | LR: 0.023327 | Tokens/s: 29518 | Snapshots: 17
Epoch 2 | Batch  89000 | Loss: 2.2472 | LR: 0.023320 | Tokens/s: 29556 | Snapshots: 17
Epoch 2 | Batch  90000 | Loss: 2.2466 | LR: 0.023312 | Tokens/s: 29594 | Snapshots: 18
Epoch 2 | Batch  91000 | Loss: 2.2464 | LR: 0.023304 | Tokens/s: 29627 | Snapshots: 18
Epoch 2 | Batch  92000 | Loss: 2.2457 | LR: 0.023297 | Tokens/s: 29667 | Snapshots: 18
Epoch 2 | Batch  93000 | Loss: 2.2452 | LR: 0.023289 | Tokens/s: 29702 | Snapshots: 18
Epoch 2 | Batch  94000 | Loss: 2.2447 | LR: 0.023281 | Tokens/s: 29740 | Snapshots: 18
Epoch 2 | Batch  95000 | Loss: 2.2443 | LR: 0.023274 | Tokens/s: 29776 | Snapshots: 19
Epoch 2 | Batch  96000 | Loss: 2.2438 | LR: 0.023266 | Tokens/s: 29813 | Snapshots: 19
Epoch 2 | Batch  97000 | Loss: 2.2441 | LR: 0.023258 | Tokens/s: 29844 | Snapshots: 19
Epoch 2 | Batch  98000 | Loss: 2.2442 | LR: 0.023251 | Tokens/s: 29886 | Snapshots: 19
Epoch 2 | Batch  99000 | Loss: 2.2433 | LR: 0.023243 | Tokens/s: 29901 | Snapshots: 19
Epoch 2 | Batch 100000 | Loss: 2.2423 | LR: 0.023235 | Tokens/s: 29933 | Snapshots: 20
Epoch 2 | Batch 101000 | Loss: 2.2420 | LR: 0.023228 | Tokens/s: 29962 | Snapshots: 20
Epoch 2 | Batch 102000 | Loss: 2.2419 | LR: 0.023220 | Tokens/s: 29984 | Snapshots: 20
Epoch 2 | Batch 103000 | Loss: 2.2421 | LR: 0.023212 | Tokens/s: 30009 | Snapshots: 20
Epoch 2 | Batch 104000 | Loss: 2.2425 | LR: 0.023205 | Tokens/s: 30024 | Snapshots: 20
Epoch 2 | Batch 105000 | Loss: 2.2418 | LR: 0.023197 | Tokens/s: 30047 | Snapshots: 20
Epoch 2 | Batch 106000 | Loss: 2.2420 | LR: 0.023189 | Tokens/s: 30072 | Snapshots: 20
Epoch 2 | Batch 107000 | Loss: 2.2422 | LR: 0.023182 | Tokens/s: 30098 | Snapshots: 20
Epoch 2 | Batch 108000 | Loss: 2.2424 | LR: 0.023174 | Tokens/s: 30105 | Snapshots: 20
Epoch 2 | Batch 109000 | Loss: 2.2424 | LR: 0.023166 | Tokens/s: 30070 | Snapshots: 20
Epoch 2 | Batch 110000 | Loss: 2.2418 | LR: 0.023159 | Tokens/s: 30050 | Snapshots: 20
Epoch 2 | Batch 111000 | Loss: 2.2411 | LR: 0.023151 | Tokens/s: 30026 | Snapshots: 20
Epoch 2 | Batch 112000 | Loss: 2.2408 | LR: 0.023144 | Tokens/s: 30001 | Snapshots: 20
Epoch 2 | Batch 113000 | Loss: 2.2404 | LR: 0.023136 | Tokens/s: 29985 | Snapshots: 20
Epoch 2 | Batch 114000 | Loss: 2.2402 | LR: 0.023128 | Tokens/s: 29956 | Snapshots: 20
Epoch 2 | Batch 115000 | Loss: 2.2397 | LR: 0.023121 | Tokens/s: 29934 | Snapshots: 20
Epoch 2 | Batch 116000 | Loss: 2.2399 | LR: 0.023113 | Tokens/s: 29911 | Snapshots: 20
Epoch 2 | Batch 117000 | Loss: 2.2395 | LR: 0.023105 | Tokens/s: 29891 | Snapshots: 20
Epoch 2 | Batch 118000 | Loss: 2.2392 | LR: 0.023098 | Tokens/s: 29867 | Snapshots: 20
Epoch 2 | Batch 119000 | Loss: 2.2377 | LR: 0.023090 | Tokens/s: 29846 | Snapshots: 20
Epoch 2 | Batch 120000 | Loss: 2.2367 | LR: 0.023082 | Tokens/s: 29820 | Snapshots: 20
Epoch 2 | Batch 121000 | Loss: 2.2367 | LR: 0.023075 | Tokens/s: 29799 | Snapshots: 20
Epoch 2 | Batch 122000 | Loss: 2.2366 | LR: 0.023067 | Tokens/s: 29774 | Snapshots: 20
Epoch 2 | Batch 123000 | Loss: 2.2363 | LR: 0.023059 | Tokens/s: 29752 | Snapshots: 20
Epoch 2 | Batch 124000 | Loss: 2.2363 | LR: 0.023052 | Tokens/s: 29727 | Snapshots: 20
Epoch 2 | Batch 125000 | Loss: 2.2361 | LR: 0.023044 | Tokens/s: 29708 | Snapshots: 20
Epoch 2 | Batch 126000 | Loss: 2.2361 | LR: 0.023036 | Tokens/s: 29690 | Snapshots: 20
Epoch 2 | Batch 127000 | Loss: 2.2360 | LR: 0.023029 | Tokens/s: 29667 | Snapshots: 20
Epoch 2 | Batch 128000 | Loss: 2.2359 | LR: 0.023021 | Tokens/s: 29651 | Snapshots: 20
Epoch 2 | Batch 129000 | Loss: 2.2358 | LR: 0.023013 | Tokens/s: 29630 | Snapshots: 20
Epoch 2 | Batch 130000 | Loss: 2.2360 | LR: 0.023006 | Tokens/s: 29614 | Snapshots: 20

=== Epoch 2 summary ===
Time: 1130.3s | Loss: 2.2361 | Tokens/s: 29552 | Batches: 130483
--------------------------------------------------
  [SGLD] Using centroid embedding (from 1305 samples)
Epoch 3 | Batch   1000 | Loss: 2.2337 | LR: 0.022994 | Tokens/s: 8909 | Snapshots: 20
Epoch 3 | Batch   2000 | Loss: 2.2019 | LR: 0.022987 | Tokens/s: 13490 | Snapshots: 20
Epoch 3 | Batch   3000 | Loss: 2.2116 | LR: 0.022979 | Tokens/s: 16201 | Snapshots: 20
Epoch 3 | Batch   4000 | Loss: 2.2119 | LR: 0.022971 | Tokens/s: 18108 | Snapshots: 20
Epoch 3 | Batch   5000 | Loss: 2.2136 | LR: 0.022964 | Tokens/s: 19380 | Snapshots: 20
Epoch 3 | Batch   6000 | Loss: 2.2150 | LR: 0.022956 | Tokens/s: 20315 | Snapshots: 20
Epoch 3 | Batch   7000 | Loss: 2.2154 | LR: 0.022948 | Tokens/s: 21107 | Snapshots: 20
Epoch 3 | Batch   8000 | Loss: 2.2136 | LR: 0.022941 | Tokens/s: 21715 | Snapshots: 20
Epoch 3 | Batch   9000 | Loss: 2.2123 | LR: 0.022933 | Tokens/s: 22243 | Snapshots: 20
Epoch 3 | Batch  10000 | Loss: 2.2117 | LR: 0.022925 | Tokens/s: 22665 | Snapshots: 20
Epoch 3 | Batch  11000 | Loss: 2.2128 | LR: 0.022918 | Tokens/s: 22979 | Snapshots: 20
Epoch 3 | Batch  12000 | Loss: 2.2120 | LR: 0.022910 | Tokens/s: 23269 | Snapshots: 20
Epoch 3 | Batch  13000 | Loss: 2.2096 | LR: 0.022902 | Tokens/s: 23323 | Snapshots: 20
Epoch 3 | Batch  14000 | Loss: 2.2110 | LR: 0.022895 | Tokens/s: 23204 | Snapshots: 20
Epoch 3 | Batch  15000 | Loss: 2.2099 | LR: 0.022887 | Tokens/s: 23218 | Snapshots: 20
Epoch 3 | Batch  16000 | Loss: 2.2111 | LR: 0.022880 | Tokens/s: 23363 | Snapshots: 20
Epoch 3 | Batch  17000 | Loss: 2.2106 | LR: 0.022872 | Tokens/s: 22604 | Snapshots: 20
Epoch 3 | Batch  18000 | Loss: 2.2114 | LR: 0.022864 | Tokens/s: 22227 | Snapshots: 20
Epoch 3 | Batch  19000 | Loss: 2.2028 | LR: 0.022857 | Tokens/s: 22133 | Snapshots: 20
Epoch 3 | Batch  20000 | Loss: 2.2039 | LR: 0.022849 | Tokens/s: 22052 | Snapshots: 20
Epoch 3 | Batch  21000 | Loss: 2.2028 | LR: 0.022841 | Tokens/s: 21882 | Snapshots: 20
Epoch 3 | Batch  22000 | Loss: 2.2039 | LR: 0.022834 | Tokens/s: 21839 | Snapshots: 20
Epoch 3 | Batch  23000 | Loss: 2.2039 | LR: 0.022826 | Tokens/s: 21787 | Snapshots: 20
Epoch 3 | Batch  24000 | Loss: 2.2039 | LR: 0.022818 | Tokens/s: 21733 | Snapshots: 20
Epoch 3 | Batch  25000 | Loss: 2.2030 | LR: 0.022811 | Tokens/s: 21679 | Snapshots: 20
Epoch 3 | Batch  26000 | Loss: 2.2025 | LR: 0.022803 | Tokens/s: 21626 | Snapshots: 20
Epoch 3 | Batch  27000 | Loss: 2.2031 | LR: 0.022795 | Tokens/s: 21577 | Snapshots: 20
Epoch 3 | Batch  28000 | Loss: 2.2045 | LR: 0.022788 | Tokens/s: 21542 | Snapshots: 20
Epoch 3 | Batch  29000 | Loss: 2.2065 | LR: 0.022780 | Tokens/s: 21505 | Snapshots: 20
Epoch 3 | Batch  30000 | Loss: 2.2069 | LR: 0.022772 | Tokens/s: 21475 | Snapshots: 20
Epoch 3 | Batch  31000 | Loss: 2.2059 | LR: 0.022765 | Tokens/s: 21455 | Snapshots: 20
Epoch 3 | Batch  32000 | Loss: 2.2001 | LR: 0.022757 | Tokens/s: 21425 | Snapshots: 20
Epoch 3 | Batch  33000 | Loss: 2.1982 | LR: 0.022749 | Tokens/s: 21380 | Snapshots: 20
Epoch 3 | Batch  34000 | Loss: 2.1989 | LR: 0.022742 | Tokens/s: 21346 | Snapshots: 20
Epoch 3 | Batch  35000 | Loss: 2.1981 | LR: 0.022734 | Tokens/s: 21330 | Snapshots: 20
Epoch 3 | Batch  36000 | Loss: 2.1974 | LR: 0.022726 | Tokens/s: 21318 | Snapshots: 20
Epoch 3 | Batch  37000 | Loss: 2.1965 | LR: 0.022719 | Tokens/s: 21312 | Snapshots: 20
Epoch 3 | Batch  38000 | Loss: 2.1961 | LR: 0.022711 | Tokens/s: 21323 | Snapshots: 20
Epoch 3 | Batch  39000 | Loss: 2.1943 | LR: 0.022703 | Tokens/s: 21330 | Snapshots: 20
Epoch 3 | Batch  40000 | Loss: 2.1928 | LR: 0.022696 | Tokens/s: 21339 | Snapshots: 20
Epoch 3 | Batch  41000 | Loss: 2.1920 | LR: 0.022688 | Tokens/s: 21319 | Snapshots: 20
Epoch 3 | Batch  42000 | Loss: 2.1926 | LR: 0.022680 | Tokens/s: 21304 | Snapshots: 20
Epoch 3 | Batch  43000 | Loss: 2.1929 | LR: 0.022673 | Tokens/s: 21283 | Snapshots: 20
Epoch 3 | Batch  44000 | Loss: 2.1940 | LR: 0.022665 | Tokens/s: 21249 | Snapshots: 20
Epoch 3 | Batch  45000 | Loss: 2.1943 | LR: 0.022657 | Tokens/s: 21222 | Snapshots: 20
Epoch 3 | Batch  46000 | Loss: 2.1941 | LR: 0.022650 | Tokens/s: 21213 | Snapshots: 20
Epoch 3 | Batch  47000 | Loss: 2.1945 | LR: 0.022642 | Tokens/s: 21336 | Snapshots: 20
Epoch 3 | Batch  48000 | Loss: 2.1938 | LR: 0.022635 | Tokens/s: 21410 | Snapshots: 20
Epoch 3 | Batch  49000 | Loss: 2.1943 | LR: 0.022627 | Tokens/s: 21477 | Snapshots: 20
Epoch 3 | Batch  50000 | Loss: 2.1943 | LR: 0.022619 | Tokens/s: 21529 | Snapshots: 20
Epoch 3 | Batch  51000 | Loss: 2.1936 | LR: 0.022612 | Tokens/s: 21571 | Snapshots: 20
Epoch 3 | Batch  52000 | Loss: 2.1938 | LR: 0.022604 | Tokens/s: 21610 | Snapshots: 20
Epoch 3 | Batch  53000 | Loss: 2.1939 | LR: 0.022596 | Tokens/s: 21653 | Snapshots: 20
Epoch 3 | Batch  54000 | Loss: 2.1945 | LR: 0.022589 | Tokens/s: 21696 | Snapshots: 20
Epoch 3 | Batch  55000 | Loss: 2.1950 | LR: 0.022581 | Tokens/s: 21744 | Snapshots: 20
Epoch 3 | Batch  56000 | Loss: 2.1951 | LR: 0.022573 | Tokens/s: 21788 | Snapshots: 20
Epoch 3 | Batch  57000 | Loss: 2.1939 | LR: 0.022566 | Tokens/s: 21822 | Snapshots: 20
Epoch 3 | Batch  58000 | Loss: 2.1944 | LR: 0.022558 | Tokens/s: 21856 | Snapshots: 20
Epoch 3 | Batch  59000 | Loss: 2.1937 | LR: 0.022550 | Tokens/s: 21894 | Snapshots: 20
Epoch 3 | Batch  60000 | Loss: 2.1938 | LR: 0.022543 | Tokens/s: 21939 | Snapshots: 20
Epoch 3 | Batch  61000 | Loss: 2.1940 | LR: 0.022535 | Tokens/s: 21977 | Snapshots: 20
Epoch 3 | Batch  62000 | Loss: 2.1937 | LR: 0.022527 | Tokens/s: 22016 | Snapshots: 20
Epoch 3 | Batch  63000 | Loss: 2.1940 | LR: 0.022520 | Tokens/s: 22044 | Snapshots: 20
Epoch 3 | Batch  64000 | Loss: 2.1938 | LR: 0.022512 | Tokens/s: 22070 | Snapshots: 20
Epoch 3 | Batch  65000 | Loss: 2.1932 | LR: 0.022504 | Tokens/s: 22093 | Snapshots: 20
Epoch 3 | Batch  66000 | Loss: 2.1933 | LR: 0.022497 | Tokens/s: 22117 | Snapshots: 20
Epoch 3 | Batch  67000 | Loss: 2.1930 | LR: 0.022489 | Tokens/s: 22146 | Snapshots: 20
Epoch 3 | Batch  68000 | Loss: 2.1933 | LR: 0.022481 | Tokens/s: 22169 | Snapshots: 20
Epoch 3 | Batch  69000 | Loss: 2.1940 | LR: 0.022474 | Tokens/s: 22200 | Snapshots: 20
Epoch 3 | Batch  70000 | Loss: 2.1924 | LR: 0.022466 | Tokens/s: 22230 | Snapshots: 20
Epoch 3 | Batch  71000 | Loss: 2.1927 | LR: 0.022458 | Tokens/s: 22258 | Snapshots: 20
Epoch 3 | Batch  72000 | Loss: 2.1931 | LR: 0.022451 | Tokens/s: 22292 | Snapshots: 20
Epoch 3 | Batch  73000 | Loss: 2.1930 | LR: 0.022443 | Tokens/s: 22323 | Snapshots: 20
Epoch 3 | Batch  74000 | Loss: 2.1927 | LR: 0.022435 | Tokens/s: 22349 | Snapshots: 20
Epoch 3 | Batch  75000 | Loss: 2.1921 | LR: 0.022428 | Tokens/s: 22370 | Snapshots: 20
Epoch 3 | Batch  76000 | Loss: 2.1921 | LR: 0.022420 | Tokens/s: 22394 | Snapshots: 20
Epoch 3 | Batch  77000 | Loss: 2.1926 | LR: 0.022412 | Tokens/s: 22415 | Snapshots: 20
Epoch 3 | Batch  78000 | Loss: 2.1923 | LR: 0.022405 | Tokens/s: 22440 | Snapshots: 20
Epoch 3 | Batch  79000 | Loss: 2.1922 | LR: 0.022397 | Tokens/s: 22468 | Snapshots: 20
Epoch 3 | Batch  80000 | Loss: 2.1925 | LR: 0.022390 | Tokens/s: 22507 | Snapshots: 20
Epoch 3 | Batch  81000 | Loss: 2.1928 | LR: 0.022382 | Tokens/s: 22555 | Snapshots: 20
Epoch 3 | Batch  82000 | Loss: 2.1923 | LR: 0.022374 | Tokens/s: 22578 | Snapshots: 20
Epoch 3 | Batch  83000 | Loss: 2.1927 | LR: 0.022367 | Tokens/s: 22596 | Snapshots: 20
Epoch 3 | Batch  84000 | Loss: 2.1926 | LR: 0.022359 | Tokens/s: 22609 | Snapshots: 20
Epoch 3 | Batch  85000 | Loss: 2.1929 | LR: 0.022351 | Tokens/s: 22632 | Snapshots: 20
Epoch 3 | Batch  86000 | Loss: 2.1924 | LR: 0.022344 | Tokens/s: 22650 | Snapshots: 20
Epoch 3 | Batch  87000 | Loss: 2.1927 | LR: 0.022336 | Tokens/s: 22668 | Snapshots: 20
Epoch 3 | Batch  88000 | Loss: 2.1928 | LR: 0.022328 | Tokens/s: 22691 | Snapshots: 20
Epoch 3 | Batch  89000 | Loss: 2.1929 | LR: 0.022321 | Tokens/s: 22717 | Snapshots: 20
Epoch 3 | Batch  90000 | Loss: 2.1925 | LR: 0.022313 | Tokens/s: 22741 | Snapshots: 20
Epoch 3 | Batch  91000 | Loss: 2.1925 | LR: 0.022305 | Tokens/s: 22762 | Snapshots: 20
Epoch 3 | Batch  92000 | Loss: 2.1919 | LR: 0.022298 | Tokens/s: 22778 | Snapshots: 20
Epoch 3 | Batch  93000 | Loss: 2.1915 | LR: 0.022290 | Tokens/s: 22798 | Snapshots: 20
Epoch 3 | Batch  94000 | Loss: 2.1910 | LR: 0.022282 | Tokens/s: 22818 | Snapshots: 20
Epoch 3 | Batch  95000 | Loss: 2.1907 | LR: 0.022275 | Tokens/s: 22842 | Snapshots: 20
Epoch 3 | Batch  96000 | Loss: 2.1902 | LR: 0.022267 | Tokens/s: 22870 | Snapshots: 20
Epoch 3 | Batch  97000 | Loss: 2.1906 | LR: 0.022259 | Tokens/s: 22895 | Snapshots: 20
Epoch 3 | Batch  98000 | Loss: 2.1909 | LR: 0.022252 | Tokens/s: 22918 | Snapshots: 20
Epoch 3 | Batch  99000 | Loss: 2.1901 | LR: 0.022244 | Tokens/s: 22936 | Snapshots: 20
Epoch 3 | Batch 100000 | Loss: 2.1891 | LR: 0.022236 | Tokens/s: 22956 | Snapshots: 20
Epoch 3 | Batch 101000 | Loss: 2.1889 | LR: 0.022229 | Tokens/s: 22973 | Snapshots: 20
Epoch 3 | Batch 102000 | Loss: 2.1890 | LR: 0.022221 | Tokens/s: 22993 | Snapshots: 20
Epoch 3 | Batch 103000 | Loss: 2.1894 | LR: 0.022213 | Tokens/s: 23010 | Snapshots: 20
Epoch 3 | Batch 104000 | Loss: 2.1899 | LR: 0.022206 | Tokens/s: 23032 | Snapshots: 20
Epoch 3 | Batch 105000 | Loss: 2.1894 | LR: 0.022198 | Tokens/s: 23050 | Snapshots: 20
Epoch 3 | Batch 106000 | Loss: 2.1897 | LR: 0.022190 | Tokens/s: 23071 | Snapshots: 20
Epoch 3 | Batch 107000 | Loss: 2.1898 | LR: 0.022183 | Tokens/s: 23085 | Snapshots: 20
Epoch 3 | Batch 108000 | Loss: 2.1901 | LR: 0.022175 | Tokens/s: 23099 | Snapshots: 20
Epoch 3 | Batch 109000 | Loss: 2.1901 | LR: 0.022167 | Tokens/s: 23117 | Snapshots: 20
Epoch 3 | Batch 110000 | Loss: 2.1898 | LR: 0.022160 | Tokens/s: 23127 | Snapshots: 20
Epoch 3 | Batch 111000 | Loss: 2.1891 | LR: 0.022152 | Tokens/s: 23141 | Snapshots: 20
Epoch 3 | Batch 112000 | Loss: 2.1888 | LR: 0.022145 | Tokens/s: 23155 | Snapshots: 20
Epoch 3 | Batch 113000 | Loss: 2.1884 | LR: 0.022137 | Tokens/s: 23168 | Snapshots: 20
Epoch 3 | Batch 114000 | Loss: 2.1883 | LR: 0.022129 | Tokens/s: 23187 | Snapshots: 20
Epoch 3 | Batch 115000 | Loss: 2.1878 | LR: 0.022122 | Tokens/s: 23207 | Snapshots: 20
Epoch 3 | Batch 116000 | Loss: 2.1881 | LR: 0.022114 | Tokens/s: 23220 | Snapshots: 20
Epoch 3 | Batch 117000 | Loss: 2.1877 | LR: 0.022106 | Tokens/s: 23237 | Snapshots: 20
Epoch 3 | Batch 118000 | Loss: 2.1876 | LR: 0.022099 | Tokens/s: 23256 | Snapshots: 20
Epoch 3 | Batch 119000 | Loss: 2.1862 | LR: 0.022091 | Tokens/s: 23269 | Snapshots: 20
Epoch 3 | Batch 120000 | Loss: 2.1852 | LR: 0.022083 | Tokens/s: 23280 | Snapshots: 20
Epoch 3 | Batch 121000 | Loss: 2.1853 | LR: 0.022076 | Tokens/s: 23287 | Snapshots: 20
Epoch 3 | Batch 122000 | Loss: 2.1853 | LR: 0.022068 | Tokens/s: 23297 | Snapshots: 20
Epoch 3 | Batch 123000 | Loss: 2.1851 | LR: 0.022060 | Tokens/s: 23308 | Snapshots: 20
Epoch 3 | Batch 124000 | Loss: 2.1854 | LR: 0.022053 | Tokens/s: 23322 | Snapshots: 20
Epoch 3 | Batch 125000 | Loss: 2.1852 | LR: 0.022045 | Tokens/s: 23335 | Snapshots: 20
Epoch 3 | Batch 126000 | Loss: 2.1853 | LR: 0.022037 | Tokens/s: 23343 | Snapshots: 20
Epoch 3 | Batch 127000 | Loss: 2.1851 | LR: 0.022030 | Tokens/s: 23358 | Snapshots: 20
Epoch 3 | Batch 128000 | Loss: 2.1851 | LR: 0.022022 | Tokens/s: 23370 | Snapshots: 20
Epoch 3 | Batch 129000 | Loss: 2.1850 | LR: 0.022014 | Tokens/s: 23384 | Snapshots: 20
Epoch 3 | Batch 130000 | Loss: 2.1853 | LR: 0.022007 | Tokens/s: 23398 | Snapshots: 20

=== Epoch 3 summary ===
Time: 1429.9s | Loss: 2.1854 | Tokens/s: 23366 | Batches: 130517
--------------------------------------------------
  [SGLD] Using centroid embedding (from 2610 samples)
Epoch 4 | Batch   1000 | Loss: 2.2051 | LR: 0.021995 | Tokens/s: 8254 | Snapshots: 20
Epoch 4 | Batch   2000 | Loss: 2.1700 | LR: 0.021987 | Tokens/s: 12436 | Snapshots: 20
Epoch 4 | Batch   3000 | Loss: 2.1790 | LR: 0.021980 | Tokens/s: 15004 | Snapshots: 20
Epoch 4 | Batch   4000 | Loss: 2.1751 | LR: 0.021972 | Tokens/s: 16724 | Snapshots: 20
Epoch 4 | Batch   5000 | Loss: 2.1767 | LR: 0.021964 | Tokens/s: 17978 | Snapshots: 20
Epoch 4 | Batch   6000 | Loss: 2.1770 | LR: 0.021957 | Tokens/s: 18909 | Snapshots: 20
Epoch 4 | Batch   7000 | Loss: 2.1770 | LR: 0.021949 | Tokens/s: 19622 | Snapshots: 20
Epoch 4 | Batch   8000 | Loss: 2.1753 | LR: 0.021942 | Tokens/s: 20198 | Snapshots: 20
Epoch 4 | Batch   9000 | Loss: 2.1748 | LR: 0.021934 | Tokens/s: 20643 | Snapshots: 20
Epoch 4 | Batch  10000 | Loss: 2.1747 | LR: 0.021926 | Tokens/s: 21048 | Snapshots: 20
Epoch 4 | Batch  11000 | Loss: 2.1759 | LR: 0.021919 | Tokens/s: 21380 | Snapshots: 20
Epoch 4 | Batch  12000 | Loss: 2.1750 | LR: 0.021911 | Tokens/s: 21590 | Snapshots: 20
Epoch 4 | Batch  13000 | Loss: 2.1725 | LR: 0.021903 | Tokens/s: 21848 | Snapshots: 20
Epoch 4 | Batch  14000 | Loss: 2.1735 | LR: 0.021896 | Tokens/s: 22024 | Snapshots: 20
Epoch 4 | Batch  15000 | Loss: 2.1723 | LR: 0.021888 | Tokens/s: 22185 | Snapshots: 20
Epoch 4 | Batch  16000 | Loss: 2.1735 | LR: 0.021880 | Tokens/s: 22317 | Snapshots: 20
Epoch 4 | Batch  17000 | Loss: 2.1732 | LR: 0.021873 | Tokens/s: 22434 | Snapshots: 20
Epoch 4 | Batch  18000 | Loss: 2.1739 | LR: 0.021865 | Tokens/s: 22555 | Snapshots: 20
Epoch 4 | Batch  19000 | Loss: 2.1654 | LR: 0.021857 | Tokens/s: 22661 | Snapshots: 20
Epoch 4 | Batch  20000 | Loss: 2.1667 | LR: 0.021850 | Tokens/s: 22785 | Snapshots: 20
Epoch 4 | Batch  21000 | Loss: 2.1660 | LR: 0.021842 | Tokens/s: 22895 | Snapshots: 20
Epoch 4 | Batch  22000 | Loss: 2.1673 | LR: 0.021834 | Tokens/s: 22998 | Snapshots: 20
Epoch 4 | Batch  23000 | Loss: 2.1677 | LR: 0.021827 | Tokens/s: 23115 | Snapshots: 20
Epoch 4 | Batch  24000 | Loss: 2.1675 | LR: 0.021819 | Tokens/s: 23221 | Snapshots: 20
Epoch 4 | Batch  25000 | Loss: 2.1669 | LR: 0.021811 | Tokens/s: 23299 | Snapshots: 20
Epoch 4 | Batch  26000 | Loss: 2.1665 | LR: 0.021804 | Tokens/s: 23359 | Snapshots: 20
Epoch 4 | Batch  27000 | Loss: 2.1669 | LR: 0.021796 | Tokens/s: 23417 | Snapshots: 20
Epoch 4 | Batch  28000 | Loss: 2.1689 | LR: 0.021788 | Tokens/s: 23482 | Snapshots: 20
Epoch 4 | Batch  29000 | Loss: 2.1708 | LR: 0.021781 | Tokens/s: 23542 | Snapshots: 20
Epoch 4 | Batch  30000 | Loss: 2.1713 | LR: 0.021773 | Tokens/s: 23593 | Snapshots: 20
Epoch 4 | Batch  31000 | Loss: 2.1700 | LR: 0.021765 | Tokens/s: 23651 | Snapshots: 20
Epoch 4 | Batch  32000 | Loss: 2.1642 | LR: 0.021758 | Tokens/s: 23741 | Snapshots: 20
Epoch 4 | Batch  33000 | Loss: 2.1624 | LR: 0.021750 | Tokens/s: 23850 | Snapshots: 20
Epoch 4 | Batch  34000 | Loss: 2.1634 | LR: 0.021742 | Tokens/s: 23977 | Snapshots: 20
Epoch 4 | Batch  35000 | Loss: 2.1626 | LR: 0.021735 | Tokens/s: 24161 | Snapshots: 20
Epoch 4 | Batch  36000 | Loss: 2.1617 | LR: 0.021727 | Tokens/s: 24349 | Snapshots: 20
Epoch 4 | Batch  37000 | Loss: 2.1612 | LR: 0.021719 | Tokens/s: 24525 | Snapshots: 20
Epoch 4 | Batch  38000 | Loss: 2.1611 | LR: 0.021712 | Tokens/s: 24725 | Snapshots: 20
Epoch 4 | Batch  39000 | Loss: 2.1590 | LR: 0.021704 | Tokens/s: 24906 | Snapshots: 20
Epoch 4 | Batch  40000 | Loss: 2.1576 | LR: 0.021697 | Tokens/s: 25078 | Snapshots: 20
Epoch 4 | Batch  41000 | Loss: 2.1569 | LR: 0.021689 | Tokens/s: 25248 | Snapshots: 20
Epoch 4 | Batch  42000 | Loss: 2.1575 | LR: 0.021681 | Tokens/s: 25406 | Snapshots: 20
Epoch 4 | Batch  43000 | Loss: 2.1575 | LR: 0.021674 | Tokens/s: 25560 | Snapshots: 20
Epoch 4 | Batch  44000 | Loss: 2.1587 | LR: 0.021666 | Tokens/s: 25695 | Snapshots: 20
Epoch 4 | Batch  45000 | Loss: 2.1590 | LR: 0.021658 | Tokens/s: 25812 | Snapshots: 20
Epoch 4 | Batch  46000 | Loss: 2.1588 | LR: 0.021651 | Tokens/s: 25944 | Snapshots: 20
Epoch 4 | Batch  47000 | Loss: 2.1592 | LR: 0.021643 | Tokens/s: 26079 | Snapshots: 20
Epoch 4 | Batch  48000 | Loss: 2.1587 | LR: 0.021635 | Tokens/s: 26212 | Snapshots: 20
Epoch 4 | Batch  49000 | Loss: 2.1592 | LR: 0.021628 | Tokens/s: 26344 | Snapshots: 20
Epoch 4 | Batch  50000 | Loss: 2.1590 | LR: 0.021620 | Tokens/s: 26480 | Snapshots: 20
Epoch 4 | Batch  51000 | Loss: 2.1584 | LR: 0.021612 | Tokens/s: 26597 | Snapshots: 20
Epoch 4 | Batch  52000 | Loss: 2.1584 | LR: 0.021605 | Tokens/s: 26707 | Snapshots: 20
Epoch 4 | Batch  53000 | Loss: 2.1587 | LR: 0.021597 | Tokens/s: 26846 | Snapshots: 20
Epoch 4 | Batch  54000 | Loss: 2.1594 | LR: 0.021589 | Tokens/s: 26982 | Snapshots: 20
Epoch 4 | Batch  55000 | Loss: 2.1601 | LR: 0.021582 | Tokens/s: 27103 | Snapshots: 20
Epoch 4 | Batch  56000 | Loss: 2.1602 | LR: 0.021574 | Tokens/s: 27209 | Snapshots: 20
Epoch 4 | Batch  57000 | Loss: 2.1591 | LR: 0.021566 | Tokens/s: 27319 | Snapshots: 20
Epoch 4 | Batch  58000 | Loss: 2.1598 | LR: 0.021559 | Tokens/s: 27413 | Snapshots: 20
Epoch 4 | Batch  59000 | Loss: 2.1589 | LR: 0.021551 | Tokens/s: 27516 | Snapshots: 20
Epoch 4 | Batch  60000 | Loss: 2.1590 | LR: 0.021543 | Tokens/s: 27606 | Snapshots: 20
Epoch 4 | Batch  61000 | Loss: 2.1593 | LR: 0.021536 | Tokens/s: 27693 | Snapshots: 20
Epoch 4 | Batch  62000 | Loss: 2.1593 | LR: 0.021528 | Tokens/s: 27776 | Snapshots: 20
Epoch 4 | Batch  63000 | Loss: 2.1595 | LR: 0.021520 | Tokens/s: 27868 | Snapshots: 20
Epoch 4 | Batch  64000 | Loss: 2.1595 | LR: 0.021513 | Tokens/s: 27948 | Snapshots: 20
Epoch 4 | Batch  65000 | Loss: 2.1589 | LR: 0.021505 | Tokens/s: 28038 | Snapshots: 20
Epoch 4 | Batch  66000 | Loss: 2.1591 | LR: 0.021497 | Tokens/s: 28111 | Snapshots: 20
Epoch 4 | Batch  67000 | Loss: 2.1590 | LR: 0.021490 | Tokens/s: 28182 | Snapshots: 20
Epoch 4 | Batch  68000 | Loss: 2.1593 | LR: 0.021482 | Tokens/s: 28254 | Snapshots: 20
Epoch 4 | Batch  69000 | Loss: 2.1603 | LR: 0.021474 | Tokens/s: 28316 | Snapshots: 20
Epoch 4 | Batch  70000 | Loss: 2.1587 | LR: 0.021467 | Tokens/s: 28387 | Snapshots: 20
Epoch 4 | Batch  71000 | Loss: 2.1591 | LR: 0.021459 | Tokens/s: 28459 | Snapshots: 20
Epoch 4 | Batch  72000 | Loss: 2.1598 | LR: 0.021452 | Tokens/s: 28520 | Snapshots: 20
Epoch 4 | Batch  73000 | Loss: 2.1597 | LR: 0.021444 | Tokens/s: 28514 | Snapshots: 20
Epoch 4 | Batch  74000 | Loss: 2.1594 | LR: 0.021436 | Tokens/s: 28498 | Snapshots: 20
Epoch 4 | Batch  75000 | Loss: 2.1589 | LR: 0.021429 | Tokens/s: 28489 | Snapshots: 20
Epoch 4 | Batch  76000 | Loss: 2.1590 | LR: 0.021421 | Tokens/s: 28483 | Snapshots: 20
Epoch 4 | Batch  77000 | Loss: 2.1595 | LR: 0.021413 | Tokens/s: 28475 | Snapshots: 20
Epoch 4 | Batch  78000 | Loss: 2.1592 | LR: 0.021406 | Tokens/s: 28427 | Snapshots: 20
Epoch 4 | Batch  79000 | Loss: 2.1592 | LR: 0.021398 | Tokens/s: 28395 | Snapshots: 20
Epoch 4 | Batch  80000 | Loss: 2.1596 | LR: 0.021390 | Tokens/s: 28383 | Snapshots: 20
Epoch 4 | Batch  81000 | Loss: 2.1600 | LR: 0.021383 | Tokens/s: 28371 | Snapshots: 20
Epoch 4 | Batch  82000 | Loss: 2.1596 | LR: 0.021375 | Tokens/s: 28346 | Snapshots: 20
Epoch 4 | Batch  83000 | Loss: 2.1600 | LR: 0.021367 | Tokens/s: 28332 | Snapshots: 20
Epoch 4 | Batch  84000 | Loss: 2.1600 | LR: 0.021360 | Tokens/s: 28300 | Snapshots: 20
Epoch 4 | Batch  85000 | Loss: 2.1604 | LR: 0.021352 | Tokens/s: 28240 | Snapshots: 20
Epoch 4 | Batch  86000 | Loss: 2.1601 | LR: 0.021344 | Tokens/s: 28184 | Snapshots: 20
Epoch 4 | Batch  87000 | Loss: 2.1604 | LR: 0.021337 | Tokens/s: 28137 | Snapshots: 20
Epoch 4 | Batch  88000 | Loss: 2.1606 | LR: 0.021329 | Tokens/s: 28085 | Snapshots: 20
Epoch 4 | Batch  89000 | Loss: 2.1607 | LR: 0.021321 | Tokens/s: 28030 | Snapshots: 20
Epoch 4 | Batch  90000 | Loss: 2.1602 | LR: 0.021314 | Tokens/s: 27987 | Snapshots: 20
Epoch 4 | Batch  91000 | Loss: 2.1601 | LR: 0.021306 | Tokens/s: 27949 | Snapshots: 20
Epoch 4 | Batch  92000 | Loss: 2.1595 | LR: 0.021298 | Tokens/s: 27906 | Snapshots: 20
Epoch 4 | Batch  93000 | Loss: 2.1593 | LR: 0.021291 | Tokens/s: 27862 | Snapshots: 20
Epoch 4 | Batch  94000 | Loss: 2.1590 | LR: 0.021283 | Tokens/s: 27822 | Snapshots: 20
Epoch 4 | Batch  95000 | Loss: 2.1588 | LR: 0.021275 | Tokens/s: 27785 | Snapshots: 20
Epoch 4 | Batch  96000 | Loss: 2.1583 | LR: 0.021268 | Tokens/s: 27748 | Snapshots: 20
Epoch 4 | Batch  97000 | Loss: 2.1589 | LR: 0.021260 | Tokens/s: 27713 | Snapshots: 20
Epoch 4 | Batch  98000 | Loss: 2.1592 | LR: 0.021252 | Tokens/s: 27671 | Snapshots: 20
Epoch 4 | Batch  99000 | Loss: 2.1584 | LR: 0.021245 | Tokens/s: 27634 | Snapshots: 20
Epoch 4 | Batch 100000 | Loss: 2.1575 | LR: 0.021237 | Tokens/s: 27602 | Snapshots: 20
Epoch 4 | Batch 101000 | Loss: 2.1574 | LR: 0.021229 | Tokens/s: 27570 | Snapshots: 20
Epoch 4 | Batch 102000 | Loss: 2.1576 | LR: 0.021222 | Tokens/s: 27539 | Snapshots: 20
Epoch 4 | Batch 103000 | Loss: 2.1580 | LR: 0.021214 | Tokens/s: 27503 | Snapshots: 20
Epoch 4 | Batch 104000 | Loss: 2.1586 | LR: 0.021207 | Tokens/s: 27473 | Snapshots: 20
Epoch 4 | Batch 105000 | Loss: 2.1581 | LR: 0.021199 | Tokens/s: 27434 | Snapshots: 20
Epoch 4 | Batch 106000 | Loss: 2.1584 | LR: 0.021191 | Tokens/s: 27406 | Snapshots: 20
Epoch 4 | Batch 107000 | Loss: 2.1586 | LR: 0.021184 | Tokens/s: 27379 | Snapshots: 20
Epoch 4 | Batch 108000 | Loss: 2.1589 | LR: 0.021176 | Tokens/s: 27355 | Snapshots: 20
Epoch 4 | Batch 109000 | Loss: 2.1590 | LR: 0.021168 | Tokens/s: 27330 | Snapshots: 20
Epoch 4 | Batch 110000 | Loss: 2.1587 | LR: 0.021161 | Tokens/s: 27302 | Snapshots: 20
Epoch 4 | Batch 111000 | Loss: 2.1579 | LR: 0.021153 | Tokens/s: 27270 | Snapshots: 20
Epoch 4 | Batch 112000 | Loss: 2.1577 | LR: 0.021145 | Tokens/s: 27252 | Snapshots: 20
Epoch 4 | Batch 113000 | Loss: 2.1572 | LR: 0.021138 | Tokens/s: 27230 | Snapshots: 20
Epoch 4 | Batch 114000 | Loss: 2.1572 | LR: 0.021130 | Tokens/s: 27205 | Snapshots: 20
Epoch 4 | Batch 115000 | Loss: 2.1567 | LR: 0.021122 | Tokens/s: 27204 | Snapshots: 20
Epoch 4 | Batch 116000 | Loss: 2.1570 | LR: 0.021115 | Tokens/s: 27189 | Snapshots: 20
Epoch 4 | Batch 117000 | Loss: 2.1567 | LR: 0.021107 | Tokens/s: 27167 | Snapshots: 20
Epoch 4 | Batch 118000 | Loss: 2.1566 | LR: 0.021099 | Tokens/s: 27151 | Snapshots: 20
Epoch 4 | Batch 119000 | Loss: 2.1553 | LR: 0.021092 | Tokens/s: 27132 | Snapshots: 20
Epoch 4 | Batch 120000 | Loss: 2.1544 | LR: 0.021084 | Tokens/s: 27117 | Snapshots: 20
Epoch 4 | Batch 121000 | Loss: 2.1546 | LR: 0.021076 | Tokens/s: 27098 | Snapshots: 20
Epoch 4 | Batch 122000 | Loss: 2.1547 | LR: 0.021069 | Tokens/s: 27077 | Snapshots: 20
Epoch 4 | Batch 123000 | Loss: 2.1546 | LR: 0.021061 | Tokens/s: 27050 | Snapshots: 20
Epoch 4 | Batch 124000 | Loss: 2.1548 | LR: 0.021053 | Tokens/s: 27034 | Snapshots: 20
Epoch 4 | Batch 125000 | Loss: 2.1546 | LR: 0.021046 | Tokens/s: 27024 | Snapshots: 20
Epoch 4 | Batch 126000 | Loss: 2.1546 | LR: 0.021038 | Tokens/s: 27015 | Snapshots: 20
Epoch 4 | Batch 127000 | Loss: 2.1546 | LR: 0.021030 | Tokens/s: 27004 | Snapshots: 20
Epoch 4 | Batch 128000 | Loss: 2.1546 | LR: 0.021023 | Tokens/s: 26990 | Snapshots: 20
Epoch 4 | Batch 129000 | Loss: 2.1546 | LR: 0.021015 | Tokens/s: 26974 | Snapshots: 20
Epoch 4 | Batch 130000 | Loss: 2.1550 | LR: 0.021007 | Tokens/s: 26962 | Snapshots: 20

=== Epoch 4 summary ===
Time: 1241.6s | Loss: 2.1551 | Tokens/s: 26904 | Batches: 130484
--------------------------------------------------
  [SGLD] Using centroid embedding (from 3915 samples)
Epoch 5 | Batch   1000 | Loss: 2.1775 | LR: 0.020996 | Tokens/s: 8210 | Snapshots: 20
Epoch 5 | Batch   2000 | Loss: 2.1423 | LR: 0.020988 | Tokens/s: 12367 | Snapshots: 20
Epoch 5 | Batch   3000 | Loss: 2.1509 | LR: 0.020981 | Tokens/s: 14912 | Snapshots: 20
Epoch 5 | Batch   4000 | Loss: 2.1503 | LR: 0.020973 | Tokens/s: 16661 | Snapshots: 20
Epoch 5 | Batch   5000 | Loss: 2.1530 | LR: 0.020965 | Tokens/s: 17929 | Snapshots: 20
Epoch 5 | Batch   6000 | Loss: 2.1542 | LR: 0.020958 | Tokens/s: 18888 | Snapshots: 20
Epoch 5 | Batch   7000 | Loss: 2.1528 | LR: 0.020950 | Tokens/s: 19659 | Snapshots: 20
Epoch 5 | Batch   8000 | Loss: 2.1511 | LR: 0.020943 | Tokens/s: 20243 | Snapshots: 20
Epoch 5 | Batch   9000 | Loss: 2.1503 | LR: 0.020935 | Tokens/s: 20721 | Snapshots: 20
Epoch 5 | Batch  10000 | Loss: 2.1502 | LR: 0.020927 | Tokens/s: 21123 | Snapshots: 20
Epoch 5 | Batch  11000 | Loss: 2.1516 | LR: 0.020920 | Tokens/s: 21439 | Snapshots: 20
Epoch 5 | Batch  12000 | Loss: 2.1508 | LR: 0.020912 | Tokens/s: 21727 | Snapshots: 20
Epoch 5 | Batch  13000 | Loss: 2.1484 | LR: 0.020904 | Tokens/s: 21972 | Snapshots: 20
Epoch 5 | Batch  14000 | Loss: 2.1488 | LR: 0.020897 | Tokens/s: 22197 | Snapshots: 20
Epoch 5 | Batch  15000 | Loss: 2.1469 | LR: 0.020889 | Tokens/s: 22426 | Snapshots: 20
Epoch 5 | Batch  16000 | Loss: 2.1489 | LR: 0.020881 | Tokens/s: 22641 | Snapshots: 20
Epoch 5 | Batch  17000 | Loss: 2.1483 | LR: 0.020874 | Tokens/s: 22835 | Snapshots: 20
Epoch 5 | Batch  18000 | Loss: 2.1493 | LR: 0.020866 | Tokens/s: 22974 | Snapshots: 20
Epoch 5 | Batch  19000 | Loss: 2.1409 | LR: 0.020858 | Tokens/s: 23089 | Snapshots: 20
Epoch 5 | Batch  20000 | Loss: 2.1429 | LR: 0.020851 | Tokens/s: 23195 | Snapshots: 20
Epoch 5 | Batch  21000 | Loss: 2.1423 | LR: 0.020843 | Tokens/s: 23320 | Snapshots: 20
Epoch 5 | Batch  22000 | Loss: 2.1437 | LR: 0.020835 | Tokens/s: 23420 | Snapshots: 20
Epoch 5 | Batch  23000 | Loss: 2.1439 | LR: 0.020828 | Tokens/s: 23514 | Snapshots: 20
Epoch 5 | Batch  24000 | Loss: 2.1439 | LR: 0.020820 | Tokens/s: 23625 | Snapshots: 20
Epoch 5 | Batch  25000 | Loss: 2.1433 | LR: 0.020812 | Tokens/s: 23731 | Snapshots: 20
Epoch 5 | Batch  26000 | Loss: 2.1428 | LR: 0.020805 | Tokens/s: 23806 | Snapshots: 20
Epoch 5 | Batch  27000 | Loss: 2.1434 | LR: 0.020797 | Tokens/s: 23880 | Snapshots: 20
Epoch 5 | Batch  28000 | Loss: 2.1453 | LR: 0.020789 | Tokens/s: 23937 | Snapshots: 20
Epoch 5 | Batch  29000 | Loss: 2.1476 | LR: 0.020782 | Tokens/s: 23985 | Snapshots: 20
Epoch 5 | Batch  30000 | Loss: 2.1482 | LR: 0.020774 | Tokens/s: 24039 | Snapshots: 20
Epoch 5 | Batch  31000 | Loss: 2.1470 | LR: 0.020766 | Tokens/s: 24095 | Snapshots: 20
Epoch 5 | Batch  32000 | Loss: 2.1414 | LR: 0.020759 | Tokens/s: 24160 | Snapshots: 20
Epoch 5 | Batch  33000 | Loss: 2.1397 | LR: 0.020751 | Tokens/s: 24208 | Snapshots: 20
Epoch 5 | Batch  34000 | Loss: 2.1408 | LR: 0.020743 | Tokens/s: 24257 | Snapshots: 20
Epoch 5 | Batch  35000 | Loss: 2.1402 | LR: 0.020736 | Tokens/s: 24311 | Snapshots: 20
Epoch 5 | Batch  36000 | Loss: 2.1391 | LR: 0.020728 | Tokens/s: 24353 | Snapshots: 20
Epoch 5 | Batch  37000 | Loss: 2.1388 | LR: 0.020720 | Tokens/s: 24387 | Snapshots: 20
Epoch 5 | Batch  38000 | Loss: 2.1391 | LR: 0.020713 | Tokens/s: 24423 | Snapshots: 20
Epoch 5 | Batch  39000 | Loss: 2.1371 | LR: 0.020705 | Tokens/s: 24472 | Snapshots: 20
Epoch 5 | Batch  40000 | Loss: 2.1357 | LR: 0.020698 | Tokens/s: 24514 | Snapshots: 20
Epoch 5 | Batch  41000 | Loss: 2.1348 | LR: 0.020690 | Tokens/s: 24557 | Snapshots: 20
Epoch 5 | Batch  42000 | Loss: 2.1355 | LR: 0.020682 | Tokens/s: 24595 | Snapshots: 20
Epoch 5 | Batch  43000 | Loss: 2.1356 | LR: 0.020675 | Tokens/s: 24630 | Snapshots: 20
Epoch 5 | Batch  44000 | Loss: 2.1366 | LR: 0.020667 | Tokens/s: 24661 | Snapshots: 20
Epoch 5 | Batch  45000 | Loss: 2.1372 | LR: 0.020659 | Tokens/s: 24689 | Snapshots: 20
Epoch 5 | Batch  46000 | Loss: 2.1371 | LR: 0.020652 | Tokens/s: 24704 | Snapshots: 20
Epoch 5 | Batch  47000 | Loss: 2.1376 | LR: 0.020644 | Tokens/s: 24725 | Snapshots: 20
Epoch 5 | Batch  48000 | Loss: 2.1369 | LR: 0.020636 | Tokens/s: 24745 | Snapshots: 20
Epoch 5 | Batch  49000 | Loss: 2.1377 | LR: 0.020629 | Tokens/s: 24765 | Snapshots: 20
Epoch 5 | Batch  50000 | Loss: 2.1375 | LR: 0.020621 | Tokens/s: 24793 | Snapshots: 20
Epoch 5 | Batch  51000 | Loss: 2.1368 | LR: 0.020613 | Tokens/s: 24821 | Snapshots: 20
Epoch 5 | Batch  52000 | Loss: 2.1371 | LR: 0.020606 | Tokens/s: 24849 | Snapshots: 20
Epoch 5 | Batch  53000 | Loss: 2.1372 | LR: 0.020598 | Tokens/s: 24879 | Snapshots: 20
Epoch 5 | Batch  54000 | Loss: 2.1380 | LR: 0.020590 | Tokens/s: 24894 | Snapshots: 20
Epoch 5 | Batch  55000 | Loss: 2.1387 | LR: 0.020583 | Tokens/s: 24912 | Snapshots: 20
Epoch 5 | Batch  56000 | Loss: 2.1388 | LR: 0.020575 | Tokens/s: 24926 | Snapshots: 20
Epoch 5 | Batch  57000 | Loss: 2.1376 | LR: 0.020567 | Tokens/s: 24940 | Snapshots: 20
Epoch 5 | Batch  58000 | Loss: 2.1383 | LR: 0.020560 | Tokens/s: 24961 | Snapshots: 20
Epoch 5 | Batch  59000 | Loss: 2.1374 | LR: 0.020552 | Tokens/s: 24986 | Snapshots: 20
Epoch 5 | Batch  60000 | Loss: 2.1376 | LR: 0.020544 | Tokens/s: 25015 | Snapshots: 20
Epoch 5 | Batch  61000 | Loss: 2.1379 | LR: 0.020537 | Tokens/s: 25046 | Snapshots: 20
Epoch 5 | Batch  62000 | Loss: 2.1378 | LR: 0.020529 | Tokens/s: 25069 | Snapshots: 20
Epoch 5 | Batch  63000 | Loss: 2.1380 | LR: 0.020521 | Tokens/s: 25080 | Snapshots: 20
Epoch 5 | Batch  64000 | Loss: 2.1379 | LR: 0.020514 | Tokens/s: 25088 | Snapshots: 20
Epoch 5 | Batch  65000 | Loss: 2.1375 | LR: 0.020506 | Tokens/s: 25095 | Snapshots: 20
Epoch 5 | Batch  66000 | Loss: 2.1377 | LR: 0.020498 | Tokens/s: 25106 | Snapshots: 20
Epoch 5 | Batch  67000 | Loss: 2.1376 | LR: 0.020491 | Tokens/s: 25118 | Snapshots: 20
Epoch 5 | Batch  68000 | Loss: 2.1378 | LR: 0.020483 | Tokens/s: 25133 | Snapshots: 20
Epoch 5 | Batch  69000 | Loss: 2.1387 | LR: 0.020475 | Tokens/s: 25141 | Snapshots: 20
Epoch 5 | Batch  70000 | Loss: 2.1371 | LR: 0.020468 | Tokens/s: 25163 | Snapshots: 20
Epoch 5 | Batch  71000 | Loss: 2.1375 | LR: 0.020460 | Tokens/s: 25177 | Snapshots: 20
Epoch 5 | Batch  72000 | Loss: 2.1382 | LR: 0.020453 | Tokens/s: 25191 | Snapshots: 20
Epoch 5 | Batch  73000 | Loss: 2.1381 | LR: 0.020445 | Tokens/s: 25203 | Snapshots: 20
Epoch 5 | Batch  74000 | Loss: 2.1379 | LR: 0.020437 | Tokens/s: 25212 | Snapshots: 20
Epoch 5 | Batch  75000 | Loss: 2.1374 | LR: 0.020430 | Tokens/s: 25222 | Snapshots: 20
Epoch 5 | Batch  76000 | Loss: 2.1375 | LR: 0.020422 | Tokens/s: 25235 | Snapshots: 20
Epoch 5 | Batch  77000 | Loss: 2.1380 | LR: 0.020414 | Tokens/s: 25246 | Snapshots: 20
Epoch 5 | Batch  78000 | Loss: 2.1378 | LR: 0.020407 | Tokens/s: 25259 | Snapshots: 20
Epoch 5 | Batch  79000 | Loss: 2.1378 | LR: 0.020399 | Tokens/s: 25260 | Snapshots: 20
Epoch 5 | Batch  80000 | Loss: 2.1383 | LR: 0.020391 | Tokens/s: 25262 | Snapshots: 20
Epoch 5 | Batch  81000 | Loss: 2.1387 | LR: 0.020384 | Tokens/s: 25268 | Snapshots: 20
Epoch 5 | Batch  82000 | Loss: 2.1382 | LR: 0.020376 | Tokens/s: 25272 | Snapshots: 20
Epoch 5 | Batch  83000 | Loss: 2.1386 | LR: 0.020368 | Tokens/s: 25280 | Snapshots: 20
Epoch 5 | Batch  84000 | Loss: 2.1386 | LR: 0.020361 | Tokens/s: 25289 | Snapshots: 20
Epoch 5 | Batch  85000 | Loss: 2.1389 | LR: 0.020353 | Tokens/s: 25297 | Snapshots: 20
Epoch 5 | Batch  86000 | Loss: 2.1386 | LR: 0.020345 | Tokens/s: 25295 | Snapshots: 20
Epoch 5 | Batch  87000 | Loss: 2.1389 | LR: 0.020338 | Tokens/s: 25300 | Snapshots: 20
Epoch 5 | Batch  88000 | Loss: 2.1391 | LR: 0.020330 | Tokens/s: 25303 | Snapshots: 20
Epoch 5 | Batch  89000 | Loss: 2.1393 | LR: 0.020322 | Tokens/s: 25313 | Snapshots: 20
Epoch 5 | Batch  90000 | Loss: 2.1389 | LR: 0.020315 | Tokens/s: 25313 | Snapshots: 20
Epoch 5 | Batch  91000 | Loss: 2.1389 | LR: 0.020307 | Tokens/s: 25309 | Snapshots: 20
Epoch 5 | Batch  92000 | Loss: 2.1384 | LR: 0.020299 | Tokens/s: 25308 | Snapshots: 20
Epoch 5 | Batch  93000 | Loss: 2.1381 | LR: 0.020292 | Tokens/s: 25306 | Snapshots: 20
Epoch 5 | Batch  94000 | Loss: 2.1378 | LR: 0.020284 | Tokens/s: 25307 | Snapshots: 20
Epoch 5 | Batch  95000 | Loss: 2.1376 | LR: 0.020276 | Tokens/s: 25314 | Snapshots: 20
Epoch 5 | Batch  96000 | Loss: 2.1372 | LR: 0.020269 | Tokens/s: 25316 | Snapshots: 20
Epoch 5 | Batch  97000 | Loss: 2.1377 | LR: 0.020261 | Tokens/s: 25321 | Snapshots: 20
Epoch 5 | Batch  98000 | Loss: 2.1380 | LR: 0.020253 | Tokens/s: 25326 | Snapshots: 20
Epoch 5 | Batch  99000 | Loss: 2.1373 | LR: 0.020246 | Tokens/s: 25322 | Snapshots: 20
Epoch 5 | Batch 100000 | Loss: 2.1364 | LR: 0.020238 | Tokens/s: 25340 | Snapshots: 20
Epoch 5 | Batch 101000 | Loss: 2.1365 | LR: 0.020231 | Tokens/s: 25380 | Snapshots: 20
Epoch 5 | Batch 102000 | Loss: 2.1367 | LR: 0.020223 | Tokens/s: 25394 | Snapshots: 20
Epoch 5 | Batch 103000 | Loss: 2.1370 | LR: 0.020215 | Tokens/s: 25404 | Snapshots: 20
Epoch 5 | Batch 104000 | Loss: 2.1377 | LR: 0.020208 | Tokens/s: 25412 | Snapshots: 20
Epoch 5 | Batch 105000 | Loss: 2.1373 | LR: 0.020200 | Tokens/s: 25418 | Snapshots: 20
Epoch 5 | Batch 106000 | Loss: 2.1377 | LR: 0.020192 | Tokens/s: 25423 | Snapshots: 20
Epoch 5 | Batch 107000 | Loss: 2.1379 | LR: 0.020185 | Tokens/s: 25431 | Snapshots: 20
Epoch 5 | Batch 108000 | Loss: 2.1382 | LR: 0.020177 | Tokens/s: 25440 | Snapshots: 20
Epoch 5 | Batch 109000 | Loss: 2.1383 | LR: 0.020169 | Tokens/s: 25445 | Snapshots: 20
Epoch 5 | Batch 110000 | Loss: 2.1381 | LR: 0.020162 | Tokens/s: 25440 | Snapshots: 20
Epoch 5 | Batch 111000 | Loss: 2.1375 | LR: 0.020154 | Tokens/s: 25448 | Snapshots: 20
Epoch 5 | Batch 112000 | Loss: 2.1373 | LR: 0.020146 | Tokens/s: 25451 | Snapshots: 20
Epoch 5 | Batch 113000 | Loss: 2.1367 | LR: 0.020139 | Tokens/s: 25462 | Snapshots: 20
Epoch 5 | Batch 114000 | Loss: 2.1367 | LR: 0.020131 | Tokens/s: 25470 | Snapshots: 20
Epoch 5 | Batch 115000 | Loss: 2.1362 | LR: 0.020123 | Tokens/s: 25470 | Snapshots: 20
Epoch 5 | Batch 116000 | Loss: 2.1365 | LR: 0.020116 | Tokens/s: 25473 | Snapshots: 20
Epoch 5 | Batch 117000 | Loss: 2.1363 | LR: 0.020108 | Tokens/s: 25476 | Snapshots: 20
Epoch 5 | Batch 118000 | Loss: 2.1361 | LR: 0.020100 | Tokens/s: 25480 | Snapshots: 20
Epoch 5 | Batch 119000 | Loss: 2.1349 | LR: 0.020093 | Tokens/s: 25486 | Snapshots: 20
Epoch 5 | Batch 120000 | Loss: 2.1340 | LR: 0.020085 | Tokens/s: 25492 | Snapshots: 20
Epoch 5 | Batch 121000 | Loss: 2.1342 | LR: 0.020077 | Tokens/s: 25495 | Snapshots: 20
Epoch 5 | Batch 122000 | Loss: 2.1343 | LR: 0.020070 | Tokens/s: 25497 | Snapshots: 20
Epoch 5 | Batch 123000 | Loss: 2.1342 | LR: 0.020062 | Tokens/s: 25496 | Snapshots: 20
Epoch 5 | Batch 124000 | Loss: 2.1345 | LR: 0.020054 | Tokens/s: 25496 | Snapshots: 20
Epoch 5 | Batch 125000 | Loss: 2.1344 | LR: 0.020047 | Tokens/s: 25499 | Snapshots: 20
Epoch 5 | Batch 126000 | Loss: 2.1344 | LR: 0.020039 | Tokens/s: 25506 | Snapshots: 20
Epoch 5 | Batch 127000 | Loss: 2.1344 | LR: 0.020031 | Tokens/s: 25524 | Snapshots: 20
Epoch 5 | Batch 128000 | Loss: 2.1344 | LR: 0.020024 | Tokens/s: 25579 | Snapshots: 20
Epoch 5 | Batch 129000 | Loss: 2.1344 | LR: 0.020016 | Tokens/s: 25639 | Snapshots: 20
Epoch 5 | Batch 130000 | Loss: 2.1347 | LR: 0.020008 | Tokens/s: 25702 | Snapshots: 20

=== Epoch 5 summary ===
Time: 1299.9s | Loss: 2.1349 | Tokens/s: 25696 | Batches: 130478
--------------------------------------------------
  [SGLD] Using centroid embedding (from 5220 samples)

==================================================
HARDWARE BENCHMARK
  Peak RAM Usage: 2464.5 MB
==================================================
Training completed successfully.
