Building vocabulary...

--- Top 10 most frequent words (subsampling) ---
  'the   ' | count: 1061396 | discard prob: 98.7%
  'of    ' | count: 593677  | discard prob: 98.3%
  'and   ' | count: 416629  | discard prob: 98.0%
  'one   ' | count: 411764  | discard prob: 97.9%
  'in    ' | count: 372201  | discard prob: 97.8%
  'a     ' | count: 325873  | discard prob: 97.7%
  'to    ' | count: 316376  | discard prob: 97.6%
  'zero  ' | count: 264975  | discard prob: 97.4%
  'nine  ' | count: 250430  | discard prob: 97.3%
  'two   ' | count: 192644  | discard prob: 97.0%
--------------------------------------------------

--------------------------------------------------
Training config:
  Vocab size:     71290 tokens
  Embedding dim:  100
  Epochs:         5
  Batch size:     256
  Window size:    5
  Neg samples:    5
  Optimizer:      sgd
  Learning rate:  0.025
--------------------------------------------------
Epoch 1 | Batch   1000 | Loss: 3.9067 | LR: 0.024992 | Tokens/s: 8643
Epoch 1 | Batch   2000 | Loss: 3.6800 | LR: 0.024985 | Tokens/s: 13696
Epoch 1 | Batch   3000 | Loss: 3.5305 | LR: 0.024977 | Tokens/s: 17012
Epoch 1 | Batch   4000 | Loss: 3.4205 | LR: 0.024969 | Tokens/s: 19365
Epoch 1 | Batch   5000 | Loss: 3.3433 | LR: 0.024962 | Tokens/s: 21133
Epoch 1 | Batch   6000 | Loss: 3.2792 | LR: 0.024954 | Tokens/s: 22502
Epoch 1 | Batch   7000 | Loss: 3.2255 | LR: 0.024946 | Tokens/s: 23588
Epoch 1 | Batch   8000 | Loss: 3.1786 | LR: 0.024939 | Tokens/s: 24499
Epoch 1 | Batch   9000 | Loss: 3.1347 | LR: 0.024931 | Tokens/s: 25260
Epoch 1 | Batch  10000 | Loss: 3.1002 | LR: 0.024923 | Tokens/s: 25832
Epoch 1 | Batch  11000 | Loss: 3.0702 | LR: 0.024916 | Tokens/s: 26318
Epoch 1 | Batch  12000 | Loss: 3.0435 | LR: 0.024908 | Tokens/s: 26753
Epoch 1 | Batch  13000 | Loss: 3.0192 | LR: 0.024900 | Tokens/s: 27112
Epoch 1 | Batch  14000 | Loss: 2.9965 | LR: 0.024893 | Tokens/s: 27458
Epoch 1 | Batch  15000 | Loss: 2.9772 | LR: 0.024885 | Tokens/s: 27746
Epoch 1 | Batch  16000 | Loss: 2.9593 | LR: 0.024878 | Tokens/s: 28020
Epoch 1 | Batch  17000 | Loss: 2.9427 | LR: 0.024870 | Tokens/s: 28260
Epoch 1 | Batch  18000 | Loss: 2.9284 | LR: 0.024862 | Tokens/s: 28484
Epoch 1 | Batch  19000 | Loss: 2.9076 | LR: 0.024855 | Tokens/s: 28689
Epoch 1 | Batch  20000 | Loss: 2.8946 | LR: 0.024847 | Tokens/s: 28842
Epoch 1 | Batch  21000 | Loss: 2.8808 | LR: 0.024839 | Tokens/s: 28995
Epoch 1 | Batch  22000 | Loss: 2.8688 | LR: 0.024832 | Tokens/s: 29155
Epoch 1 | Batch  23000 | Loss: 2.8574 | LR: 0.024824 | Tokens/s: 29292
Epoch 1 | Batch  24000 | Loss: 2.8447 | LR: 0.024816 | Tokens/s: 29429
Epoch 1 | Batch  25000 | Loss: 2.8319 | LR: 0.024809 | Tokens/s: 29555
Epoch 1 | Batch  26000 | Loss: 2.8215 | LR: 0.024801 | Tokens/s: 29690
Epoch 1 | Batch  27000 | Loss: 2.8123 | LR: 0.024793 | Tokens/s: 29791
Epoch 1 | Batch  28000 | Loss: 2.8042 | LR: 0.024786 | Tokens/s: 29906
Epoch 1 | Batch  29000 | Loss: 2.7971 | LR: 0.024778 | Tokens/s: 29995
Epoch 1 | Batch  30000 | Loss: 2.7904 | LR: 0.024770 | Tokens/s: 30039
Epoch 1 | Batch  31000 | Loss: 2.7820 | LR: 0.024763 | Tokens/s: 30131
Epoch 1 | Batch  32000 | Loss: 2.7698 | LR: 0.024755 | Tokens/s: 30232
Epoch 1 | Batch  33000 | Loss: 2.7614 | LR: 0.024747 | Tokens/s: 30318
Epoch 1 | Batch  34000 | Loss: 2.7544 | LR: 0.024740 | Tokens/s: 30383
Epoch 1 | Batch  35000 | Loss: 2.7471 | LR: 0.024732 | Tokens/s: 30463
Epoch 1 | Batch  36000 | Loss: 2.7388 | LR: 0.024724 | Tokens/s: 30525
Epoch 1 | Batch  37000 | Loss: 2.7316 | LR: 0.024717 | Tokens/s: 30582
Epoch 1 | Batch  38000 | Loss: 2.7257 | LR: 0.024709 | Tokens/s: 30637
Epoch 1 | Batch  39000 | Loss: 2.7188 | LR: 0.024701 | Tokens/s: 30694
Epoch 1 | Batch  40000 | Loss: 2.7115 | LR: 0.024694 | Tokens/s: 30749
Epoch 1 | Batch  41000 | Loss: 2.7051 | LR: 0.024686 | Tokens/s: 30818
Epoch 1 | Batch  42000 | Loss: 2.7000 | LR: 0.024678 | Tokens/s: 30855
Epoch 1 | Batch  43000 | Loss: 2.6947 | LR: 0.024671 | Tokens/s: 30915
Epoch 1 | Batch  44000 | Loss: 2.6904 | LR: 0.024663 | Tokens/s: 30962
Epoch 1 | Batch  45000 | Loss: 2.6851 | LR: 0.024655 | Tokens/s: 30999
Epoch 1 | Batch  46000 | Loss: 2.6797 | LR: 0.024648 | Tokens/s: 31025
Epoch 1 | Batch  47000 | Loss: 2.6748 | LR: 0.024640 | Tokens/s: 31064
Epoch 1 | Batch  48000 | Loss: 2.6696 | LR: 0.024633 | Tokens/s: 31093
Epoch 1 | Batch  49000 | Loss: 2.6653 | LR: 0.024625 | Tokens/s: 31124
Epoch 1 | Batch  50000 | Loss: 2.6604 | LR: 0.024617 | Tokens/s: 31157
Epoch 1 | Batch  51000 | Loss: 2.6556 | LR: 0.024610 | Tokens/s: 31196
Epoch 1 | Batch  52000 | Loss: 2.6510 | LR: 0.024602 | Tokens/s: 31219
Epoch 1 | Batch  53000 | Loss: 2.6470 | LR: 0.024594 | Tokens/s: 31238
Epoch 1 | Batch  54000 | Loss: 2.6430 | LR: 0.024587 | Tokens/s: 31265
Epoch 1 | Batch  55000 | Loss: 2.6393 | LR: 0.024579 | Tokens/s: 31301
Epoch 1 | Batch  56000 | Loss: 2.6352 | LR: 0.024571 | Tokens/s: 31327
Epoch 1 | Batch  57000 | Loss: 2.6302 | LR: 0.024564 | Tokens/s: 31359
Epoch 1 | Batch  58000 | Loss: 2.6266 | LR: 0.024556 | Tokens/s: 31379
Epoch 1 | Batch  59000 | Loss: 2.6218 | LR: 0.024548 | Tokens/s: 31389
Epoch 1 | Batch  60000 | Loss: 2.6182 | LR: 0.024541 | Tokens/s: 31406
Epoch 1 | Batch  61000 | Loss: 2.6145 | LR: 0.024533 | Tokens/s: 31434
Epoch 1 | Batch  62000 | Loss: 2.6108 | LR: 0.024525 | Tokens/s: 31452
Epoch 1 | Batch  63000 | Loss: 2.6075 | LR: 0.024518 | Tokens/s: 31477
Epoch 1 | Batch  64000 | Loss: 2.6041 | LR: 0.024510 | Tokens/s: 31503
Epoch 1 | Batch  65000 | Loss: 2.6001 | LR: 0.024502 | Tokens/s: 31524
Epoch 1 | Batch  66000 | Loss: 2.5967 | LR: 0.024495 | Tokens/s: 31540
Epoch 1 | Batch  67000 | Loss: 2.5935 | LR: 0.024487 | Tokens/s: 31564
Epoch 1 | Batch  68000 | Loss: 2.5904 | LR: 0.024479 | Tokens/s: 31598
Epoch 1 | Batch  69000 | Loss: 2.5876 | LR: 0.024472 | Tokens/s: 31636
Epoch 1 | Batch  70000 | Loss: 2.5834 | LR: 0.024464 | Tokens/s: 31645
Epoch 1 | Batch  71000 | Loss: 2.5805 | LR: 0.024456 | Tokens/s: 31663
Epoch 1 | Batch  72000 | Loss: 2.5780 | LR: 0.024449 | Tokens/s: 31680
Epoch 1 | Batch  73000 | Loss: 2.5751 | LR: 0.024441 | Tokens/s: 31699
Epoch 1 | Batch  74000 | Loss: 2.5719 | LR: 0.024433 | Tokens/s: 31719
Epoch 1 | Batch  75000 | Loss: 2.5685 | LR: 0.024426 | Tokens/s: 31741
Epoch 1 | Batch  76000 | Loss: 2.5659 | LR: 0.024418 | Tokens/s: 31758
Epoch 1 | Batch  77000 | Loss: 2.5637 | LR: 0.024410 | Tokens/s: 31771
Epoch 1 | Batch  78000 | Loss: 2.5610 | LR: 0.024403 | Tokens/s: 31790
Epoch 1 | Batch  79000 | Loss: 2.5585 | LR: 0.024395 | Tokens/s: 31808
Epoch 1 | Batch  80000 | Loss: 2.5561 | LR: 0.024388 | Tokens/s: 31823
Epoch 1 | Batch  81000 | Loss: 2.5541 | LR: 0.024380 | Tokens/s: 31837
Epoch 1 | Batch  82000 | Loss: 2.5514 | LR: 0.024372 | Tokens/s: 31847
Epoch 1 | Batch  83000 | Loss: 2.5493 | LR: 0.024365 | Tokens/s: 31862
Epoch 1 | Batch  84000 | Loss: 2.5469 | LR: 0.024357 | Tokens/s: 31878
Epoch 1 | Batch  85000 | Loss: 2.5450 | LR: 0.024349 | Tokens/s: 31896
Epoch 1 | Batch  86000 | Loss: 2.5425 | LR: 0.024342 | Tokens/s: 31911
Epoch 1 | Batch  87000 | Loss: 2.5406 | LR: 0.024334 | Tokens/s: 31925
Epoch 1 | Batch  88000 | Loss: 2.5386 | LR: 0.024326 | Tokens/s: 31944
Epoch 1 | Batch  89000 | Loss: 2.5366 | LR: 0.024319 | Tokens/s: 31960
Epoch 1 | Batch  90000 | Loss: 2.5341 | LR: 0.024311 | Tokens/s: 31977
Epoch 1 | Batch  91000 | Loss: 2.5320 | LR: 0.024303 | Tokens/s: 31983
Epoch 1 | Batch  92000 | Loss: 2.5293 | LR: 0.024296 | Tokens/s: 31991
Epoch 1 | Batch  93000 | Loss: 2.5268 | LR: 0.024288 | Tokens/s: 32003
Epoch 1 | Batch  94000 | Loss: 2.5245 | LR: 0.024280 | Tokens/s: 32007
Epoch 1 | Batch  95000 | Loss: 2.5223 | LR: 0.024273 | Tokens/s: 32013
Epoch 1 | Batch  96000 | Loss: 2.5198 | LR: 0.024265 | Tokens/s: 32018
Epoch 1 | Batch  97000 | Loss: 2.5181 | LR: 0.024257 | Tokens/s: 32029
Epoch 1 | Batch  98000 | Loss: 2.5165 | LR: 0.024250 | Tokens/s: 32035
Epoch 1 | Batch  99000 | Loss: 2.5139 | LR: 0.024242 | Tokens/s: 32042
Epoch 1 | Batch 100000 | Loss: 2.5114 | LR: 0.024234 | Tokens/s: 32054
Epoch 1 | Batch 101000 | Loss: 2.5092 | LR: 0.024227 | Tokens/s: 32061
Epoch 1 | Batch 102000 | Loss: 2.5074 | LR: 0.024219 | Tokens/s: 32067
Epoch 1 | Batch 103000 | Loss: 2.5058 | LR: 0.024211 | Tokens/s: 32061
Epoch 1 | Batch 104000 | Loss: 2.5043 | LR: 0.024204 | Tokens/s: 32067
Epoch 1 | Batch 105000 | Loss: 2.5021 | LR: 0.024196 | Tokens/s: 32072
Epoch 1 | Batch 106000 | Loss: 2.5007 | LR: 0.024188 | Tokens/s: 32084
Epoch 1 | Batch 107000 | Loss: 2.4993 | LR: 0.024181 | Tokens/s: 32089
Epoch 1 | Batch 108000 | Loss: 2.4981 | LR: 0.024173 | Tokens/s: 32093
Epoch 1 | Batch 109000 | Loss: 2.4964 | LR: 0.024166 | Tokens/s: 32091
Epoch 1 | Batch 110000 | Loss: 2.4944 | LR: 0.024158 | Tokens/s: 32093
Epoch 1 | Batch 111000 | Loss: 2.4921 | LR: 0.024150 | Tokens/s: 32098
Epoch 1 | Batch 112000 | Loss: 2.4904 | LR: 0.024143 | Tokens/s: 32104
Epoch 1 | Batch 113000 | Loss: 2.4887 | LR: 0.024135 | Tokens/s: 32112
Epoch 1 | Batch 114000 | Loss: 2.4871 | LR: 0.024127 | Tokens/s: 32116
Epoch 1 | Batch 115000 | Loss: 2.4853 | LR: 0.024120 | Tokens/s: 32119
Epoch 1 | Batch 116000 | Loss: 2.4841 | LR: 0.024112 | Tokens/s: 32123
Epoch 1 | Batch 117000 | Loss: 2.4822 | LR: 0.024104 | Tokens/s: 32126
Epoch 1 | Batch 118000 | Loss: 2.4806 | LR: 0.024097 | Tokens/s: 32134
Epoch 1 | Batch 119000 | Loss: 2.4778 | LR: 0.024089 | Tokens/s: 32143
Epoch 1 | Batch 120000 | Loss: 2.4753 | LR: 0.024081 | Tokens/s: 32151
Epoch 1 | Batch 121000 | Loss: 2.4740 | LR: 0.024074 | Tokens/s: 32154
Epoch 1 | Batch 122000 | Loss: 2.4726 | LR: 0.024066 | Tokens/s: 32155
Epoch 1 | Batch 123000 | Loss: 2.4710 | LR: 0.024058 | Tokens/s: 32155
Epoch 1 | Batch 124000 | Loss: 2.4697 | LR: 0.024051 | Tokens/s: 32155
Epoch 1 | Batch 125000 | Loss: 2.4683 | LR: 0.024043 | Tokens/s: 32157
Epoch 1 | Batch 126000 | Loss: 2.4671 | LR: 0.024035 | Tokens/s: 32157
Epoch 1 | Batch 127000 | Loss: 2.4656 | LR: 0.024028 | Tokens/s: 32158
Epoch 1 | Batch 128000 | Loss: 2.4643 | LR: 0.024020 | Tokens/s: 32161
Epoch 1 | Batch 129000 | Loss: 2.4631 | LR: 0.024012 | Tokens/s: 32162
Epoch 1 | Batch 130000 | Loss: 2.4622 | LR: 0.024005 | Tokens/s: 32167

=== Epoch 1 summary ===
Time: 1041.0s | Loss: 2.4617 | Tokens/s: 32091 | Batches: 130498
--------------------------------------------------
Epoch 2 | Batch   1000 | Loss: 2.2930 | LR: 0.023993 | Tokens/s: 8656
Epoch 2 | Batch   2000 | Loss: 2.2713 | LR: 0.023986 | Tokens/s: 13600
Epoch 2 | Batch   3000 | Loss: 2.2801 | LR: 0.023978 | Tokens/s: 16862
Epoch 2 | Batch   4000 | Loss: 2.2797 | LR: 0.023970 | Tokens/s: 19103
Epoch 2 | Batch   5000 | Loss: 2.2808 | LR: 0.023963 | Tokens/s: 20784
Epoch 2 | Batch   6000 | Loss: 2.2832 | LR: 0.023955 | Tokens/s: 21999
Epoch 2 | Batch   7000 | Loss: 2.2824 | LR: 0.023947 | Tokens/s: 23115
Epoch 2 | Batch   8000 | Loss: 2.2815 | LR: 0.023940 | Tokens/s: 23998
Epoch 2 | Batch   9000 | Loss: 2.2794 | LR: 0.023932 | Tokens/s: 24713
Epoch 2 | Batch  10000 | Loss: 2.2782 | LR: 0.023924 | Tokens/s: 25264
Epoch 2 | Batch  11000 | Loss: 2.2788 | LR: 0.023917 | Tokens/s: 25705
Epoch 2 | Batch  12000 | Loss: 2.2779 | LR: 0.023909 | Tokens/s: 26077
Epoch 2 | Batch  13000 | Loss: 2.2758 | LR: 0.023901 | Tokens/s: 26425
Epoch 2 | Batch  14000 | Loss: 2.2767 | LR: 0.023894 | Tokens/s: 26746
Epoch 2 | Batch  15000 | Loss: 2.2752 | LR: 0.023886 | Tokens/s: 27031
Epoch 2 | Batch  16000 | Loss: 2.2758 | LR: 0.023878 | Tokens/s: 27255
Epoch 2 | Batch  17000 | Loss: 2.2745 | LR: 0.023871 | Tokens/s: 27583
Epoch 2 | Batch  18000 | Loss: 2.2747 | LR: 0.023863 | Tokens/s: 27967
Epoch 2 | Batch  19000 | Loss: 2.2660 | LR: 0.023855 | Tokens/s: 28249
Epoch 2 | Batch  20000 | Loss: 2.2669 | LR: 0.023848 | Tokens/s: 28528
Epoch 2 | Batch  21000 | Loss: 2.2654 | LR: 0.023840 | Tokens/s: 28797
Epoch 2 | Batch  22000 | Loss: 2.2660 | LR: 0.023832 | Tokens/s: 29083
Epoch 2 | Batch  23000 | Loss: 2.2656 | LR: 0.023825 | Tokens/s: 29339
Epoch 2 | Batch  24000 | Loss: 2.2649 | LR: 0.023817 | Tokens/s: 29558
Epoch 2 | Batch  25000 | Loss: 2.2640 | LR: 0.023810 | Tokens/s: 29711
Epoch 2 | Batch  26000 | Loss: 2.2630 | LR: 0.023802 | Tokens/s: 29868
Epoch 2 | Batch  27000 | Loss: 2.2629 | LR: 0.023794 | Tokens/s: 30024
Epoch 2 | Batch  28000 | Loss: 2.2642 | LR: 0.023787 | Tokens/s: 30132
Epoch 2 | Batch  29000 | Loss: 2.2660 | LR: 0.023779 | Tokens/s: 30285
Epoch 2 | Batch  30000 | Loss: 2.2663 | LR: 0.023771 | Tokens/s: 30443
Epoch 2 | Batch  31000 | Loss: 2.2644 | LR: 0.023764 | Tokens/s: 30613
Epoch 2 | Batch  32000 | Loss: 2.2584 | LR: 0.023756 | Tokens/s: 30892
Epoch 2 | Batch  33000 | Loss: 2.2565 | LR: 0.023748 | Tokens/s: 31195
Epoch 2 | Batch  34000 | Loss: 2.2567 | LR: 0.023741 | Tokens/s: 31481
Epoch 2 | Batch  35000 | Loss: 2.2556 | LR: 0.023733 | Tokens/s: 31740
Epoch 2 | Batch  36000 | Loss: 2.2539 | LR: 0.023725 | Tokens/s: 32012
Epoch 2 | Batch  37000 | Loss: 2.2525 | LR: 0.023718 | Tokens/s: 32067
Epoch 2 | Batch  38000 | Loss: 2.2524 | LR: 0.023710 | Tokens/s: 32196
Epoch 2 | Batch  39000 | Loss: 2.2510 | LR: 0.023702 | Tokens/s: 32414
Epoch 2 | Batch  40000 | Loss: 2.2494 | LR: 0.023695 | Tokens/s: 32576
Epoch 2 | Batch  41000 | Loss: 2.2487 | LR: 0.023687 | Tokens/s: 32724
Epoch 2 | Batch  42000 | Loss: 2.2491 | LR: 0.023679 | Tokens/s: 32894
Epoch 2 | Batch  43000 | Loss: 2.2491 | LR: 0.023672 | Tokens/s: 33100
Epoch 2 | Batch  44000 | Loss: 2.2497 | LR: 0.023664 | Tokens/s: 33296
Epoch 2 | Batch  45000 | Loss: 2.2498 | LR: 0.023656 | Tokens/s: 33487
Epoch 2 | Batch  46000 | Loss: 2.2492 | LR: 0.023649 | Tokens/s: 33655
Epoch 2 | Batch  47000 | Loss: 2.2493 | LR: 0.023641 | Tokens/s: 33838
Epoch 2 | Batch  48000 | Loss: 2.2483 | LR: 0.023633 | Tokens/s: 34011
Epoch 2 | Batch  49000 | Loss: 2.2484 | LR: 0.023626 | Tokens/s: 34197
Epoch 2 | Batch  50000 | Loss: 2.2479 | LR: 0.023618 | Tokens/s: 34349
Epoch 2 | Batch  51000 | Loss: 2.2470 | LR: 0.023610 | Tokens/s: 34513
Epoch 2 | Batch  52000 | Loss: 2.2466 | LR: 0.023603 | Tokens/s: 34675
Epoch 2 | Batch  53000 | Loss: 2.2469 | LR: 0.023595 | Tokens/s: 34818
Epoch 2 | Batch  54000 | Loss: 2.2472 | LR: 0.023587 | Tokens/s: 34966
Epoch 2 | Batch  55000 | Loss: 2.2476 | LR: 0.023580 | Tokens/s: 35126
Epoch 2 | Batch  56000 | Loss: 2.2473 | LR: 0.023572 | Tokens/s: 35272
Epoch 2 | Batch  57000 | Loss: 2.2455 | LR: 0.023565 | Tokens/s: 35426
Epoch 2 | Batch  58000 | Loss: 2.2460 | LR: 0.023557 | Tokens/s: 35555
Epoch 2 | Batch  59000 | Loss: 2.2450 | LR: 0.023549 | Tokens/s: 35673
Epoch 2 | Batch  60000 | Loss: 2.2449 | LR: 0.023542 | Tokens/s: 35797
Epoch 2 | Batch  61000 | Loss: 2.2448 | LR: 0.023534 | Tokens/s: 35886
Epoch 2 | Batch  62000 | Loss: 2.2443 | LR: 0.023526 | Tokens/s: 35999
Epoch 2 | Batch  63000 | Loss: 2.2442 | LR: 0.023519 | Tokens/s: 36107
Epoch 2 | Batch  64000 | Loss: 2.2440 | LR: 0.023511 | Tokens/s: 36205
Epoch 2 | Batch  65000 | Loss: 2.2431 | LR: 0.023503 | Tokens/s: 36323
Epoch 2 | Batch  66000 | Loss: 2.2429 | LR: 0.023496 | Tokens/s: 36440
Epoch 2 | Batch  67000 | Loss: 2.2425 | LR: 0.023488 | Tokens/s: 36526
Epoch 2 | Batch  68000 | Loss: 2.2424 | LR: 0.023480 | Tokens/s: 36627
Epoch 2 | Batch  69000 | Loss: 2.2428 | LR: 0.023473 | Tokens/s: 36722
Epoch 2 | Batch  70000 | Loss: 2.2412 | LR: 0.023465 | Tokens/s: 36829
Epoch 2 | Batch  71000 | Loss: 2.2412 | LR: 0.023457 | Tokens/s: 36924
Epoch 2 | Batch  72000 | Loss: 2.2414 | LR: 0.023450 | Tokens/s: 37026
Epoch 2 | Batch  73000 | Loss: 2.2410 | LR: 0.023442 | Tokens/s: 37131
Epoch 2 | Batch  74000 | Loss: 2.2404 | LR: 0.023434 | Tokens/s: 37218
Epoch 2 | Batch  75000 | Loss: 2.2395 | LR: 0.023427 | Tokens/s: 37289
Epoch 2 | Batch  76000 | Loss: 2.2394 | LR: 0.023419 | Tokens/s: 37377
Epoch 2 | Batch  77000 | Loss: 2.2397 | LR: 0.023411 | Tokens/s: 37462
Epoch 2 | Batch  78000 | Loss: 2.2393 | LR: 0.023404 | Tokens/s: 37526
Epoch 2 | Batch  79000 | Loss: 2.2390 | LR: 0.023396 | Tokens/s: 37602
Epoch 2 | Batch  80000 | Loss: 2.2390 | LR: 0.023388 | Tokens/s: 37683
Epoch 2 | Batch  81000 | Loss: 2.2392 | LR: 0.023381 | Tokens/s: 37760
Epoch 2 | Batch  82000 | Loss: 2.2386 | LR: 0.023373 | Tokens/s: 37824
Epoch 2 | Batch  83000 | Loss: 2.2387 | LR: 0.023365 | Tokens/s: 37890
Epoch 2 | Batch  84000 | Loss: 2.2385 | LR: 0.023358 | Tokens/s: 37974
Epoch 2 | Batch  85000 | Loss: 2.2386 | LR: 0.023350 | Tokens/s: 38041
Epoch 2 | Batch  86000 | Loss: 2.2381 | LR: 0.023342 | Tokens/s: 38097
Epoch 2 | Batch  87000 | Loss: 2.2383 | LR: 0.023335 | Tokens/s: 38167
Epoch 2 | Batch  88000 | Loss: 2.2382 | LR: 0.023327 | Tokens/s: 38241
Epoch 2 | Batch  89000 | Loss: 2.2381 | LR: 0.023320 | Tokens/s: 38294
Epoch 2 | Batch  90000 | Loss: 2.2374 | LR: 0.023312 | Tokens/s: 38344
Epoch 2 | Batch  91000 | Loss: 2.2371 | LR: 0.023304 | Tokens/s: 38392
Epoch 2 | Batch  92000 | Loss: 2.2364 | LR: 0.023297 | Tokens/s: 38442
Epoch 2 | Batch  93000 | Loss: 2.2358 | LR: 0.023289 | Tokens/s: 38505
Epoch 2 | Batch  94000 | Loss: 2.2353 | LR: 0.023281 | Tokens/s: 38562
Epoch 2 | Batch  95000 | Loss: 2.2349 | LR: 0.023274 | Tokens/s: 38623
Epoch 2 | Batch  96000 | Loss: 2.2342 | LR: 0.023266 | Tokens/s: 38688
Epoch 2 | Batch  97000 | Loss: 2.2344 | LR: 0.023258 | Tokens/s: 38730
Epoch 2 | Batch  98000 | Loss: 2.2345 | LR: 0.023251 | Tokens/s: 38771
Epoch 2 | Batch  99000 | Loss: 2.2334 | LR: 0.023243 | Tokens/s: 38818
Epoch 2 | Batch 100000 | Loss: 2.2324 | LR: 0.023235 | Tokens/s: 38869
Epoch 2 | Batch 101000 | Loss: 2.2321 | LR: 0.023228 | Tokens/s: 38921
Epoch 2 | Batch 102000 | Loss: 2.2320 | LR: 0.023220 | Tokens/s: 38968
Epoch 2 | Batch 103000 | Loss: 2.2321 | LR: 0.023212 | Tokens/s: 39009
Epoch 2 | Batch 104000 | Loss: 2.2324 | LR: 0.023205 | Tokens/s: 39045
Epoch 2 | Batch 105000 | Loss: 2.2317 | LR: 0.023197 | Tokens/s: 39095
Epoch 2 | Batch 106000 | Loss: 2.2319 | LR: 0.023189 | Tokens/s: 39141
Epoch 2 | Batch 107000 | Loss: 2.2319 | LR: 0.023182 | Tokens/s: 39190
Epoch 2 | Batch 108000 | Loss: 2.2320 | LR: 0.023174 | Tokens/s: 39235
Epoch 2 | Batch 109000 | Loss: 2.2319 | LR: 0.023166 | Tokens/s: 39274
Epoch 2 | Batch 110000 | Loss: 2.2313 | LR: 0.023159 | Tokens/s: 39298
Epoch 2 | Batch 111000 | Loss: 2.2305 | LR: 0.023151 | Tokens/s: 39346
Epoch 2 | Batch 112000 | Loss: 2.2301 | LR: 0.023143 | Tokens/s: 39394
Epoch 2 | Batch 113000 | Loss: 2.2296 | LR: 0.023136 | Tokens/s: 39428
Epoch 2 | Batch 114000 | Loss: 2.2295 | LR: 0.023128 | Tokens/s: 39477
Epoch 2 | Batch 115000 | Loss: 2.2290 | LR: 0.023120 | Tokens/s: 39523
Epoch 2 | Batch 116000 | Loss: 2.2291 | LR: 0.023113 | Tokens/s: 39569
Epoch 2 | Batch 117000 | Loss: 2.2286 | LR: 0.023105 | Tokens/s: 39609
Epoch 2 | Batch 118000 | Loss: 2.2283 | LR: 0.023097 | Tokens/s: 39649
Epoch 2 | Batch 119000 | Loss: 2.2268 | LR: 0.023090 | Tokens/s: 39692
Epoch 2 | Batch 120000 | Loss: 2.2257 | LR: 0.023082 | Tokens/s: 39734
Epoch 2 | Batch 121000 | Loss: 2.2256 | LR: 0.023075 | Tokens/s: 39769
Epoch 2 | Batch 122000 | Loss: 2.2256 | LR: 0.023067 | Tokens/s: 39810
Epoch 2 | Batch 123000 | Loss: 2.2252 | LR: 0.023059 | Tokens/s: 39850
Epoch 2 | Batch 124000 | Loss: 2.2253 | LR: 0.023052 | Tokens/s: 39893
Epoch 2 | Batch 125000 | Loss: 2.2251 | LR: 0.023044 | Tokens/s: 39932
Epoch 2 | Batch 126000 | Loss: 2.2250 | LR: 0.023036 | Tokens/s: 39966
Epoch 2 | Batch 127000 | Loss: 2.2246 | LR: 0.023029 | Tokens/s: 40007
Epoch 2 | Batch 128000 | Loss: 2.2246 | LR: 0.023021 | Tokens/s: 40040
Epoch 2 | Batch 129000 | Loss: 2.2244 | LR: 0.023013 | Tokens/s: 40073
Epoch 2 | Batch 130000 | Loss: 2.2246 | LR: 0.023006 | Tokens/s: 40114

=== Epoch 2 summary ===
Time: 834.4s | Loss: 2.2247 | Tokens/s: 40036 | Batches: 130492
--------------------------------------------------
Epoch 3 | Batch   1000 | Loss: 2.2172 | LR: 0.022994 | Tokens/s: 11798
Epoch 3 | Batch   2000 | Loss: 2.1858 | LR: 0.022987 | Tokens/s: 18691
Epoch 3 | Batch   3000 | Loss: 2.1945 | LR: 0.022979 | Tokens/s: 23154
Epoch 3 | Batch   4000 | Loss: 2.1933 | LR: 0.022971 | Tokens/s: 26341
Epoch 3 | Batch   5000 | Loss: 2.1949 | LR: 0.022964 | Tokens/s: 28714
Epoch 3 | Batch   6000 | Loss: 2.1956 | LR: 0.022956 | Tokens/s: 30318
Epoch 3 | Batch   7000 | Loss: 2.1961 | LR: 0.022948 | Tokens/s: 31780
Epoch 3 | Batch   8000 | Loss: 2.1949 | LR: 0.022941 | Tokens/s: 32894
Epoch 3 | Batch   9000 | Loss: 2.1933 | LR: 0.022933 | Tokens/s: 33988
Epoch 3 | Batch  10000 | Loss: 2.1920 | LR: 0.022925 | Tokens/s: 34788
Epoch 3 | Batch  11000 | Loss: 2.1935 | LR: 0.022918 | Tokens/s: 35539
Epoch 3 | Batch  12000 | Loss: 2.1928 | LR: 0.022910 | Tokens/s: 35637
Epoch 3 | Batch  13000 | Loss: 2.1902 | LR: 0.022902 | Tokens/s: 35643
Epoch 3 | Batch  14000 | Loss: 2.1919 | LR: 0.022895 | Tokens/s: 35760
Epoch 3 | Batch  15000 | Loss: 2.1903 | LR: 0.022887 | Tokens/s: 35790
Epoch 3 | Batch  16000 | Loss: 2.1916 | LR: 0.022879 | Tokens/s: 35786
Epoch 3 | Batch  17000 | Loss: 2.1909 | LR: 0.022872 | Tokens/s: 35847
Epoch 3 | Batch  18000 | Loss: 2.1916 | LR: 0.022864 | Tokens/s: 35787
Epoch 3 | Batch  19000 | Loss: 2.1827 | LR: 0.022856 | Tokens/s: 35723
Epoch 3 | Batch  20000 | Loss: 2.1843 | LR: 0.022849 | Tokens/s: 35658
Epoch 3 | Batch  21000 | Loss: 2.1831 | LR: 0.022841 | Tokens/s: 35690
Epoch 3 | Batch  22000 | Loss: 2.1845 | LR: 0.022833 | Tokens/s: 35704
Epoch 3 | Batch  23000 | Loss: 2.1846 | LR: 0.022826 | Tokens/s: 35740
Epoch 3 | Batch  24000 | Loss: 2.1842 | LR: 0.022818 | Tokens/s: 35762
Epoch 3 | Batch  25000 | Loss: 2.1836 | LR: 0.022810 | Tokens/s: 35786
Epoch 3 | Batch  26000 | Loss: 2.1831 | LR: 0.022803 | Tokens/s: 35777
Epoch 3 | Batch  27000 | Loss: 2.1836 | LR: 0.022795 | Tokens/s: 35845
Epoch 3 | Batch  28000 | Loss: 2.1852 | LR: 0.022787 | Tokens/s: 35844
Epoch 3 | Batch  29000 | Loss: 2.1870 | LR: 0.022780 | Tokens/s: 35841
Epoch 3 | Batch  30000 | Loss: 2.1876 | LR: 0.022772 | Tokens/s: 35876
Epoch 3 | Batch  31000 | Loss: 2.1865 | LR: 0.022765 | Tokens/s: 35926
Epoch 3 | Batch  32000 | Loss: 2.1805 | LR: 0.022757 | Tokens/s: 35942
Epoch 3 | Batch  33000 | Loss: 2.1788 | LR: 0.022749 | Tokens/s: 35954
Epoch 3 | Batch  34000 | Loss: 2.1793 | LR: 0.022742 | Tokens/s: 35978
Epoch 3 | Batch  35000 | Loss: 2.1784 | LR: 0.022734 | Tokens/s: 35985
Epoch 3 | Batch  36000 | Loss: 2.1775 | LR: 0.022726 | Tokens/s: 35982
Epoch 3 | Batch  37000 | Loss: 2.1767 | LR: 0.022719 | Tokens/s: 35959
Epoch 3 | Batch  38000 | Loss: 2.1772 | LR: 0.022711 | Tokens/s: 35987
Epoch 3 | Batch  39000 | Loss: 2.1748 | LR: 0.022703 | Tokens/s: 36004
Epoch 3 | Batch  40000 | Loss: 2.1735 | LR: 0.022696 | Tokens/s: 36022
Epoch 3 | Batch  41000 | Loss: 2.1728 | LR: 0.022688 | Tokens/s: 36006
Epoch 3 | Batch  42000 | Loss: 2.1734 | LR: 0.022680 | Tokens/s: 36035
Epoch 3 | Batch  43000 | Loss: 2.1734 | LR: 0.022673 | Tokens/s: 36053
Epoch 3 | Batch  44000 | Loss: 2.1745 | LR: 0.022665 | Tokens/s: 36082
Epoch 3 | Batch  45000 | Loss: 2.1749 | LR: 0.022657 | Tokens/s: 36117
Epoch 3 | Batch  46000 | Loss: 2.1747 | LR: 0.022650 | Tokens/s: 36132
Epoch 3 | Batch  47000 | Loss: 2.1751 | LR: 0.022642 | Tokens/s: 36120
Epoch 3 | Batch  48000 | Loss: 2.1743 | LR: 0.022634 | Tokens/s: 36161
Epoch 3 | Batch  49000 | Loss: 2.1748 | LR: 0.022627 | Tokens/s: 36198
Epoch 3 | Batch  50000 | Loss: 2.1744 | LR: 0.022619 | Tokens/s: 36224
Epoch 3 | Batch  51000 | Loss: 2.1737 | LR: 0.022611 | Tokens/s: 36247
Epoch 3 | Batch  52000 | Loss: 2.1739 | LR: 0.022604 | Tokens/s: 36286
Epoch 3 | Batch  53000 | Loss: 2.1739 | LR: 0.022596 | Tokens/s: 36291
Epoch 3 | Batch  54000 | Loss: 2.1746 | LR: 0.022588 | Tokens/s: 36289
Epoch 3 | Batch  55000 | Loss: 2.1752 | LR: 0.022581 | Tokens/s: 36299
Epoch 3 | Batch  56000 | Loss: 2.1753 | LR: 0.022573 | Tokens/s: 36304
Epoch 3 | Batch  57000 | Loss: 2.1739 | LR: 0.022565 | Tokens/s: 36311
Epoch 3 | Batch  58000 | Loss: 2.1745 | LR: 0.022558 | Tokens/s: 36328
Epoch 3 | Batch  59000 | Loss: 2.1735 | LR: 0.022550 | Tokens/s: 36335
Epoch 3 | Batch  60000 | Loss: 2.1736 | LR: 0.022542 | Tokens/s: 36304
Epoch 3 | Batch  61000 | Loss: 2.1737 | LR: 0.022535 | Tokens/s: 36301
Epoch 3 | Batch  62000 | Loss: 2.1734 | LR: 0.022527 | Tokens/s: 36286
Epoch 3 | Batch  63000 | Loss: 2.1736 | LR: 0.022520 | Tokens/s: 36290
Epoch 3 | Batch  64000 | Loss: 2.1735 | LR: 0.022512 | Tokens/s: 36292
Epoch 3 | Batch  65000 | Loss: 2.1729 | LR: 0.022504 | Tokens/s: 36281
Epoch 3 | Batch  66000 | Loss: 2.1731 | LR: 0.022497 | Tokens/s: 36273
Epoch 3 | Batch  67000 | Loss: 2.1727 | LR: 0.022489 | Tokens/s: 36236
Epoch 3 | Batch  68000 | Loss: 2.1729 | LR: 0.022481 | Tokens/s: 36233
Epoch 3 | Batch  69000 | Loss: 2.1736 | LR: 0.022474 | Tokens/s: 36227
Epoch 3 | Batch  70000 | Loss: 2.1721 | LR: 0.022466 | Tokens/s: 36083
Epoch 3 | Batch  71000 | Loss: 2.1724 | LR: 0.022458 | Tokens/s: 35976
Epoch 3 | Batch  72000 | Loss: 2.1729 | LR: 0.022451 | Tokens/s: 35885
Epoch 3 | Batch  73000 | Loss: 2.1727 | LR: 0.022443 | Tokens/s: 35888
Epoch 3 | Batch  74000 | Loss: 2.1723 | LR: 0.022435 | Tokens/s: 35732
Epoch 3 | Batch  75000 | Loss: 2.1716 | LR: 0.022428 | Tokens/s: 35210
Epoch 3 | Batch  76000 | Loss: 2.1717 | LR: 0.022420 | Tokens/s: 35015
Epoch 3 | Batch  77000 | Loss: 2.1722 | LR: 0.022412 | Tokens/s: 34887
Epoch 3 | Batch  78000 | Loss: 2.1719 | LR: 0.022405 | Tokens/s: 34759
Epoch 3 | Batch  79000 | Loss: 2.1718 | LR: 0.022397 | Tokens/s: 34638
Epoch 3 | Batch  80000 | Loss: 2.1720 | LR: 0.022389 | Tokens/s: 34460
Epoch 3 | Batch  81000 | Loss: 2.1724 | LR: 0.022382 | Tokens/s: 34361
Epoch 3 | Batch  82000 | Loss: 2.1718 | LR: 0.022374 | Tokens/s: 34258
Epoch 3 | Batch  83000 | Loss: 2.1721 | LR: 0.022366 | Tokens/s: 34158
Epoch 3 | Batch  84000 | Loss: 2.1721 | LR: 0.022359 | Tokens/s: 34059
Epoch 3 | Batch  85000 | Loss: 2.1724 | LR: 0.022351 | Tokens/s: 33953
Epoch 3 | Batch  86000 | Loss: 2.1719 | LR: 0.022343 | Tokens/s: 33857
Epoch 3 | Batch  87000 | Loss: 2.1722 | LR: 0.022336 | Tokens/s: 33759
Epoch 3 | Batch  88000 | Loss: 2.1723 | LR: 0.022328 | Tokens/s: 33664
Epoch 3 | Batch  89000 | Loss: 2.1724 | LR: 0.022320 | Tokens/s: 33574
Epoch 3 | Batch  90000 | Loss: 2.1719 | LR: 0.022313 | Tokens/s: 33488
Epoch 3 | Batch  91000 | Loss: 2.1718 | LR: 0.022305 | Tokens/s: 33404
Epoch 3 | Batch  92000 | Loss: 2.1711 | LR: 0.022298 | Tokens/s: 33320
Epoch 3 | Batch  93000 | Loss: 2.1707 | LR: 0.022290 | Tokens/s: 33244
Epoch 3 | Batch  94000 | Loss: 2.1703 | LR: 0.022282 | Tokens/s: 33166
Epoch 3 | Batch  95000 | Loss: 2.1700 | LR: 0.022275 | Tokens/s: 33080
Epoch 3 | Batch  96000 | Loss: 2.1696 | LR: 0.022267 | Tokens/s: 32997
Epoch 3 | Batch  97000 | Loss: 2.1699 | LR: 0.022259 | Tokens/s: 32914
Epoch 3 | Batch  98000 | Loss: 2.1702 | LR: 0.022252 | Tokens/s: 32844
Epoch 3 | Batch  99000 | Loss: 2.1694 | LR: 0.022244 | Tokens/s: 32780
Epoch 3 | Batch 100000 | Loss: 2.1685 | LR: 0.022236 | Tokens/s: 32721
Epoch 3 | Batch 101000 | Loss: 2.1684 | LR: 0.022229 | Tokens/s: 32663
Epoch 3 | Batch 102000 | Loss: 2.1685 | LR: 0.022221 | Tokens/s: 32618
Epoch 3 | Batch 103000 | Loss: 2.1688 | LR: 0.022213 | Tokens/s: 32568
Epoch 3 | Batch 104000 | Loss: 2.1693 | LR: 0.022206 | Tokens/s: 32529
Epoch 3 | Batch 105000 | Loss: 2.1689 | LR: 0.022198 | Tokens/s: 32486
Epoch 3 | Batch 106000 | Loss: 2.1693 | LR: 0.022190 | Tokens/s: 32424
Epoch 3 | Batch 107000 | Loss: 2.1694 | LR: 0.022183 | Tokens/s: 32367
Epoch 3 | Batch 108000 | Loss: 2.1697 | LR: 0.022175 | Tokens/s: 32310
Epoch 3 | Batch 109000 | Loss: 2.1697 | LR: 0.022167 | Tokens/s: 32252
Epoch 3 | Batch 110000 | Loss: 2.1693 | LR: 0.022160 | Tokens/s: 32186
Epoch 3 | Batch 111000 | Loss: 2.1686 | LR: 0.022152 | Tokens/s: 32120
Epoch 3 | Batch 112000 | Loss: 2.1683 | LR: 0.022144 | Tokens/s: 32064
Epoch 3 | Batch 113000 | Loss: 2.1678 | LR: 0.022137 | Tokens/s: 32018
Epoch 3 | Batch 114000 | Loss: 2.1677 | LR: 0.022129 | Tokens/s: 32061
Epoch 3 | Batch 115000 | Loss: 2.1672 | LR: 0.022121 | Tokens/s: 32092
Epoch 3 | Batch 116000 | Loss: 2.1674 | LR: 0.022114 | Tokens/s: 32105
Epoch 3 | Batch 117000 | Loss: 2.1671 | LR: 0.022106 | Tokens/s: 32115
Epoch 3 | Batch 118000 | Loss: 2.1669 | LR: 0.022098 | Tokens/s: 32115
Epoch 3 | Batch 119000 | Loss: 2.1654 | LR: 0.022091 | Tokens/s: 32112
Epoch 3 | Batch 120000 | Loss: 2.1645 | LR: 0.022083 | Tokens/s: 32107
Epoch 3 | Batch 121000 | Loss: 2.1646 | LR: 0.022075 | Tokens/s: 32102
Epoch 3 | Batch 122000 | Loss: 2.1647 | LR: 0.022068 | Tokens/s: 32099
Epoch 3 | Batch 123000 | Loss: 2.1644 | LR: 0.022060 | Tokens/s: 32096
Epoch 3 | Batch 124000 | Loss: 2.1647 | LR: 0.022053 | Tokens/s: 32101
Epoch 3 | Batch 125000 | Loss: 2.1645 | LR: 0.022045 | Tokens/s: 32104
Epoch 3 | Batch 126000 | Loss: 2.1645 | LR: 0.022037 | Tokens/s: 32108
Epoch 3 | Batch 127000 | Loss: 2.1643 | LR: 0.022030 | Tokens/s: 32103
Epoch 3 | Batch 128000 | Loss: 2.1643 | LR: 0.022022 | Tokens/s: 32105
Epoch 3 | Batch 129000 | Loss: 2.1642 | LR: 0.022014 | Tokens/s: 32101
Epoch 3 | Batch 130000 | Loss: 2.1646 | LR: 0.022007 | Tokens/s: 32104

=== Epoch 3 summary ===
Time: 1043.0s | Loss: 2.1646 | Tokens/s: 32029 | Batches: 130489
--------------------------------------------------
Epoch 4 | Batch   1000 | Loss: 2.1826 | LR: 0.021995 | Tokens/s: 8666
Epoch 4 | Batch   2000 | Loss: 2.1466 | LR: 0.021988 | Tokens/s: 13626
Epoch 4 | Batch   3000 | Loss: 2.1561 | LR: 0.021980 | Tokens/s: 16875
Epoch 4 | Batch   4000 | Loss: 2.1560 | LR: 0.021972 | Tokens/s: 19090
Epoch 4 | Batch   5000 | Loss: 2.1575 | LR: 0.021965 | Tokens/s: 20710
Epoch 4 | Batch   6000 | Loss: 2.1590 | LR: 0.021957 | Tokens/s: 22019
Epoch 4 | Batch   7000 | Loss: 2.1580 | LR: 0.021949 | Tokens/s: 23061
Epoch 4 | Batch   8000 | Loss: 2.1574 | LR: 0.021942 | Tokens/s: 23855
Epoch 4 | Batch   9000 | Loss: 2.1563 | LR: 0.021934 | Tokens/s: 24587
Epoch 4 | Batch  10000 | Loss: 2.1555 | LR: 0.021926 | Tokens/s: 25184
Epoch 4 | Batch  11000 | Loss: 2.1561 | LR: 0.021919 | Tokens/s: 25711
Epoch 4 | Batch  12000 | Loss: 2.1549 | LR: 0.021911 | Tokens/s: 26142
Epoch 4 | Batch  13000 | Loss: 2.1521 | LR: 0.021903 | Tokens/s: 26582
Epoch 4 | Batch  14000 | Loss: 2.1531 | LR: 0.021896 | Tokens/s: 26957
Epoch 4 | Batch  15000 | Loss: 2.1513 | LR: 0.021888 | Tokens/s: 27250
Epoch 4 | Batch  16000 | Loss: 2.1528 | LR: 0.021880 | Tokens/s: 27519
Epoch 4 | Batch  17000 | Loss: 2.1520 | LR: 0.021873 | Tokens/s: 27745
Epoch 4 | Batch  18000 | Loss: 2.1525 | LR: 0.021865 | Tokens/s: 27969
Epoch 4 | Batch  19000 | Loss: 2.1440 | LR: 0.021857 | Tokens/s: 28141
Epoch 4 | Batch  20000 | Loss: 2.1457 | LR: 0.021850 | Tokens/s: 28320
Epoch 4 | Batch  21000 | Loss: 2.1448 | LR: 0.021842 | Tokens/s: 28489
Epoch 4 | Batch  22000 | Loss: 2.1459 | LR: 0.021834 | Tokens/s: 28652
Epoch 4 | Batch  23000 | Loss: 2.1459 | LR: 0.021827 | Tokens/s: 28819
Epoch 4 | Batch  24000 | Loss: 2.1462 | LR: 0.021819 | Tokens/s: 29097
Epoch 4 | Batch  25000 | Loss: 2.1456 | LR: 0.021811 | Tokens/s: 29341
Epoch 4 | Batch  26000 | Loss: 2.1451 | LR: 0.021804 | Tokens/s: 29456
Epoch 4 | Batch  27000 | Loss: 2.1455 | LR: 0.021796 | Tokens/s: 29542
Epoch 4 | Batch  28000 | Loss: 2.1472 | LR: 0.021788 | Tokens/s: 29632
Epoch 4 | Batch  29000 | Loss: 2.1493 | LR: 0.021781 | Tokens/s: 29700
Epoch 4 | Batch  30000 | Loss: 2.1497 | LR: 0.021773 | Tokens/s: 29788
Epoch 4 | Batch  31000 | Loss: 2.1483 | LR: 0.021765 | Tokens/s: 29857
Epoch 4 | Batch  32000 | Loss: 2.1425 | LR: 0.021758 | Tokens/s: 29924
Epoch 4 | Batch  33000 | Loss: 2.1404 | LR: 0.021750 | Tokens/s: 29984
Epoch 4 | Batch  34000 | Loss: 2.1413 | LR: 0.021743 | Tokens/s: 30055
Epoch 4 | Batch  35000 | Loss: 2.1405 | LR: 0.021735 | Tokens/s: 30135
Epoch 4 | Batch  36000 | Loss: 2.1392 | LR: 0.021727 | Tokens/s: 30216
Epoch 4 | Batch  37000 | Loss: 2.1388 | LR: 0.021720 | Tokens/s: 30292
Epoch 4 | Batch  38000 | Loss: 2.1387 | LR: 0.021712 | Tokens/s: 30363
Epoch 4 | Batch  39000 | Loss: 2.1365 | LR: 0.021704 | Tokens/s: 30409
Epoch 4 | Batch  40000 | Loss: 2.1351 | LR: 0.021697 | Tokens/s: 30461
Epoch 4 | Batch  41000 | Loss: 2.1344 | LR: 0.021689 | Tokens/s: 30510
Epoch 4 | Batch  42000 | Loss: 2.1350 | LR: 0.021681 | Tokens/s: 30562
Epoch 4 | Batch  43000 | Loss: 2.1352 | LR: 0.021674 | Tokens/s: 30619
Epoch 4 | Batch  44000 | Loss: 2.1362 | LR: 0.021666 | Tokens/s: 30700
Epoch 4 | Batch  45000 | Loss: 2.1368 | LR: 0.021658 | Tokens/s: 30765
Epoch 4 | Batch  46000 | Loss: 2.1365 | LR: 0.021651 | Tokens/s: 30827
Epoch 4 | Batch  47000 | Loss: 2.1370 | LR: 0.021643 | Tokens/s: 30879
Epoch 4 | Batch  48000 | Loss: 2.1364 | LR: 0.021635 | Tokens/s: 30940
Epoch 4 | Batch  49000 | Loss: 2.1371 | LR: 0.021628 | Tokens/s: 30979
Epoch 4 | Batch  50000 | Loss: 2.1368 | LR: 0.021620 | Tokens/s: 31017
Epoch 4 | Batch  51000 | Loss: 2.1361 | LR: 0.021612 | Tokens/s: 31053
Epoch 4 | Batch  52000 | Loss: 2.1362 | LR: 0.021605 | Tokens/s: 31095
Epoch 4 | Batch  53000 | Loss: 2.1367 | LR: 0.021597 | Tokens/s: 31136
Epoch 4 | Batch  54000 | Loss: 2.1375 | LR: 0.021589 | Tokens/s: 31164
Epoch 4 | Batch  55000 | Loss: 2.1383 | LR: 0.021582 | Tokens/s: 31207
Epoch 4 | Batch  56000 | Loss: 2.1384 | LR: 0.021574 | Tokens/s: 31246
Epoch 4 | Batch  57000 | Loss: 2.1370 | LR: 0.021566 | Tokens/s: 31275
Epoch 4 | Batch  58000 | Loss: 2.1378 | LR: 0.021559 | Tokens/s: 31315
Epoch 4 | Batch  59000 | Loss: 2.1371 | LR: 0.021551 | Tokens/s: 31335
Epoch 4 | Batch  60000 | Loss: 2.1371 | LR: 0.021543 | Tokens/s: 31357
Epoch 4 | Batch  61000 | Loss: 2.1373 | LR: 0.021536 | Tokens/s: 31388
Epoch 4 | Batch  62000 | Loss: 2.1371 | LR: 0.021528 | Tokens/s: 31417
Epoch 4 | Batch  63000 | Loss: 2.1373 | LR: 0.021521 | Tokens/s: 31431
Epoch 4 | Batch  64000 | Loss: 2.1372 | LR: 0.021513 | Tokens/s: 31444
Epoch 4 | Batch  65000 | Loss: 2.1368 | LR: 0.021505 | Tokens/s: 31462
Epoch 4 | Batch  66000 | Loss: 2.1368 | LR: 0.021498 | Tokens/s: 31487
Epoch 4 | Batch  67000 | Loss: 2.1368 | LR: 0.021490 | Tokens/s: 31502
Epoch 4 | Batch  68000 | Loss: 2.1370 | LR: 0.021482 | Tokens/s: 31522
Epoch 4 | Batch  69000 | Loss: 2.1379 | LR: 0.021475 | Tokens/s: 31546
Epoch 4 | Batch  70000 | Loss: 2.1363 | LR: 0.021467 | Tokens/s: 31582
Epoch 4 | Batch  71000 | Loss: 2.1369 | LR: 0.021459 | Tokens/s: 31593
Epoch 4 | Batch  72000 | Loss: 2.1374 | LR: 0.021452 | Tokens/s: 31621
Epoch 4 | Batch  73000 | Loss: 2.1374 | LR: 0.021444 | Tokens/s: 31642
Epoch 4 | Batch  74000 | Loss: 2.1370 | LR: 0.021436 | Tokens/s: 31671
Epoch 4 | Batch  75000 | Loss: 2.1366 | LR: 0.021429 | Tokens/s: 31684
Epoch 4 | Batch  76000 | Loss: 2.1366 | LR: 0.021421 | Tokens/s: 31702
Epoch 4 | Batch  77000 | Loss: 2.1371 | LR: 0.021413 | Tokens/s: 31709
Epoch 4 | Batch  78000 | Loss: 2.1370 | LR: 0.021406 | Tokens/s: 31716
Epoch 4 | Batch  79000 | Loss: 2.1368 | LR: 0.021398 | Tokens/s: 31725
Epoch 4 | Batch  80000 | Loss: 2.1372 | LR: 0.021390 | Tokens/s: 31739
Epoch 4 | Batch  81000 | Loss: 2.1376 | LR: 0.021383 | Tokens/s: 31754
Epoch 4 | Batch  82000 | Loss: 2.1371 | LR: 0.021375 | Tokens/s: 31773
Epoch 4 | Batch  83000 | Loss: 2.1376 | LR: 0.021367 | Tokens/s: 31796
Epoch 4 | Batch  84000 | Loss: 2.1376 | LR: 0.021360 | Tokens/s: 31808
Epoch 4 | Batch  85000 | Loss: 2.1379 | LR: 0.021352 | Tokens/s: 31814
Epoch 4 | Batch  86000 | Loss: 2.1374 | LR: 0.021344 | Tokens/s: 31832
Epoch 4 | Batch  87000 | Loss: 2.1378 | LR: 0.021337 | Tokens/s: 31851
Epoch 4 | Batch  88000 | Loss: 2.1379 | LR: 0.021329 | Tokens/s: 31862
Epoch 4 | Batch  89000 | Loss: 2.1381 | LR: 0.021321 | Tokens/s: 31879
Epoch 4 | Batch  90000 | Loss: 2.1376 | LR: 0.021314 | Tokens/s: 31895
Epoch 4 | Batch  91000 | Loss: 2.1375 | LR: 0.021306 | Tokens/s: 31913
Epoch 4 | Batch  92000 | Loss: 2.1370 | LR: 0.021298 | Tokens/s: 31936
Epoch 4 | Batch  93000 | Loss: 2.1367 | LR: 0.021291 | Tokens/s: 31962
Epoch 4 | Batch  94000 | Loss: 2.1364 | LR: 0.021283 | Tokens/s: 31984
Epoch 4 | Batch  95000 | Loss: 2.1361 | LR: 0.021276 | Tokens/s: 32013
Epoch 4 | Batch  96000 | Loss: 2.1357 | LR: 0.021268 | Tokens/s: 32044
Epoch 4 | Batch  97000 | Loss: 2.1363 | LR: 0.021260 | Tokens/s: 32071
Epoch 4 | Batch  98000 | Loss: 2.1366 | LR: 0.021253 | Tokens/s: 32098
Epoch 4 | Batch  99000 | Loss: 2.1360 | LR: 0.021245 | Tokens/s: 32121
Epoch 4 | Batch 100000 | Loss: 2.1349 | LR: 0.021237 | Tokens/s: 32143
Epoch 4 | Batch 101000 | Loss: 2.1349 | LR: 0.021230 | Tokens/s: 32162
Epoch 4 | Batch 102000 | Loss: 2.1350 | LR: 0.021222 | Tokens/s: 32169
Epoch 4 | Batch 103000 | Loss: 2.1353 | LR: 0.021214 | Tokens/s: 32173
Epoch 4 | Batch 104000 | Loss: 2.1359 | LR: 0.021207 | Tokens/s: 32187
Epoch 4 | Batch 105000 | Loss: 2.1356 | LR: 0.021199 | Tokens/s: 32202
Epoch 4 | Batch 106000 | Loss: 2.1358 | LR: 0.021191 | Tokens/s: 32218
Epoch 4 | Batch 107000 | Loss: 2.1360 | LR: 0.021184 | Tokens/s: 32231
Epoch 4 | Batch 108000 | Loss: 2.1362 | LR: 0.021176 | Tokens/s: 32247
Epoch 4 | Batch 109000 | Loss: 2.1363 | LR: 0.021168 | Tokens/s: 32259
Epoch 4 | Batch 110000 | Loss: 2.1359 | LR: 0.021161 | Tokens/s: 32273
Epoch 4 | Batch 111000 | Loss: 2.1353 | LR: 0.021153 | Tokens/s: 32281
Epoch 4 | Batch 112000 | Loss: 2.1351 | LR: 0.021145 | Tokens/s: 32292
Epoch 4 | Batch 113000 | Loss: 2.1345 | LR: 0.021138 | Tokens/s: 32297
Epoch 4 | Batch 114000 | Loss: 2.1345 | LR: 0.021130 | Tokens/s: 32310
Epoch 4 | Batch 115000 | Loss: 2.1341 | LR: 0.021122 | Tokens/s: 32318
Epoch 4 | Batch 116000 | Loss: 2.1344 | LR: 0.021115 | Tokens/s: 32327
Epoch 4 | Batch 117000 | Loss: 2.1342 | LR: 0.021107 | Tokens/s: 32331
Epoch 4 | Batch 118000 | Loss: 2.1340 | LR: 0.021099 | Tokens/s: 32343
Epoch 4 | Batch 119000 | Loss: 2.1326 | LR: 0.021092 | Tokens/s: 32343
Epoch 4 | Batch 120000 | Loss: 2.1318 | LR: 0.021084 | Tokens/s: 32348
Epoch 4 | Batch 121000 | Loss: 2.1320 | LR: 0.021076 | Tokens/s: 32352
Epoch 4 | Batch 122000 | Loss: 2.1320 | LR: 0.021069 | Tokens/s: 32358
Epoch 4 | Batch 123000 | Loss: 2.1318 | LR: 0.021061 | Tokens/s: 32357
Epoch 4 | Batch 124000 | Loss: 2.1321 | LR: 0.021053 | Tokens/s: 32359
Epoch 4 | Batch 125000 | Loss: 2.1319 | LR: 0.021046 | Tokens/s: 32363
Epoch 4 | Batch 126000 | Loss: 2.1319 | LR: 0.021038 | Tokens/s: 32372
Epoch 4 | Batch 127000 | Loss: 2.1319 | LR: 0.021031 | Tokens/s: 32374
Epoch 4 | Batch 128000 | Loss: 2.1319 | LR: 0.021023 | Tokens/s: 32385
Epoch 4 | Batch 129000 | Loss: 2.1319 | LR: 0.021015 | Tokens/s: 32389
Epoch 4 | Batch 130000 | Loss: 2.1322 | LR: 0.021008 | Tokens/s: 32401

=== Epoch 4 summary ===
Time: 1033.0s | Loss: 2.1324 | Tokens/s: 32330 | Batches: 130461
--------------------------------------------------
Epoch 5 | Batch   1000 | Loss: 2.1580 | LR: 0.020996 | Tokens/s: 8944
Epoch 5 | Batch   2000 | Loss: 2.1205 | LR: 0.020989 | Tokens/s: 14061
Epoch 5 | Batch   3000 | Loss: 2.1280 | LR: 0.020981 | Tokens/s: 17397
Epoch 5 | Batch   4000 | Loss: 2.1269 | LR: 0.020973 | Tokens/s: 19754
Epoch 5 | Batch   5000 | Loss: 2.1291 | LR: 0.020966 | Tokens/s: 21564
Epoch 5 | Batch   6000 | Loss: 2.1310 | LR: 0.020958 | Tokens/s: 22931
Epoch 5 | Batch   7000 | Loss: 2.1295 | LR: 0.020950 | Tokens/s: 23999
Epoch 5 | Batch   8000 | Loss: 2.1281 | LR: 0.020943 | Tokens/s: 24854
Epoch 5 | Batch   9000 | Loss: 2.1269 | LR: 0.020935 | Tokens/s: 25848
Epoch 5 | Batch  10000 | Loss: 2.1269 | LR: 0.020927 | Tokens/s: 26642
Epoch 5 | Batch  11000 | Loss: 2.1282 | LR: 0.020920 | Tokens/s: 27384
Epoch 5 | Batch  12000 | Loss: 2.1276 | LR: 0.020912 | Tokens/s: 28275
Epoch 5 | Batch  13000 | Loss: 2.1248 | LR: 0.020904 | Tokens/s: 29123
Epoch 5 | Batch  14000 | Loss: 2.1258 | LR: 0.020897 | Tokens/s: 29941
Epoch 5 | Batch  15000 | Loss: 2.1244 | LR: 0.020889 | Tokens/s: 30586
Epoch 5 | Batch  16000 | Loss: 2.1257 | LR: 0.020882 | Tokens/s: 31276
Epoch 5 | Batch  17000 | Loss: 2.1254 | LR: 0.020874 | Tokens/s: 31930
Epoch 5 | Batch  18000 | Loss: 2.1258 | LR: 0.020866 | Tokens/s: 32460
Epoch 5 | Batch  19000 | Loss: 2.1175 | LR: 0.020859 | Tokens/s: 32988
Epoch 5 | Batch  20000 | Loss: 2.1188 | LR: 0.020851 | Tokens/s: 33531
Epoch 5 | Batch  21000 | Loss: 2.1179 | LR: 0.020843 | Tokens/s: 33982
Epoch 5 | Batch  22000 | Loss: 2.1193 | LR: 0.020836 | Tokens/s: 34397
Epoch 5 | Batch  23000 | Loss: 2.1198 | LR: 0.020828 | Tokens/s: 34800
Epoch 5 | Batch  24000 | Loss: 2.1201 | LR: 0.020820 | Tokens/s: 35155
Epoch 5 | Batch  25000 | Loss: 2.1193 | LR: 0.020813 | Tokens/s: 35498
Epoch 5 | Batch  26000 | Loss: 2.1188 | LR: 0.020805 | Tokens/s: 35760
Epoch 5 | Batch  27000 | Loss: 2.1195 | LR: 0.020797 | Tokens/s: 35984
Epoch 5 | Batch  28000 | Loss: 2.1214 | LR: 0.020790 | Tokens/s: 36283
Epoch 5 | Batch  29000 | Loss: 2.1232 | LR: 0.020782 | Tokens/s: 36557
Epoch 5 | Batch  30000 | Loss: 2.1239 | LR: 0.020774 | Tokens/s: 36821
Epoch 5 | Batch  31000 | Loss: 2.1229 | LR: 0.020767 | Tokens/s: 37066
Epoch 5 | Batch  32000 | Loss: 2.1168 | LR: 0.020759 | Tokens/s: 37312
Epoch 5 | Batch  33000 | Loss: 2.1152 | LR: 0.020751 | Tokens/s: 37560
Epoch 5 | Batch  34000 | Loss: 2.1161 | LR: 0.020744 | Tokens/s: 37796
Epoch 5 | Batch  35000 | Loss: 2.1154 | LR: 0.020736 | Tokens/s: 37963
Epoch 5 | Batch  36000 | Loss: 2.1144 | LR: 0.020728 | Tokens/s: 38149
Epoch 5 | Batch  37000 | Loss: 2.1139 | LR: 0.020721 | Tokens/s: 38400
Epoch 5 | Batch  38000 | Loss: 2.1139 | LR: 0.020713 | Tokens/s: 38609
Epoch 5 | Batch  39000 | Loss: 2.1118 | LR: 0.020705 | Tokens/s: 38845
Epoch 5 | Batch  40000 | Loss: 2.1105 | LR: 0.020698 | Tokens/s: 39026
Epoch 5 | Batch  41000 | Loss: 2.1099 | LR: 0.020690 | Tokens/s: 39177
Epoch 5 | Batch  42000 | Loss: 2.1106 | LR: 0.020682 | Tokens/s: 39318
Epoch 5 | Batch  43000 | Loss: 2.1107 | LR: 0.020675 | Tokens/s: 39465
Epoch 5 | Batch  44000 | Loss: 2.1120 | LR: 0.020667 | Tokens/s: 39629
Epoch 5 | Batch  45000 | Loss: 2.1124 | LR: 0.020659 | Tokens/s: 39761
Epoch 5 | Batch  46000 | Loss: 2.1123 | LR: 0.020652 | Tokens/s: 39870
Epoch 5 | Batch  47000 | Loss: 2.1128 | LR: 0.020644 | Tokens/s: 40030
Epoch 5 | Batch  48000 | Loss: 2.1122 | LR: 0.020637 | Tokens/s: 40136
Epoch 5 | Batch  49000 | Loss: 2.1128 | LR: 0.020629 | Tokens/s: 40230
Epoch 5 | Batch  50000 | Loss: 2.1126 | LR: 0.020621 | Tokens/s: 40355
Epoch 5 | Batch  51000 | Loss: 2.1120 | LR: 0.020614 | Tokens/s: 40489
Epoch 5 | Batch  52000 | Loss: 2.1122 | LR: 0.020606 | Tokens/s: 40587
Epoch 5 | Batch  53000 | Loss: 2.1124 | LR: 0.020598 | Tokens/s: 40693
Epoch 5 | Batch  54000 | Loss: 2.1133 | LR: 0.020591 | Tokens/s: 40803
Epoch 5 | Batch  55000 | Loss: 2.1140 | LR: 0.020583 | Tokens/s: 40881
Epoch 5 | Batch  56000 | Loss: 2.1142 | LR: 0.020575 | Tokens/s: 40962
Epoch 5 | Batch  57000 | Loss: 2.1130 | LR: 0.020568 | Tokens/s: 41043
Epoch 5 | Batch  58000 | Loss: 2.1137 | LR: 0.020560 | Tokens/s: 41133
Epoch 5 | Batch  59000 | Loss: 2.1129 | LR: 0.020552 | Tokens/s: 41175
Epoch 5 | Batch  60000 | Loss: 2.1128 | LR: 0.020545 | Tokens/s: 41237
Epoch 5 | Batch  61000 | Loss: 2.1133 | LR: 0.020537 | Tokens/s: 41315
Epoch 5 | Batch  62000 | Loss: 2.1132 | LR: 0.020529 | Tokens/s: 41394
Epoch 5 | Batch  63000 | Loss: 2.1133 | LR: 0.020522 | Tokens/s: 41441
Epoch 5 | Batch  64000 | Loss: 2.1132 | LR: 0.020514 | Tokens/s: 41375
Epoch 5 | Batch  65000 | Loss: 2.1127 | LR: 0.020506 | Tokens/s: 41312
Epoch 5 | Batch  66000 | Loss: 2.1128 | LR: 0.020499 | Tokens/s: 41244
Epoch 5 | Batch  67000 | Loss: 2.1128 | LR: 0.020491 | Tokens/s: 41178
Epoch 5 | Batch  68000 | Loss: 2.1130 | LR: 0.020483 | Tokens/s: 41101
Epoch 5 | Batch  69000 | Loss: 2.1139 | LR: 0.020476 | Tokens/s: 41029
Epoch 5 | Batch  70000 | Loss: 2.1122 | LR: 0.020468 | Tokens/s: 40959
Epoch 5 | Batch  71000 | Loss: 2.1127 | LR: 0.020460 | Tokens/s: 40779
Epoch 5 | Batch  72000 | Loss: 2.1133 | LR: 0.020453 | Tokens/s: 40691
Epoch 5 | Batch  73000 | Loss: 2.1132 | LR: 0.020445 | Tokens/s: 40633
Epoch 5 | Batch  74000 | Loss: 2.1129 | LR: 0.020437 | Tokens/s: 40565
Epoch 5 | Batch  75000 | Loss: 2.1124 | LR: 0.020430 | Tokens/s: 40472
Epoch 5 | Batch  76000 | Loss: 2.1125 | LR: 0.020422 | Tokens/s: 40401
Epoch 5 | Batch  77000 | Loss: 2.1130 | LR: 0.020415 | Tokens/s: 40359
Epoch 5 | Batch  78000 | Loss: 2.1128 | LR: 0.020407 | Tokens/s: 40307
Epoch 5 | Batch  79000 | Loss: 2.1128 | LR: 0.020399 | Tokens/s: 40215
Epoch 5 | Batch  80000 | Loss: 2.1132 | LR: 0.020392 | Tokens/s: 40083
Epoch 5 | Batch  81000 | Loss: 2.1136 | LR: 0.020384 | Tokens/s: 39957
Epoch 5 | Batch  82000 | Loss: 2.1132 | LR: 0.020376 | Tokens/s: 39835
Epoch 5 | Batch  83000 | Loss: 2.1137 | LR: 0.020369 | Tokens/s: 39734
Epoch 5 | Batch  84000 | Loss: 2.1137 | LR: 0.020361 | Tokens/s: 39613
Epoch 5 | Batch  85000 | Loss: 2.1140 | LR: 0.020353 | Tokens/s: 39495
Epoch 5 | Batch  86000 | Loss: 2.1137 | LR: 0.020346 | Tokens/s: 39385
Epoch 5 | Batch  87000 | Loss: 2.1141 | LR: 0.020338 | Tokens/s: 39296
Epoch 5 | Batch  88000 | Loss: 2.1141 | LR: 0.020330 | Tokens/s: 39205
Epoch 5 | Batch  89000 | Loss: 2.1144 | LR: 0.020323 | Tokens/s: 39116
Epoch 5 | Batch  90000 | Loss: 2.1139 | LR: 0.020315 | Tokens/s: 39020
Epoch 5 | Batch  91000 | Loss: 2.1140 | LR: 0.020307 | Tokens/s: 38931
Epoch 5 | Batch  92000 | Loss: 2.1134 | LR: 0.020300 | Tokens/s: 38846
Epoch 5 | Batch  93000 | Loss: 2.1130 | LR: 0.020292 | Tokens/s: 38768
Epoch 5 | Batch  94000 | Loss: 2.1129 | LR: 0.020284 | Tokens/s: 38680
Epoch 5 | Batch  95000 | Loss: 2.1126 | LR: 0.020277 | Tokens/s: 38607
Epoch 5 | Batch  96000 | Loss: 2.1122 | LR: 0.020269 | Tokens/s: 38537
Epoch 5 | Batch  97000 | Loss: 2.1128 | LR: 0.020261 | Tokens/s: 38452
Epoch 5 | Batch  98000 | Loss: 2.1131 | LR: 0.020254 | Tokens/s: 38375
Epoch 5 | Batch  99000 | Loss: 2.1124 | LR: 0.020246 | Tokens/s: 38298
Epoch 5 | Batch 100000 | Loss: 2.1114 | LR: 0.020238 | Tokens/s: 38241
Epoch 5 | Batch 101000 | Loss: 2.1114 | LR: 0.020231 | Tokens/s: 38177
Epoch 5 | Batch 102000 | Loss: 2.1116 | LR: 0.020223 | Tokens/s: 38113
Epoch 5 | Batch 103000 | Loss: 2.1120 | LR: 0.020215 | Tokens/s: 38043
Epoch 5 | Batch 104000 | Loss: 2.1126 | LR: 0.020208 | Tokens/s: 37984
Epoch 5 | Batch 105000 | Loss: 2.1122 | LR: 0.020200 | Tokens/s: 37916
Epoch 5 | Batch 106000 | Loss: 2.1125 | LR: 0.020192 | Tokens/s: 37855
Epoch 5 | Batch 107000 | Loss: 2.1127 | LR: 0.020185 | Tokens/s: 37788
Epoch 5 | Batch 108000 | Loss: 2.1130 | LR: 0.020177 | Tokens/s: 37734
Epoch 5 | Batch 109000 | Loss: 2.1131 | LR: 0.020170 | Tokens/s: 37677
Epoch 5 | Batch 110000 | Loss: 2.1128 | LR: 0.020162 | Tokens/s: 37630
Epoch 5 | Batch 111000 | Loss: 2.1123 | LR: 0.020154 | Tokens/s: 37581
Epoch 5 | Batch 112000 | Loss: 2.1120 | LR: 0.020147 | Tokens/s: 37534
Epoch 5 | Batch 113000 | Loss: 2.1115 | LR: 0.020139 | Tokens/s: 37480
Epoch 5 | Batch 114000 | Loss: 2.1115 | LR: 0.020131 | Tokens/s: 37434
Epoch 5 | Batch 115000 | Loss: 2.1109 | LR: 0.020124 | Tokens/s: 37382
Epoch 5 | Batch 116000 | Loss: 2.1113 | LR: 0.020116 | Tokens/s: 37348
Epoch 5 | Batch 117000 | Loss: 2.1111 | LR: 0.020108 | Tokens/s: 37304
Epoch 5 | Batch 118000 | Loss: 2.1110 | LR: 0.020101 | Tokens/s: 37261
Epoch 5 | Batch 119000 | Loss: 2.1097 | LR: 0.020093 | Tokens/s: 37212
Epoch 5 | Batch 120000 | Loss: 2.1089 | LR: 0.020085 | Tokens/s: 37214
Epoch 5 | Batch 121000 | Loss: 2.1090 | LR: 0.020078 | Tokens/s: 37181
Epoch 5 | Batch 122000 | Loss: 2.1091 | LR: 0.020070 | Tokens/s: 37135
Epoch 5 | Batch 123000 | Loss: 2.1089 | LR: 0.020062 | Tokens/s: 37098
Epoch 5 | Batch 124000 | Loss: 2.1092 | LR: 0.020055 | Tokens/s: 37064
Epoch 5 | Batch 125000 | Loss: 2.1091 | LR: 0.020047 | Tokens/s: 37030
Epoch 5 | Batch 126000 | Loss: 2.1091 | LR: 0.020039 | Tokens/s: 37000
Epoch 5 | Batch 127000 | Loss: 2.1091 | LR: 0.020032 | Tokens/s: 36966
Epoch 5 | Batch 128000 | Loss: 2.1091 | LR: 0.020024 | Tokens/s: 36933
Epoch 5 | Batch 129000 | Loss: 2.1091 | LR: 0.020016 | Tokens/s: 36894
Epoch 5 | Batch 130000 | Loss: 2.1095 | LR: 0.020009 | Tokens/s: 36861

=== Epoch 5 summary ===
Time: 909.1s | Loss: 2.1097 | Tokens/s: 36737 | Batches: 130458
--------------------------------------------------

==================================================
HARDWARE BENCHMARK
  Peak RAM Usage: 1306.1 MB
==================================================
Training completed successfully.
