Building vocabulary...

--- Top 10 most frequent words (subsampling) ---
  'the   ' | count: 1061396 | discard prob: 98.7%
  'of    ' | count: 593677  | discard prob: 98.3%
  'and   ' | count: 416629  | discard prob: 98.0%
  'one   ' | count: 411764  | discard prob: 97.9%
  'in    ' | count: 372201  | discard prob: 97.8%
  'a     ' | count: 325873  | discard prob: 97.7%
  'to    ' | count: 316376  | discard prob: 97.6%
  'zero  ' | count: 264975  | discard prob: 97.4%
  'nine  ' | count: 250430  | discard prob: 97.3%
  'two   ' | count: 192644  | discard prob: 97.0%
--------------------------------------------------

--------------------------------------------------
Training config:
  Vocab size:     71290 tokens
  Embedding dim:  100
  Epochs:         5
  Batch size:     256
  Window size:    5
  Neg samples:    5
  Optimizer:      adagrad
  Learning rate:  0.025
--------------------------------------------------
Epoch 1 | Batch   1000 | Loss: 3.4355 | LR: 0.025000 | Tokens/s: 7728
Epoch 1 | Batch   2000 | Loss: 3.2128 | LR: 0.025000 | Tokens/s: 11533
Epoch 1 | Batch   3000 | Loss: 3.0967 | LR: 0.025000 | Tokens/s: 13833
Epoch 1 | Batch   4000 | Loss: 3.0165 | LR: 0.025000 | Tokens/s: 15358
Epoch 1 | Batch   5000 | Loss: 2.9711 | LR: 0.025000 | Tokens/s: 16433
Epoch 1 | Batch   6000 | Loss: 2.9320 | LR: 0.025000 | Tokens/s: 17273
Epoch 1 | Batch   7000 | Loss: 2.9002 | LR: 0.025000 | Tokens/s: 17879
Epoch 1 | Batch   8000 | Loss: 2.8744 | LR: 0.025000 | Tokens/s: 18350
Epoch 1 | Batch   9000 | Loss: 2.8470 | LR: 0.025000 | Tokens/s: 18730
Epoch 1 | Batch  10000 | Loss: 2.8274 | LR: 0.025000 | Tokens/s: 19056
Epoch 1 | Batch  11000 | Loss: 2.8110 | LR: 0.025000 | Tokens/s: 19346
Epoch 1 | Batch  12000 | Loss: 2.7972 | LR: 0.025000 | Tokens/s: 19591
Epoch 1 | Batch  13000 | Loss: 2.7854 | LR: 0.025000 | Tokens/s: 19799
Epoch 1 | Batch  14000 | Loss: 2.7733 | LR: 0.025000 | Tokens/s: 19953
Epoch 1 | Batch  15000 | Loss: 2.7641 | LR: 0.025000 | Tokens/s: 20114
Epoch 1 | Batch  16000 | Loss: 2.7552 | LR: 0.025000 | Tokens/s: 20254
Epoch 1 | Batch  17000 | Loss: 2.7467 | LR: 0.025000 | Tokens/s: 20392
Epoch 1 | Batch  18000 | Loss: 2.7414 | LR: 0.025000 | Tokens/s: 20522
Epoch 1 | Batch  19000 | Loss: 2.7313 | LR: 0.025000 | Tokens/s: 20635
Epoch 1 | Batch  20000 | Loss: 2.7255 | LR: 0.025000 | Tokens/s: 20729
Epoch 1 | Batch  21000 | Loss: 2.7193 | LR: 0.025000 | Tokens/s: 20784
Epoch 1 | Batch  22000 | Loss: 2.7142 | LR: 0.025000 | Tokens/s: 20893
Epoch 1 | Batch  23000 | Loss: 2.7092 | LR: 0.025000 | Tokens/s: 20976
Epoch 1 | Batch  24000 | Loss: 2.7029 | LR: 0.025000 | Tokens/s: 21048
Epoch 1 | Batch  25000 | Loss: 2.6968 | LR: 0.025000 | Tokens/s: 21118
Epoch 1 | Batch  26000 | Loss: 2.6923 | LR: 0.025000 | Tokens/s: 21181
Epoch 1 | Batch  27000 | Loss: 2.6883 | LR: 0.025000 | Tokens/s: 21235
Epoch 1 | Batch  28000 | Loss: 2.6848 | LR: 0.025000 | Tokens/s: 21295
Epoch 1 | Batch  29000 | Loss: 2.6820 | LR: 0.025000 | Tokens/s: 21340
Epoch 1 | Batch  30000 | Loss: 2.6802 | LR: 0.025000 | Tokens/s: 21397
Epoch 1 | Batch  31000 | Loss: 2.6773 | LR: 0.025000 | Tokens/s: 21443
Epoch 1 | Batch  32000 | Loss: 2.6720 | LR: 0.025000 | Tokens/s: 21472
Epoch 1 | Batch  33000 | Loss: 2.6687 | LR: 0.025000 | Tokens/s: 21501
Epoch 1 | Batch  34000 | Loss: 2.6661 | LR: 0.025000 | Tokens/s: 21531
Epoch 1 | Batch  35000 | Loss: 2.6633 | LR: 0.025000 | Tokens/s: 21567
Epoch 1 | Batch  36000 | Loss: 2.6597 | LR: 0.025000 | Tokens/s: 21590
Epoch 1 | Batch  37000 | Loss: 2.6571 | LR: 0.025000 | Tokens/s: 21615
Epoch 1 | Batch  38000 | Loss: 2.6550 | LR: 0.025000 | Tokens/s: 21643
Epoch 1 | Batch  39000 | Loss: 2.6529 | LR: 0.025000 | Tokens/s: 21676
Epoch 1 | Batch  40000 | Loss: 2.6501 | LR: 0.025000 | Tokens/s: 21703
Epoch 1 | Batch  41000 | Loss: 2.6474 | LR: 0.025000 | Tokens/s: 21715
Epoch 1 | Batch  42000 | Loss: 2.6455 | LR: 0.025000 | Tokens/s: 21736
Epoch 1 | Batch  43000 | Loss: 2.6434 | LR: 0.025000 | Tokens/s: 21761
Epoch 1 | Batch  44000 | Loss: 2.6419 | LR: 0.025000 | Tokens/s: 21784
Epoch 1 | Batch  45000 | Loss: 2.6401 | LR: 0.025000 | Tokens/s: 21807
Epoch 1 | Batch  46000 | Loss: 2.6382 | LR: 0.025000 | Tokens/s: 21824
Epoch 1 | Batch  47000 | Loss: 2.6363 | LR: 0.025000 | Tokens/s: 21853
Epoch 1 | Batch  48000 | Loss: 2.6341 | LR: 0.025000 | Tokens/s: 21876
Epoch 1 | Batch  49000 | Loss: 2.6327 | LR: 0.025000 | Tokens/s: 21893
Epoch 1 | Batch  50000 | Loss: 2.6308 | LR: 0.025000 | Tokens/s: 21913
Epoch 1 | Batch  51000 | Loss: 2.6290 | LR: 0.025000 | Tokens/s: 21931
Epoch 1 | Batch  52000 | Loss: 2.6269 | LR: 0.025000 | Tokens/s: 21956
Epoch 1 | Batch  53000 | Loss: 2.6255 | LR: 0.025000 | Tokens/s: 21969
Epoch 1 | Batch  54000 | Loss: 2.6241 | LR: 0.025000 | Tokens/s: 21984
Epoch 1 | Batch  55000 | Loss: 2.6226 | LR: 0.025000 | Tokens/s: 22003
Epoch 1 | Batch  56000 | Loss: 2.6209 | LR: 0.025000 | Tokens/s: 22019
Epoch 1 | Batch  57000 | Loss: 2.6191 | LR: 0.025000 | Tokens/s: 22029
Epoch 1 | Batch  58000 | Loss: 2.6177 | LR: 0.025000 | Tokens/s: 22050
Epoch 1 | Batch  59000 | Loss: 2.6154 | LR: 0.025000 | Tokens/s: 22067
Epoch 1 | Batch  60000 | Loss: 2.6140 | LR: 0.025000 | Tokens/s: 22084
Epoch 1 | Batch  61000 | Loss: 2.6123 | LR: 0.025000 | Tokens/s: 22103
Epoch 1 | Batch  62000 | Loss: 2.6108 | LR: 0.025000 | Tokens/s: 22117
Epoch 1 | Batch  63000 | Loss: 2.6097 | LR: 0.025000 | Tokens/s: 22126
Epoch 1 | Batch  64000 | Loss: 2.6084 | LR: 0.025000 | Tokens/s: 22134
Epoch 1 | Batch  65000 | Loss: 2.6069 | LR: 0.025000 | Tokens/s: 22142
Epoch 1 | Batch  66000 | Loss: 2.6056 | LR: 0.025000 | Tokens/s: 22149
Epoch 1 | Batch  67000 | Loss: 2.6043 | LR: 0.025000 | Tokens/s: 22161
Epoch 1 | Batch  68000 | Loss: 2.6030 | LR: 0.025000 | Tokens/s: 22172
Epoch 1 | Batch  69000 | Loss: 2.6019 | LR: 0.025000 | Tokens/s: 22182
Epoch 1 | Batch  70000 | Loss: 2.5997 | LR: 0.025000 | Tokens/s: 22195
Epoch 1 | Batch  71000 | Loss: 2.5982 | LR: 0.025000 | Tokens/s: 22200
Epoch 1 | Batch  72000 | Loss: 2.5970 | LR: 0.025000 | Tokens/s: 22202
Epoch 1 | Batch  73000 | Loss: 2.5958 | LR: 0.025000 | Tokens/s: 22207
Epoch 1 | Batch  74000 | Loss: 2.5944 | LR: 0.025000 | Tokens/s: 22213
Epoch 1 | Batch  75000 | Loss: 2.5929 | LR: 0.025000 | Tokens/s: 22213
Epoch 1 | Batch  76000 | Loss: 2.5916 | LR: 0.025000 | Tokens/s: 22212
Epoch 1 | Batch  77000 | Loss: 2.5907 | LR: 0.025000 | Tokens/s: 22221
Epoch 1 | Batch  78000 | Loss: 2.5894 | LR: 0.025000 | Tokens/s: 22228
Epoch 1 | Batch  79000 | Loss: 2.5882 | LR: 0.025000 | Tokens/s: 22230
Epoch 1 | Batch  80000 | Loss: 2.5872 | LR: 0.025000 | Tokens/s: 22235
Epoch 1 | Batch  81000 | Loss: 2.5863 | LR: 0.025000 | Tokens/s: 22239
Epoch 1 | Batch  82000 | Loss: 2.5850 | LR: 0.025000 | Tokens/s: 22248
Epoch 1 | Batch  83000 | Loss: 2.5841 | LR: 0.025000 | Tokens/s: 22255
Epoch 1 | Batch  84000 | Loss: 2.5830 | LR: 0.025000 | Tokens/s: 22260
Epoch 1 | Batch  85000 | Loss: 2.5823 | LR: 0.025000 | Tokens/s: 22259
Epoch 1 | Batch  86000 | Loss: 2.5811 | LR: 0.025000 | Tokens/s: 22260
Epoch 1 | Batch  87000 | Loss: 2.5802 | LR: 0.025000 | Tokens/s: 22260
Epoch 1 | Batch  88000 | Loss: 2.5793 | LR: 0.025000 | Tokens/s: 22261
Epoch 1 | Batch  89000 | Loss: 2.5782 | LR: 0.025000 | Tokens/s: 22261
Epoch 1 | Batch  90000 | Loss: 2.5769 | LR: 0.025000 | Tokens/s: 22265
Epoch 1 | Batch  91000 | Loss: 2.5760 | LR: 0.025000 | Tokens/s: 22265
Epoch 1 | Batch  92000 | Loss: 2.5747 | LR: 0.025000 | Tokens/s: 22274
Epoch 1 | Batch  93000 | Loss: 2.5732 | LR: 0.025000 | Tokens/s: 22279
Epoch 1 | Batch  94000 | Loss: 2.5720 | LR: 0.025000 | Tokens/s: 22282
Epoch 1 | Batch  95000 | Loss: 2.5708 | LR: 0.025000 | Tokens/s: 22280
Epoch 1 | Batch  96000 | Loss: 2.5694 | LR: 0.025000 | Tokens/s: 22279
Epoch 1 | Batch  97000 | Loss: 2.5685 | LR: 0.025000 | Tokens/s: 22274
Epoch 1 | Batch  98000 | Loss: 2.5677 | LR: 0.025000 | Tokens/s: 22276
Epoch 1 | Batch  99000 | Loss: 2.5665 | LR: 0.025000 | Tokens/s: 22280
Epoch 1 | Batch 100000 | Loss: 2.5653 | LR: 0.025000 | Tokens/s: 22278
Epoch 1 | Batch 101000 | Loss: 2.5640 | LR: 0.025000 | Tokens/s: 22270
Epoch 1 | Batch 102000 | Loss: 2.5631 | LR: 0.025000 | Tokens/s: 22266
Epoch 1 | Batch 103000 | Loss: 2.5622 | LR: 0.025000 | Tokens/s: 22263
Epoch 1 | Batch 104000 | Loss: 2.5614 | LR: 0.025000 | Tokens/s: 22260
Epoch 1 | Batch 105000 | Loss: 2.5602 | LR: 0.025000 | Tokens/s: 22267
Epoch 1 | Batch 106000 | Loss: 2.5597 | LR: 0.025000 | Tokens/s: 22288
Epoch 1 | Batch 107000 | Loss: 2.5591 | LR: 0.025000 | Tokens/s: 22306
Epoch 1 | Batch 108000 | Loss: 2.5586 | LR: 0.025000 | Tokens/s: 22328
Epoch 1 | Batch 109000 | Loss: 2.5577 | LR: 0.025000 | Tokens/s: 22350
Epoch 1 | Batch 110000 | Loss: 2.5564 | LR: 0.025000 | Tokens/s: 22368
Epoch 1 | Batch 111000 | Loss: 2.5550 | LR: 0.025000 | Tokens/s: 22379
Epoch 1 | Batch 112000 | Loss: 2.5541 | LR: 0.025000 | Tokens/s: 22396
Epoch 1 | Batch 113000 | Loss: 2.5532 | LR: 0.025000 | Tokens/s: 22411
Epoch 1 | Batch 114000 | Loss: 2.5524 | LR: 0.025000 | Tokens/s: 22427
Epoch 1 | Batch 115000 | Loss: 2.5514 | LR: 0.025000 | Tokens/s: 22456
Epoch 1 | Batch 116000 | Loss: 2.5507 | LR: 0.025000 | Tokens/s: 22507
Epoch 1 | Batch 117000 | Loss: 2.5496 | LR: 0.025000 | Tokens/s: 22556
Epoch 1 | Batch 118000 | Loss: 2.5488 | LR: 0.025000 | Tokens/s: 22607
Epoch 1 | Batch 119000 | Loss: 2.5471 | LR: 0.025000 | Tokens/s: 22615
Epoch 1 | Batch 120000 | Loss: 2.5454 | LR: 0.025000 | Tokens/s: 22662
Epoch 1 | Batch 121000 | Loss: 2.5446 | LR: 0.025000 | Tokens/s: 22702
Epoch 1 | Batch 122000 | Loss: 2.5437 | LR: 0.025000 | Tokens/s: 22731
Epoch 1 | Batch 123000 | Loss: 2.5427 | LR: 0.025000 | Tokens/s: 22779
Epoch 1 | Batch 124000 | Loss: 2.5418 | LR: 0.025000 | Tokens/s: 22827
Epoch 1 | Batch 125000 | Loss: 2.5411 | LR: 0.025000 | Tokens/s: 22871
Epoch 1 | Batch 126000 | Loss: 2.5404 | LR: 0.025000 | Tokens/s: 22917
Epoch 1 | Batch 127000 | Loss: 2.5395 | LR: 0.025000 | Tokens/s: 22963
Epoch 1 | Batch 128000 | Loss: 2.5388 | LR: 0.025000 | Tokens/s: 23006
Epoch 1 | Batch 129000 | Loss: 2.5380 | LR: 0.025000 | Tokens/s: 23052
Epoch 1 | Batch 130000 | Loss: 2.5375 | LR: 0.025000 | Tokens/s: 23098

=== Epoch 1 summary ===
Time: 1447.0s | Loss: 2.5371 | Tokens/s: 23092 | Batches: 130518
--------------------------------------------------
Epoch 2 | Batch   1000 | Loss: 2.3876 | LR: 0.025000 | Tokens/s: 10761
Epoch 2 | Batch   2000 | Loss: 2.3796 | LR: 0.025000 | Tokens/s: 15750
Epoch 2 | Batch   3000 | Loss: 2.3955 | LR: 0.025000 | Tokens/s: 18724
Epoch 2 | Batch   4000 | Loss: 2.3938 | LR: 0.025000 | Tokens/s: 20696
Epoch 2 | Batch   5000 | Loss: 2.3930 | LR: 0.025000 | Tokens/s: 22204
Epoch 2 | Batch   6000 | Loss: 2.3962 | LR: 0.025000 | Tokens/s: 23184
Epoch 2 | Batch   7000 | Loss: 2.3984 | LR: 0.025000 | Tokens/s: 24010
Epoch 2 | Batch   8000 | Loss: 2.3992 | LR: 0.025000 | Tokens/s: 24668
Epoch 2 | Batch   9000 | Loss: 2.3992 | LR: 0.025000 | Tokens/s: 25267
Epoch 2 | Batch  10000 | Loss: 2.3979 | LR: 0.025000 | Tokens/s: 25783
Epoch 2 | Batch  11000 | Loss: 2.3976 | LR: 0.025000 | Tokens/s: 26119
Epoch 2 | Batch  12000 | Loss: 2.3972 | LR: 0.025000 | Tokens/s: 26437
Epoch 2 | Batch  13000 | Loss: 2.3954 | LR: 0.025000 | Tokens/s: 26757
Epoch 2 | Batch  14000 | Loss: 2.3968 | LR: 0.025000 | Tokens/s: 26967
Epoch 2 | Batch  15000 | Loss: 2.3953 | LR: 0.025000 | Tokens/s: 27196
Epoch 2 | Batch  16000 | Loss: 2.3953 | LR: 0.025000 | Tokens/s: 27358
Epoch 2 | Batch  17000 | Loss: 2.3940 | LR: 0.025000 | Tokens/s: 27539
Epoch 2 | Batch  18000 | Loss: 2.3950 | LR: 0.025000 | Tokens/s: 27725
Epoch 2 | Batch  19000 | Loss: 2.3894 | LR: 0.025000 | Tokens/s: 27828
Epoch 2 | Batch  20000 | Loss: 2.3908 | LR: 0.025000 | Tokens/s: 27989
Epoch 2 | Batch  21000 | Loss: 2.3902 | LR: 0.025000 | Tokens/s: 28100
Epoch 2 | Batch  22000 | Loss: 2.3909 | LR: 0.025000 | Tokens/s: 28203
Epoch 2 | Batch  23000 | Loss: 2.3911 | LR: 0.025000 | Tokens/s: 28261
Epoch 2 | Batch  24000 | Loss: 2.3912 | LR: 0.025000 | Tokens/s: 28353
Epoch 2 | Batch  25000 | Loss: 2.3917 | LR: 0.025000 | Tokens/s: 28445
Epoch 2 | Batch  26000 | Loss: 2.3910 | LR: 0.025000 | Tokens/s: 28507
Epoch 2 | Batch  27000 | Loss: 2.3909 | LR: 0.025000 | Tokens/s: 28553
Epoch 2 | Batch  28000 | Loss: 2.3912 | LR: 0.025000 | Tokens/s: 28631
Epoch 2 | Batch  29000 | Loss: 2.3919 | LR: 0.025000 | Tokens/s: 28695
Epoch 2 | Batch  30000 | Loss: 2.3915 | LR: 0.025000 | Tokens/s: 28760
Epoch 2 | Batch  31000 | Loss: 2.3900 | LR: 0.025000 | Tokens/s: 28777
Epoch 2 | Batch  32000 | Loss: 2.3861 | LR: 0.025000 | Tokens/s: 28837
Epoch 2 | Batch  33000 | Loss: 2.3847 | LR: 0.025000 | Tokens/s: 28895
Epoch 2 | Batch  34000 | Loss: 2.3849 | LR: 0.025000 | Tokens/s: 28942
Epoch 2 | Batch  35000 | Loss: 2.3836 | LR: 0.025000 | Tokens/s: 28960
Epoch 2 | Batch  36000 | Loss: 2.3818 | LR: 0.025000 | Tokens/s: 29000
Epoch 2 | Batch  37000 | Loss: 2.3809 | LR: 0.025000 | Tokens/s: 29049
Epoch 2 | Batch  38000 | Loss: 2.3806 | LR: 0.025000 | Tokens/s: 29091
Epoch 2 | Batch  39000 | Loss: 2.3795 | LR: 0.025000 | Tokens/s: 29136
Epoch 2 | Batch  40000 | Loss: 2.3784 | LR: 0.025000 | Tokens/s: 29175
Epoch 2 | Batch  41000 | Loss: 2.3779 | LR: 0.025000 | Tokens/s: 29209
Epoch 2 | Batch  42000 | Loss: 2.3780 | LR: 0.025000 | Tokens/s: 29251
Epoch 2 | Batch  43000 | Loss: 2.3777 | LR: 0.025000 | Tokens/s: 29281
Epoch 2 | Batch  44000 | Loss: 2.3778 | LR: 0.025000 | Tokens/s: 29317
Epoch 2 | Batch  45000 | Loss: 2.3775 | LR: 0.025000 | Tokens/s: 29363
Epoch 2 | Batch  46000 | Loss: 2.3770 | LR: 0.025000 | Tokens/s: 29409
Epoch 2 | Batch  47000 | Loss: 2.3770 | LR: 0.025000 | Tokens/s: 29447
Epoch 2 | Batch  48000 | Loss: 2.3758 | LR: 0.025000 | Tokens/s: 29472
Epoch 2 | Batch  49000 | Loss: 2.3757 | LR: 0.025000 | Tokens/s: 29506
Epoch 2 | Batch  50000 | Loss: 2.3751 | LR: 0.025000 | Tokens/s: 29538
Epoch 2 | Batch  51000 | Loss: 2.3744 | LR: 0.025000 | Tokens/s: 29585
Epoch 2 | Batch  52000 | Loss: 2.3739 | LR: 0.025000 | Tokens/s: 29574
Epoch 2 | Batch  53000 | Loss: 2.3740 | LR: 0.025000 | Tokens/s: 29613
Epoch 2 | Batch  54000 | Loss: 2.3741 | LR: 0.025000 | Tokens/s: 29629
Epoch 2 | Batch  55000 | Loss: 2.3742 | LR: 0.025000 | Tokens/s: 29649
Epoch 2 | Batch  56000 | Loss: 2.3735 | LR: 0.025000 | Tokens/s: 29654
Epoch 2 | Batch  57000 | Loss: 2.3721 | LR: 0.025000 | Tokens/s: 29661
Epoch 2 | Batch  58000 | Loss: 2.3723 | LR: 0.025000 | Tokens/s: 29688
Epoch 2 | Batch  59000 | Loss: 2.3708 | LR: 0.025000 | Tokens/s: 29703
Epoch 2 | Batch  60000 | Loss: 2.3705 | LR: 0.025000 | Tokens/s: 29718
Epoch 2 | Batch  61000 | Loss: 2.3701 | LR: 0.025000 | Tokens/s: 29614
Epoch 2 | Batch  62000 | Loss: 2.3697 | LR: 0.025000 | Tokens/s: 29514
Epoch 2 | Batch  63000 | Loss: 2.3697 | LR: 0.025000 | Tokens/s: 29428
Epoch 2 | Batch  64000 | Loss: 2.3696 | LR: 0.025000 | Tokens/s: 29351
Epoch 2 | Batch  65000 | Loss: 2.3690 | LR: 0.025000 | Tokens/s: 29273
Epoch 2 | Batch  66000 | Loss: 2.3689 | LR: 0.025000 | Tokens/s: 29180
Epoch 2 | Batch  67000 | Loss: 2.3683 | LR: 0.025000 | Tokens/s: 29111
Epoch 2 | Batch  68000 | Loss: 2.3681 | LR: 0.025000 | Tokens/s: 29037
Epoch 2 | Batch  69000 | Loss: 2.3684 | LR: 0.025000 | Tokens/s: 28964
Epoch 2 | Batch  70000 | Loss: 2.3668 | LR: 0.025000 | Tokens/s: 28903
Epoch 2 | Batch  71000 | Loss: 2.3666 | LR: 0.025000 | Tokens/s: 28851
Epoch 2 | Batch  72000 | Loss: 2.3667 | LR: 0.025000 | Tokens/s: 28798
Epoch 2 | Batch  73000 | Loss: 2.3664 | LR: 0.025000 | Tokens/s: 28740
Epoch 2 | Batch  74000 | Loss: 2.3657 | LR: 0.025000 | Tokens/s: 28686
Epoch 2 | Batch  75000 | Loss: 2.3650 | LR: 0.025000 | Tokens/s: 28626
Epoch 2 | Batch  76000 | Loss: 2.3648 | LR: 0.025000 | Tokens/s: 28576
Epoch 2 | Batch  77000 | Loss: 2.3649 | LR: 0.025000 | Tokens/s: 28521
Epoch 2 | Batch  78000 | Loss: 2.3644 | LR: 0.025000 | Tokens/s: 28480
Epoch 2 | Batch  79000 | Loss: 2.3641 | LR: 0.025000 | Tokens/s: 28423
Epoch 2 | Batch  80000 | Loss: 2.3642 | LR: 0.025000 | Tokens/s: 28382
Epoch 2 | Batch  81000 | Loss: 2.3642 | LR: 0.025000 | Tokens/s: 28339
Epoch 2 | Batch  82000 | Loss: 2.3636 | LR: 0.025000 | Tokens/s: 28307
Epoch 2 | Batch  83000 | Loss: 2.3638 | LR: 0.025000 | Tokens/s: 28280
Epoch 2 | Batch  84000 | Loss: 2.3636 | LR: 0.025000 | Tokens/s: 28253
Epoch 2 | Batch  85000 | Loss: 2.3636 | LR: 0.025000 | Tokens/s: 28210
Epoch 2 | Batch  86000 | Loss: 2.3633 | LR: 0.025000 | Tokens/s: 28179
Epoch 2 | Batch  87000 | Loss: 2.3633 | LR: 0.025000 | Tokens/s: 28156
Epoch 2 | Batch  88000 | Loss: 2.3632 | LR: 0.025000 | Tokens/s: 28125
Epoch 2 | Batch  89000 | Loss: 2.3630 | LR: 0.025000 | Tokens/s: 28100
Epoch 2 | Batch  90000 | Loss: 2.3625 | LR: 0.025000 | Tokens/s: 28054
Epoch 2 | Batch  91000 | Loss: 2.3622 | LR: 0.025000 | Tokens/s: 28016
Epoch 2 | Batch  92000 | Loss: 2.3614 | LR: 0.025000 | Tokens/s: 27981
Epoch 2 | Batch  93000 | Loss: 2.3608 | LR: 0.025000 | Tokens/s: 27943
Epoch 2 | Batch  94000 | Loss: 2.3603 | LR: 0.025000 | Tokens/s: 27904
Epoch 2 | Batch  95000 | Loss: 2.3599 | LR: 0.025000 | Tokens/s: 27869
Epoch 2 | Batch  96000 | Loss: 2.3593 | LR: 0.025000 | Tokens/s: 27837
Epoch 2 | Batch  97000 | Loss: 2.3593 | LR: 0.025000 | Tokens/s: 27799
Epoch 2 | Batch  98000 | Loss: 2.3592 | LR: 0.025000 | Tokens/s: 27776
Epoch 2 | Batch  99000 | Loss: 2.3585 | LR: 0.025000 | Tokens/s: 27741
Epoch 2 | Batch 100000 | Loss: 2.3578 | LR: 0.025000 | Tokens/s: 27708
Epoch 2 | Batch 101000 | Loss: 2.3574 | LR: 0.025000 | Tokens/s: 27603
Epoch 2 | Batch 102000 | Loss: 2.3574 | LR: 0.025000 | Tokens/s: 27517
Epoch 2 | Batch 103000 | Loss: 2.3575 | LR: 0.025000 | Tokens/s: 27475
Epoch 2 | Batch 104000 | Loss: 2.3578 | LR: 0.025000 | Tokens/s: 27221
Epoch 2 | Batch 105000 | Loss: 2.3571 | LR: 0.025000 | Tokens/s: 27054
Epoch 2 | Batch 106000 | Loss: 2.3573 | LR: 0.025000 | Tokens/s: 26949
Epoch 2 | Batch 107000 | Loss: 2.3574 | LR: 0.025000 | Tokens/s: 26843
Epoch 2 | Batch 108000 | Loss: 2.3576 | LR: 0.025000 | Tokens/s: 26714
Epoch 2 | Batch 109000 | Loss: 2.3573 | LR: 0.025000 | Tokens/s: 26621
Epoch 2 | Batch 110000 | Loss: 2.3568 | LR: 0.025000 | Tokens/s: 26524
Epoch 2 | Batch 111000 | Loss: 2.3561 | LR: 0.025000 | Tokens/s: 26430
Epoch 2 | Batch 112000 | Loss: 2.3557 | LR: 0.025000 | Tokens/s: 26338
Epoch 2 | Batch 113000 | Loss: 2.3552 | LR: 0.025000 | Tokens/s: 26243
Epoch 2 | Batch 114000 | Loss: 2.3550 | LR: 0.025000 | Tokens/s: 26155
Epoch 2 | Batch 115000 | Loss: 2.3544 | LR: 0.025000 | Tokens/s: 26071
Epoch 2 | Batch 116000 | Loss: 2.3544 | LR: 0.025000 | Tokens/s: 25990
Epoch 2 | Batch 117000 | Loss: 2.3539 | LR: 0.025000 | Tokens/s: 25910
Epoch 2 | Batch 118000 | Loss: 2.3537 | LR: 0.025000 | Tokens/s: 25827
Epoch 2 | Batch 119000 | Loss: 2.3523 | LR: 0.025000 | Tokens/s: 25743
Epoch 2 | Batch 120000 | Loss: 2.3512 | LR: 0.025000 | Tokens/s: 25662
Epoch 2 | Batch 121000 | Loss: 2.3510 | LR: 0.025000 | Tokens/s: 25594
Epoch 2 | Batch 122000 | Loss: 2.3506 | LR: 0.025000 | Tokens/s: 25526
Epoch 2 | Batch 123000 | Loss: 2.3501 | LR: 0.025000 | Tokens/s: 25467
Epoch 2 | Batch 124000 | Loss: 2.3500 | LR: 0.025000 | Tokens/s: 25407
Epoch 2 | Batch 125000 | Loss: 2.3497 | LR: 0.025000 | Tokens/s: 25355
Epoch 2 | Batch 126000 | Loss: 2.3495 | LR: 0.025000 | Tokens/s: 25286
Epoch 2 | Batch 127000 | Loss: 2.3492 | LR: 0.025000 | Tokens/s: 25218
Epoch 2 | Batch 128000 | Loss: 2.3490 | LR: 0.025000 | Tokens/s: 25152
Epoch 2 | Batch 129000 | Loss: 2.3488 | LR: 0.025000 | Tokens/s: 25079
Epoch 2 | Batch 130000 | Loss: 2.3489 | LR: 0.025000 | Tokens/s: 25014

=== Epoch 2 summary ===
Time: 1340.3s | Loss: 2.3488 | Tokens/s: 24931 | Batches: 130528
--------------------------------------------------
Epoch 3 | Batch   1000 | Loss: 2.2948 | LR: 0.025000 | Tokens/s: 8068
Epoch 3 | Batch   2000 | Loss: 2.2712 | LR: 0.025000 | Tokens/s: 11789
Epoch 3 | Batch   3000 | Loss: 2.2911 | LR: 0.025000 | Tokens/s: 13967
Epoch 3 | Batch   4000 | Loss: 2.2908 | LR: 0.025000 | Tokens/s: 15369
Epoch 3 | Batch   5000 | Loss: 2.2896 | LR: 0.025000 | Tokens/s: 16427
Epoch 3 | Batch   6000 | Loss: 2.2922 | LR: 0.025000 | Tokens/s: 17215
Epoch 3 | Batch   7000 | Loss: 2.2928 | LR: 0.025000 | Tokens/s: 17783
Epoch 3 | Batch   8000 | Loss: 2.2944 | LR: 0.025000 | Tokens/s: 18238
Epoch 3 | Batch   9000 | Loss: 2.2958 | LR: 0.025000 | Tokens/s: 18617
Epoch 3 | Batch  10000 | Loss: 2.2951 | LR: 0.025000 | Tokens/s: 18963
Epoch 3 | Batch  11000 | Loss: 2.2960 | LR: 0.025000 | Tokens/s: 19266
Epoch 3 | Batch  12000 | Loss: 2.2952 | LR: 0.025000 | Tokens/s: 19526
Epoch 3 | Batch  13000 | Loss: 2.2932 | LR: 0.025000 | Tokens/s: 19711
Epoch 3 | Batch  14000 | Loss: 2.2955 | LR: 0.025000 | Tokens/s: 19880
Epoch 3 | Batch  15000 | Loss: 2.2938 | LR: 0.025000 | Tokens/s: 20021
Epoch 3 | Batch  16000 | Loss: 2.2949 | LR: 0.025000 | Tokens/s: 20140
Epoch 3 | Batch  17000 | Loss: 2.2937 | LR: 0.025000 | Tokens/s: 20271
Epoch 3 | Batch  18000 | Loss: 2.2950 | LR: 0.025000 | Tokens/s: 20353
Epoch 3 | Batch  19000 | Loss: 2.2892 | LR: 0.025000 | Tokens/s: 20454
Epoch 3 | Batch  20000 | Loss: 2.2910 | LR: 0.025000 | Tokens/s: 20555
Epoch 3 | Batch  21000 | Loss: 2.2906 | LR: 0.025000 | Tokens/s: 20648
Epoch 3 | Batch  22000 | Loss: 2.2916 | LR: 0.025000 | Tokens/s: 20740
Epoch 3 | Batch  23000 | Loss: 2.2920 | LR: 0.025000 | Tokens/s: 20813
Epoch 3 | Batch  24000 | Loss: 2.2929 | LR: 0.025000 | Tokens/s: 20875
Epoch 3 | Batch  25000 | Loss: 2.2938 | LR: 0.025000 | Tokens/s: 20931
Epoch 3 | Batch  26000 | Loss: 2.2936 | LR: 0.025000 | Tokens/s: 20978
Epoch 3 | Batch  27000 | Loss: 2.2938 | LR: 0.025000 | Tokens/s: 21035
Epoch 3 | Batch  28000 | Loss: 2.2948 | LR: 0.025000 | Tokens/s: 21099
Epoch 3 | Batch  29000 | Loss: 2.2961 | LR: 0.025000 | Tokens/s: 21203
Epoch 3 | Batch  30000 | Loss: 2.2958 | LR: 0.025000 | Tokens/s: 21311
Epoch 3 | Batch  31000 | Loss: 2.2944 | LR: 0.025000 | Tokens/s: 21341
Epoch 3 | Batch  32000 | Loss: 2.2905 | LR: 0.025000 | Tokens/s: 21375
Epoch 3 | Batch  33000 | Loss: 2.2892 | LR: 0.025000 | Tokens/s: 21401
Epoch 3 | Batch  34000 | Loss: 2.2898 | LR: 0.025000 | Tokens/s: 21434
Epoch 3 | Batch  35000 | Loss: 2.2888 | LR: 0.025000 | Tokens/s: 21460
Epoch 3 | Batch  36000 | Loss: 2.2875 | LR: 0.025000 | Tokens/s: 21489
Epoch 3 | Batch  37000 | Loss: 2.2869 | LR: 0.025000 | Tokens/s: 21532
Epoch 3 | Batch  38000 | Loss: 2.2870 | LR: 0.025000 | Tokens/s: 21571
Epoch 3 | Batch  39000 | Loss: 2.2856 | LR: 0.025000 | Tokens/s: 21607
Epoch 3 | Batch  40000 | Loss: 2.2845 | LR: 0.025000 | Tokens/s: 21629
Epoch 3 | Batch  41000 | Loss: 2.2843 | LR: 0.025000 | Tokens/s: 21652
Epoch 3 | Batch  42000 | Loss: 2.2846 | LR: 0.025000 | Tokens/s: 21681
Epoch 3 | Batch  43000 | Loss: 2.2845 | LR: 0.025000 | Tokens/s: 21729
Epoch 3 | Batch  44000 | Loss: 2.2850 | LR: 0.025000 | Tokens/s: 21765
Epoch 3 | Batch  45000 | Loss: 2.2851 | LR: 0.025000 | Tokens/s: 21798
Epoch 3 | Batch  46000 | Loss: 2.2849 | LR: 0.025000 | Tokens/s: 21838
Epoch 3 | Batch  47000 | Loss: 2.2852 | LR: 0.025000 | Tokens/s: 21864
Epoch 3 | Batch  48000 | Loss: 2.2841 | LR: 0.025000 | Tokens/s: 21884
Epoch 3 | Batch  49000 | Loss: 2.2843 | LR: 0.025000 | Tokens/s: 21909
Epoch 3 | Batch  50000 | Loss: 2.2839 | LR: 0.025000 | Tokens/s: 21933
Epoch 3 | Batch  51000 | Loss: 2.2832 | LR: 0.025000 | Tokens/s: 21957
Epoch 3 | Batch  52000 | Loss: 2.2830 | LR: 0.025000 | Tokens/s: 21982
Epoch 3 | Batch  53000 | Loss: 2.2832 | LR: 0.025000 | Tokens/s: 22006
Epoch 3 | Batch  54000 | Loss: 2.2837 | LR: 0.025000 | Tokens/s: 22020
Epoch 3 | Batch  55000 | Loss: 2.2840 | LR: 0.025000 | Tokens/s: 22041
Epoch 3 | Batch  56000 | Loss: 2.2837 | LR: 0.025000 | Tokens/s: 22053
Epoch 3 | Batch  57000 | Loss: 2.2826 | LR: 0.025000 | Tokens/s: 22061
Epoch 3 | Batch  58000 | Loss: 2.2829 | LR: 0.025000 | Tokens/s: 22075
Epoch 3 | Batch  59000 | Loss: 2.2818 | LR: 0.025000 | Tokens/s: 22088
Epoch 3 | Batch  60000 | Loss: 2.2818 | LR: 0.025000 | Tokens/s: 22106
Epoch 3 | Batch  61000 | Loss: 2.2818 | LR: 0.025000 | Tokens/s: 22131
Epoch 3 | Batch  62000 | Loss: 2.2817 | LR: 0.025000 | Tokens/s: 22144
Epoch 3 | Batch  63000 | Loss: 2.2818 | LR: 0.025000 | Tokens/s: 22161
Epoch 3 | Batch  64000 | Loss: 2.2820 | LR: 0.025000 | Tokens/s: 22181
Epoch 3 | Batch  65000 | Loss: 2.2815 | LR: 0.025000 | Tokens/s: 22193
Epoch 3 | Batch  66000 | Loss: 2.2819 | LR: 0.025000 | Tokens/s: 22200
Epoch 3 | Batch  67000 | Loss: 2.2813 | LR: 0.025000 | Tokens/s: 22202
Epoch 3 | Batch  68000 | Loss: 2.2814 | LR: 0.025000 | Tokens/s: 22215
Epoch 3 | Batch  69000 | Loss: 2.2820 | LR: 0.025000 | Tokens/s: 22226
Epoch 3 | Batch  70000 | Loss: 2.2806 | LR: 0.025000 | Tokens/s: 22240
Epoch 3 | Batch  71000 | Loss: 2.2806 | LR: 0.025000 | Tokens/s: 22250
Epoch 3 | Batch  72000 | Loss: 2.2810 | LR: 0.025000 | Tokens/s: 22262
Epoch 3 | Batch  73000 | Loss: 2.2808 | LR: 0.025000 | Tokens/s: 22274
Epoch 3 | Batch  74000 | Loss: 2.2805 | LR: 0.025000 | Tokens/s: 22285
Epoch 3 | Batch  75000 | Loss: 2.2800 | LR: 0.025000 | Tokens/s: 22299
Epoch 3 | Batch  76000 | Loss: 2.2800 | LR: 0.025000 | Tokens/s: 22315
Epoch 3 | Batch  77000 | Loss: 2.2803 | LR: 0.025000 | Tokens/s: 22338
Epoch 3 | Batch  78000 | Loss: 2.2799 | LR: 0.025000 | Tokens/s: 22357
Epoch 3 | Batch  79000 | Loss: 2.2798 | LR: 0.025000 | Tokens/s: 22381
Epoch 3 | Batch  80000 | Loss: 2.2802 | LR: 0.025000 | Tokens/s: 22404
Epoch 3 | Batch  81000 | Loss: 2.2804 | LR: 0.025000 | Tokens/s: 22425
Epoch 3 | Batch  82000 | Loss: 2.2800 | LR: 0.025000 | Tokens/s: 22448
Epoch 3 | Batch  83000 | Loss: 2.2804 | LR: 0.025000 | Tokens/s: 22463
Epoch 3 | Batch  84000 | Loss: 2.2804 | LR: 0.025000 | Tokens/s: 22466
Epoch 3 | Batch  85000 | Loss: 2.2806 | LR: 0.025000 | Tokens/s: 22478
Epoch 3 | Batch  86000 | Loss: 2.2804 | LR: 0.025000 | Tokens/s: 22491
Epoch 3 | Batch  87000 | Loss: 2.2807 | LR: 0.025000 | Tokens/s: 22500
Epoch 3 | Batch  88000 | Loss: 2.2808 | LR: 0.025000 | Tokens/s: 22512
Epoch 3 | Batch  89000 | Loss: 2.2807 | LR: 0.025000 | Tokens/s: 22522
Epoch 3 | Batch  90000 | Loss: 2.2804 | LR: 0.025000 | Tokens/s: 22531
Epoch 3 | Batch  91000 | Loss: 2.2802 | LR: 0.025000 | Tokens/s: 22536
Epoch 3 | Batch  92000 | Loss: 2.2797 | LR: 0.025000 | Tokens/s: 22546
Epoch 3 | Batch  93000 | Loss: 2.2792 | LR: 0.025000 | Tokens/s: 22555
Epoch 3 | Batch  94000 | Loss: 2.2789 | LR: 0.025000 | Tokens/s: 22557
Epoch 3 | Batch  95000 | Loss: 2.2787 | LR: 0.025000 | Tokens/s: 22560
Epoch 3 | Batch  96000 | Loss: 2.2783 | LR: 0.025000 | Tokens/s: 22569
Epoch 3 | Batch  97000 | Loss: 2.2786 | LR: 0.025000 | Tokens/s: 22573
Epoch 3 | Batch  98000 | Loss: 2.2787 | LR: 0.025000 | Tokens/s: 22573
Epoch 3 | Batch  99000 | Loss: 2.2781 | LR: 0.025000 | Tokens/s: 22574
Epoch 3 | Batch 100000 | Loss: 2.2775 | LR: 0.025000 | Tokens/s: 22580
Epoch 3 | Batch 101000 | Loss: 2.2773 | LR: 0.025000 | Tokens/s: 22583
Epoch 3 | Batch 102000 | Loss: 2.2775 | LR: 0.025000 | Tokens/s: 22590
Epoch 3 | Batch 103000 | Loss: 2.2780 | LR: 0.025000 | Tokens/s: 22598
Epoch 3 | Batch 104000 | Loss: 2.2786 | LR: 0.025000 | Tokens/s: 22608
Epoch 3 | Batch 105000 | Loss: 2.2780 | LR: 0.025000 | Tokens/s: 22620
Epoch 3 | Batch 106000 | Loss: 2.2784 | LR: 0.025000 | Tokens/s: 22626
Epoch 3 | Batch 107000 | Loss: 2.2786 | LR: 0.025000 | Tokens/s: 22632
Epoch 3 | Batch 108000 | Loss: 2.2789 | LR: 0.025000 | Tokens/s: 22635
Epoch 3 | Batch 109000 | Loss: 2.2788 | LR: 0.025000 | Tokens/s: 22642
Epoch 3 | Batch 110000 | Loss: 2.2785 | LR: 0.025000 | Tokens/s: 22651
Epoch 3 | Batch 111000 | Loss: 2.2779 | LR: 0.025000 | Tokens/s: 22655
Epoch 3 | Batch 112000 | Loss: 2.2776 | LR: 0.025000 | Tokens/s: 22666
Epoch 3 | Batch 113000 | Loss: 2.2772 | LR: 0.025000 | Tokens/s: 22691
Epoch 3 | Batch 114000 | Loss: 2.2772 | LR: 0.025000 | Tokens/s: 22718
Epoch 3 | Batch 115000 | Loss: 2.2766 | LR: 0.025000 | Tokens/s: 22771
Epoch 3 | Batch 116000 | Loss: 2.2768 | LR: 0.025000 | Tokens/s: 22826
Epoch 3 | Batch 117000 | Loss: 2.2765 | LR: 0.025000 | Tokens/s: 22876
Epoch 3 | Batch 118000 | Loss: 2.2763 | LR: 0.025000 | Tokens/s: 22936
Epoch 3 | Batch 119000 | Loss: 2.2751 | LR: 0.025000 | Tokens/s: 22989
Epoch 3 | Batch 120000 | Loss: 2.2742 | LR: 0.025000 | Tokens/s: 23044
Epoch 3 | Batch 121000 | Loss: 2.2742 | LR: 0.025000 | Tokens/s: 23094
Epoch 3 | Batch 122000 | Loss: 2.2740 | LR: 0.025000 | Tokens/s: 23148
Epoch 3 | Batch 123000 | Loss: 2.2737 | LR: 0.025000 | Tokens/s: 23197
Epoch 3 | Batch 124000 | Loss: 2.2737 | LR: 0.025000 | Tokens/s: 23243
Epoch 3 | Batch 125000 | Loss: 2.2735 | LR: 0.025000 | Tokens/s: 23286
Epoch 3 | Batch 126000 | Loss: 2.2734 | LR: 0.025000 | Tokens/s: 23334
Epoch 3 | Batch 127000 | Loss: 2.2733 | LR: 0.025000 | Tokens/s: 23385
Epoch 3 | Batch 128000 | Loss: 2.2732 | LR: 0.025000 | Tokens/s: 23434
Epoch 3 | Batch 129000 | Loss: 2.2731 | LR: 0.025000 | Tokens/s: 23483
Epoch 3 | Batch 130000 | Loss: 2.2734 | LR: 0.025000 | Tokens/s: 23531

=== Epoch 3 summary ===
Time: 1420.3s | Loss: 2.2734 | Tokens/s: 23522 | Batches: 130505
--------------------------------------------------
Epoch 4 | Batch   1000 | Loss: 2.2486 | LR: 0.025000 | Tokens/s: 11345
Epoch 4 | Batch   2000 | Loss: 2.2210 | LR: 0.025000 | Tokens/s: 16809
Epoch 4 | Batch   3000 | Loss: 2.2382 | LR: 0.025000 | Tokens/s: 19953
Epoch 4 | Batch   4000 | Loss: 2.2405 | LR: 0.025000 | Tokens/s: 22085
Epoch 4 | Batch   5000 | Loss: 2.2395 | LR: 0.025000 | Tokens/s: 23473
Epoch 4 | Batch   6000 | Loss: 2.2411 | LR: 0.025000 | Tokens/s: 24494
Epoch 4 | Batch   7000 | Loss: 2.2415 | LR: 0.025000 | Tokens/s: 25345
Epoch 4 | Batch   8000 | Loss: 2.2428 | LR: 0.025000 | Tokens/s: 26023
Epoch 4 | Batch   9000 | Loss: 2.2443 | LR: 0.025000 | Tokens/s: 26647
Epoch 4 | Batch  10000 | Loss: 2.2446 | LR: 0.025000 | Tokens/s: 27091
Epoch 4 | Batch  11000 | Loss: 2.2454 | LR: 0.025000 | Tokens/s: 27409
Epoch 4 | Batch  12000 | Loss: 2.2452 | LR: 0.025000 | Tokens/s: 27709
Epoch 4 | Batch  13000 | Loss: 2.2428 | LR: 0.025000 | Tokens/s: 27958
Epoch 4 | Batch  14000 | Loss: 2.2449 | LR: 0.025000 | Tokens/s: 28147
Epoch 4 | Batch  15000 | Loss: 2.2426 | LR: 0.025000 | Tokens/s: 28368
Epoch 4 | Batch  16000 | Loss: 2.2436 | LR: 0.025000 | Tokens/s: 28504
Epoch 4 | Batch  17000 | Loss: 2.2428 | LR: 0.025000 | Tokens/s: 28276
Epoch 4 | Batch  18000 | Loss: 2.2436 | LR: 0.025000 | Tokens/s: 28141
Epoch 4 | Batch  19000 | Loss: 2.2376 | LR: 0.025000 | Tokens/s: 28015
Epoch 4 | Batch  20000 | Loss: 2.2395 | LR: 0.025000 | Tokens/s: 27908
Epoch 4 | Batch  21000 | Loss: 2.2393 | LR: 0.025000 | Tokens/s: 27676
Epoch 4 | Batch  22000 | Loss: 2.2406 | LR: 0.025000 | Tokens/s: 27453
Epoch 4 | Batch  23000 | Loss: 2.2411 | LR: 0.025000 | Tokens/s: 27338
Epoch 4 | Batch  24000 | Loss: 2.2423 | LR: 0.025000 | Tokens/s: 27227
Epoch 4 | Batch  25000 | Loss: 2.2432 | LR: 0.025000 | Tokens/s: 27113
Epoch 4 | Batch  26000 | Loss: 2.2430 | LR: 0.025000 | Tokens/s: 27070
Epoch 4 | Batch  27000 | Loss: 2.2435 | LR: 0.025000 | Tokens/s: 26948
Epoch 4 | Batch  28000 | Loss: 2.2448 | LR: 0.025000 | Tokens/s: 26746
Epoch 4 | Batch  29000 | Loss: 2.2461 | LR: 0.025000 | Tokens/s: 26568
Epoch 4 | Batch  30000 | Loss: 2.2457 | LR: 0.025000 | Tokens/s: 26408
Epoch 4 | Batch  31000 | Loss: 2.2445 | LR: 0.025000 | Tokens/s: 26259
Epoch 4 | Batch  32000 | Loss: 2.2403 | LR: 0.025000 | Tokens/s: 26114
Epoch 4 | Batch  33000 | Loss: 2.2391 | LR: 0.025000 | Tokens/s: 26003
Epoch 4 | Batch  34000 | Loss: 2.2397 | LR: 0.025000 | Tokens/s: 25898
Epoch 4 | Batch  35000 | Loss: 2.2389 | LR: 0.025000 | Tokens/s: 25780
Epoch 4 | Batch  36000 | Loss: 2.2381 | LR: 0.025000 | Tokens/s: 25677
Epoch 4 | Batch  37000 | Loss: 2.2375 | LR: 0.025000 | Tokens/s: 25587
Epoch 4 | Batch  38000 | Loss: 2.2374 | LR: 0.025000 | Tokens/s: 25508
Epoch 4 | Batch  39000 | Loss: 2.2359 | LR: 0.025000 | Tokens/s: 25433
Epoch 4 | Batch  40000 | Loss: 2.2348 | LR: 0.025000 | Tokens/s: 25346
Epoch 4 | Batch  41000 | Loss: 2.2343 | LR: 0.025000 | Tokens/s: 25269
Epoch 4 | Batch  42000 | Loss: 2.2348 | LR: 0.025000 | Tokens/s: 25215
Epoch 4 | Batch  43000 | Loss: 2.2346 | LR: 0.025000 | Tokens/s: 25158
Epoch 4 | Batch  44000 | Loss: 2.2352 | LR: 0.025000 | Tokens/s: 25093
Epoch 4 | Batch  45000 | Loss: 2.2354 | LR: 0.025000 | Tokens/s: 25035
Epoch 4 | Batch  46000 | Loss: 2.2352 | LR: 0.025000 | Tokens/s: 24973
Epoch 4 | Batch  47000 | Loss: 2.2356 | LR: 0.025000 | Tokens/s: 24915
Epoch 4 | Batch  48000 | Loss: 2.2347 | LR: 0.025000 | Tokens/s: 24871
Epoch 4 | Batch  49000 | Loss: 2.2349 | LR: 0.025000 | Tokens/s: 24832
Epoch 4 | Batch  50000 | Loss: 2.2346 | LR: 0.025000 | Tokens/s: 24792
Epoch 4 | Batch  51000 | Loss: 2.2340 | LR: 0.025000 | Tokens/s: 24745
Epoch 4 | Batch  52000 | Loss: 2.2341 | LR: 0.025000 | Tokens/s: 24697
Epoch 4 | Batch  53000 | Loss: 2.2342 | LR: 0.025000 | Tokens/s: 24668
Epoch 4 | Batch  54000 | Loss: 2.2347 | LR: 0.025000 | Tokens/s: 24630
Epoch 4 | Batch  55000 | Loss: 2.2352 | LR: 0.025000 | Tokens/s: 24591
Epoch 4 | Batch  56000 | Loss: 2.2350 | LR: 0.025000 | Tokens/s: 24610
Epoch 4 | Batch  57000 | Loss: 2.2340 | LR: 0.025000 | Tokens/s: 24570
Epoch 4 | Batch  58000 | Loss: 2.2345 | LR: 0.025000 | Tokens/s: 24550
Epoch 4 | Batch  59000 | Loss: 2.2334 | LR: 0.025000 | Tokens/s: 24523
Epoch 4 | Batch  60000 | Loss: 2.2336 | LR: 0.025000 | Tokens/s: 24509
Epoch 4 | Batch  61000 | Loss: 2.2336 | LR: 0.025000 | Tokens/s: 24483
Epoch 4 | Batch  62000 | Loss: 2.2335 | LR: 0.025000 | Tokens/s: 24452
Epoch 4 | Batch  63000 | Loss: 2.2338 | LR: 0.025000 | Tokens/s: 24419
Epoch 4 | Batch  64000 | Loss: 2.2340 | LR: 0.025000 | Tokens/s: 24398
Epoch 4 | Batch  65000 | Loss: 2.2336 | LR: 0.025000 | Tokens/s: 24390
Epoch 4 | Batch  66000 | Loss: 2.2340 | LR: 0.025000 | Tokens/s: 24386
Epoch 4 | Batch  67000 | Loss: 2.2335 | LR: 0.025000 | Tokens/s: 24371
Epoch 4 | Batch  68000 | Loss: 2.2337 | LR: 0.025000 | Tokens/s: 24352
Epoch 4 | Batch  69000 | Loss: 2.2346 | LR: 0.025000 | Tokens/s: 24336
Epoch 4 | Batch  70000 | Loss: 2.2332 | LR: 0.025000 | Tokens/s: 24325
Epoch 4 | Batch  71000 | Loss: 2.2334 | LR: 0.025000 | Tokens/s: 24323
Epoch 4 | Batch  72000 | Loss: 2.2339 | LR: 0.025000 | Tokens/s: 24320
Epoch 4 | Batch  73000 | Loss: 2.2337 | LR: 0.025000 | Tokens/s: 24325
Epoch 4 | Batch  74000 | Loss: 2.2334 | LR: 0.025000 | Tokens/s: 24326
Epoch 4 | Batch  75000 | Loss: 2.2329 | LR: 0.025000 | Tokens/s: 24298
Epoch 4 | Batch  76000 | Loss: 2.2331 | LR: 0.025000 | Tokens/s: 24246
Epoch 4 | Batch  77000 | Loss: 2.2334 | LR: 0.025000 | Tokens/s: 24252
Epoch 4 | Batch  78000 | Loss: 2.2331 | LR: 0.025000 | Tokens/s: 24240
Epoch 4 | Batch  79000 | Loss: 2.2330 | LR: 0.025000 | Tokens/s: 24224
Epoch 4 | Batch  80000 | Loss: 2.2336 | LR: 0.025000 | Tokens/s: 24214
Epoch 4 | Batch  81000 | Loss: 2.2338 | LR: 0.025000 | Tokens/s: 24206
Epoch 4 | Batch  82000 | Loss: 2.2335 | LR: 0.025000 | Tokens/s: 24200
Epoch 4 | Batch  83000 | Loss: 2.2340 | LR: 0.025000 | Tokens/s: 24196
Epoch 4 | Batch  84000 | Loss: 2.2340 | LR: 0.025000 | Tokens/s: 24193
Epoch 4 | Batch  85000 | Loss: 2.2343 | LR: 0.025000 | Tokens/s: 24184
Epoch 4 | Batch  86000 | Loss: 2.2340 | LR: 0.025000 | Tokens/s: 24177
Epoch 4 | Batch  87000 | Loss: 2.2342 | LR: 0.025000 | Tokens/s: 24168
Epoch 4 | Batch  88000 | Loss: 2.2345 | LR: 0.025000 | Tokens/s: 24163
Epoch 4 | Batch  89000 | Loss: 2.2345 | LR: 0.025000 | Tokens/s: 24154
Epoch 4 | Batch  90000 | Loss: 2.2342 | LR: 0.025000 | Tokens/s: 24147
Epoch 4 | Batch  91000 | Loss: 2.2341 | LR: 0.025000 | Tokens/s: 24148
Epoch 4 | Batch  92000 | Loss: 2.2336 | LR: 0.025000 | Tokens/s: 24149
Epoch 4 | Batch  93000 | Loss: 2.2333 | LR: 0.025000 | Tokens/s: 24149
Epoch 4 | Batch  94000 | Loss: 2.2330 | LR: 0.025000 | Tokens/s: 24138
Epoch 4 | Batch  95000 | Loss: 2.2330 | LR: 0.025000 | Tokens/s: 24134
Epoch 4 | Batch  96000 | Loss: 2.2328 | LR: 0.025000 | Tokens/s: 24127
Epoch 4 | Batch  97000 | Loss: 2.2331 | LR: 0.025000 | Tokens/s: 24124
Epoch 4 | Batch  98000 | Loss: 2.2333 | LR: 0.025000 | Tokens/s: 24120
Epoch 4 | Batch  99000 | Loss: 2.2328 | LR: 0.025000 | Tokens/s: 24120
Epoch 4 | Batch 100000 | Loss: 2.2323 | LR: 0.025000 | Tokens/s: 24120
Epoch 4 | Batch 101000 | Loss: 2.2322 | LR: 0.025000 | Tokens/s: 24118
Epoch 4 | Batch 102000 | Loss: 2.2324 | LR: 0.025000 | Tokens/s: 24114
Epoch 4 | Batch 103000 | Loss: 2.2330 | LR: 0.025000 | Tokens/s: 24108
Epoch 4 | Batch 104000 | Loss: 2.2337 | LR: 0.025000 | Tokens/s: 24100
Epoch 4 | Batch 105000 | Loss: 2.2332 | LR: 0.025000 | Tokens/s: 24096
Epoch 4 | Batch 106000 | Loss: 2.2337 | LR: 0.025000 | Tokens/s: 24094
Epoch 4 | Batch 107000 | Loss: 2.2338 | LR: 0.025000 | Tokens/s: 24094
Epoch 4 | Batch 108000 | Loss: 2.2342 | LR: 0.025000 | Tokens/s: 24095
Epoch 4 | Batch 109000 | Loss: 2.2342 | LR: 0.025000 | Tokens/s: 24093
Epoch 4 | Batch 110000 | Loss: 2.2339 | LR: 0.025000 | Tokens/s: 24092
Epoch 4 | Batch 111000 | Loss: 2.2335 | LR: 0.025000 | Tokens/s: 24092
Epoch 4 | Batch 112000 | Loss: 2.2332 | LR: 0.025000 | Tokens/s: 24088
Epoch 4 | Batch 113000 | Loss: 2.2328 | LR: 0.025000 | Tokens/s: 24087
Epoch 4 | Batch 114000 | Loss: 2.2327 | LR: 0.025000 | Tokens/s: 24087
Epoch 4 | Batch 115000 | Loss: 2.2322 | LR: 0.025000 | Tokens/s: 24089
Epoch 4 | Batch 116000 | Loss: 2.2325 | LR: 0.025000 | Tokens/s: 24090
Epoch 4 | Batch 117000 | Loss: 2.2323 | LR: 0.025000 | Tokens/s: 24089
Epoch 4 | Batch 118000 | Loss: 2.2321 | LR: 0.025000 | Tokens/s: 24090
Epoch 4 | Batch 119000 | Loss: 2.2310 | LR: 0.025000 | Tokens/s: 24088
Epoch 4 | Batch 120000 | Loss: 2.2301 | LR: 0.025000 | Tokens/s: 24080
Epoch 4 | Batch 121000 | Loss: 2.2302 | LR: 0.025000 | Tokens/s: 24079
Epoch 4 | Batch 122000 | Loss: 2.2300 | LR: 0.025000 | Tokens/s: 24075
Epoch 4 | Batch 123000 | Loss: 2.2298 | LR: 0.025000 | Tokens/s: 24074
Epoch 4 | Batch 124000 | Loss: 2.2300 | LR: 0.025000 | Tokens/s: 24075
Epoch 4 | Batch 125000 | Loss: 2.2298 | LR: 0.025000 | Tokens/s: 24078
Epoch 4 | Batch 126000 | Loss: 2.2298 | LR: 0.025000 | Tokens/s: 24081
Epoch 4 | Batch 127000 | Loss: 2.2296 | LR: 0.025000 | Tokens/s: 24078
Epoch 4 | Batch 128000 | Loss: 2.2297 | LR: 0.025000 | Tokens/s: 24076
Epoch 4 | Batch 129000 | Loss: 2.2296 | LR: 0.025000 | Tokens/s: 24072
Epoch 4 | Batch 130000 | Loss: 2.2300 | LR: 0.025000 | Tokens/s: 24071

=== Epoch 4 summary ===
Time: 1390.3s | Loss: 2.2300 | Tokens/s: 24031 | Batches: 130515
--------------------------------------------------
Epoch 5 | Batch   1000 | Loss: 2.2237 | LR: 0.025000 | Tokens/s: 8390
Epoch 5 | Batch   2000 | Loss: 2.1887 | LR: 0.025000 | Tokens/s: 12404
Epoch 5 | Batch   3000 | Loss: 2.2046 | LR: 0.025000 | Tokens/s: 14737
Epoch 5 | Batch   4000 | Loss: 2.2063 | LR: 0.025000 | Tokens/s: 16274
Epoch 5 | Batch   5000 | Loss: 2.2058 | LR: 0.025000 | Tokens/s: 17372
Epoch 5 | Batch   6000 | Loss: 2.2074 | LR: 0.025000 | Tokens/s: 18213
Epoch 5 | Batch   7000 | Loss: 2.2076 | LR: 0.025000 | Tokens/s: 18841
Epoch 5 | Batch   8000 | Loss: 2.2078 | LR: 0.025000 | Tokens/s: 19374
Epoch 5 | Batch   9000 | Loss: 2.2093 | LR: 0.025000 | Tokens/s: 19824
Epoch 5 | Batch  10000 | Loss: 2.2096 | LR: 0.025000 | Tokens/s: 20191
Epoch 5 | Batch  11000 | Loss: 2.2112 | LR: 0.025000 | Tokens/s: 20494
Epoch 5 | Batch  12000 | Loss: 2.2100 | LR: 0.025000 | Tokens/s: 20730
Epoch 5 | Batch  13000 | Loss: 2.2078 | LR: 0.025000 | Tokens/s: 20952
Epoch 5 | Batch  14000 | Loss: 2.2099 | LR: 0.025000 | Tokens/s: 21149
Epoch 5 | Batch  15000 | Loss: 2.2077 | LR: 0.025000 | Tokens/s: 21323
Epoch 5 | Batch  16000 | Loss: 2.2086 | LR: 0.025000 | Tokens/s: 21481
Epoch 5 | Batch  17000 | Loss: 2.2077 | LR: 0.025000 | Tokens/s: 21558
Epoch 5 | Batch  18000 | Loss: 2.2085 | LR: 0.025000 | Tokens/s: 21671
Epoch 5 | Batch  19000 | Loss: 2.2025 | LR: 0.025000 | Tokens/s: 21774
Epoch 5 | Batch  20000 | Loss: 2.2042 | LR: 0.025000 | Tokens/s: 21866
Epoch 5 | Batch  21000 | Loss: 2.2043 | LR: 0.025000 | Tokens/s: 21965
Epoch 5 | Batch  22000 | Loss: 2.2055 | LR: 0.025000 | Tokens/s: 22056
Epoch 5 | Batch  23000 | Loss: 2.2059 | LR: 0.025000 | Tokens/s: 22105
Epoch 5 | Batch  24000 | Loss: 2.2076 | LR: 0.025000 | Tokens/s: 22171
Epoch 5 | Batch  25000 | Loss: 2.2087 | LR: 0.025000 | Tokens/s: 22227
Epoch 5 | Batch  26000 | Loss: 2.2086 | LR: 0.025000 | Tokens/s: 22287
Epoch 5 | Batch  27000 | Loss: 2.2094 | LR: 0.025000 | Tokens/s: 22322
Epoch 5 | Batch  28000 | Loss: 2.2108 | LR: 0.025000 | Tokens/s: 22346
Epoch 5 | Batch  29000 | Loss: 2.2121 | LR: 0.025000 | Tokens/s: 22393
Epoch 5 | Batch  30000 | Loss: 2.2118 | LR: 0.025000 | Tokens/s: 22414
Epoch 5 | Batch  31000 | Loss: 2.2107 | LR: 0.025000 | Tokens/s: 22454
Epoch 5 | Batch  32000 | Loss: 2.2064 | LR: 0.025000 | Tokens/s: 22487
Epoch 5 | Batch  33000 | Loss: 2.2050 | LR: 0.025000 | Tokens/s: 22520
Epoch 5 | Batch  34000 | Loss: 2.2058 | LR: 0.025000 | Tokens/s: 22555
Epoch 5 | Batch  35000 | Loss: 2.2052 | LR: 0.025000 | Tokens/s: 22576
Epoch 5 | Batch  36000 | Loss: 2.2046 | LR: 0.025000 | Tokens/s: 22646
Epoch 5 | Batch  37000 | Loss: 2.2042 | LR: 0.025000 | Tokens/s: 22769
Epoch 5 | Batch  38000 | Loss: 2.2042 | LR: 0.025000 | Tokens/s: 22815
Epoch 5 | Batch  39000 | Loss: 2.2024 | LR: 0.025000 | Tokens/s: 22851
Epoch 5 | Batch  40000 | Loss: 2.2014 | LR: 0.025000 | Tokens/s: 22880
Epoch 5 | Batch  41000 | Loss: 2.2010 | LR: 0.025000 | Tokens/s: 22900
Epoch 5 | Batch  42000 | Loss: 2.2015 | LR: 0.025000 | Tokens/s: 22932
Epoch 5 | Batch  43000 | Loss: 2.2014 | LR: 0.025000 | Tokens/s: 22961
Epoch 5 | Batch  44000 | Loss: 2.2022 | LR: 0.025000 | Tokens/s: 22985
Epoch 5 | Batch  45000 | Loss: 2.2025 | LR: 0.025000 | Tokens/s: 22999
Epoch 5 | Batch  46000 | Loss: 2.2025 | LR: 0.025000 | Tokens/s: 23019
Epoch 5 | Batch  47000 | Loss: 2.2030 | LR: 0.025000 | Tokens/s: 23037
Epoch 5 | Batch  48000 | Loss: 2.2021 | LR: 0.025000 | Tokens/s: 23063
Epoch 5 | Batch  49000 | Loss: 2.2023 | LR: 0.025000 | Tokens/s: 23085
Epoch 5 | Batch  50000 | Loss: 2.2020 | LR: 0.025000 | Tokens/s: 23094
Epoch 5 | Batch  51000 | Loss: 2.2013 | LR: 0.025000 | Tokens/s: 23105
Epoch 5 | Batch  52000 | Loss: 2.2017 | LR: 0.025000 | Tokens/s: 23119
Epoch 5 | Batch  53000 | Loss: 2.2018 | LR: 0.025000 | Tokens/s: 23134
Epoch 5 | Batch  54000 | Loss: 2.2023 | LR: 0.025000 | Tokens/s: 23153
Epoch 5 | Batch  55000 | Loss: 2.2029 | LR: 0.025000 | Tokens/s: 23169
Epoch 5 | Batch  56000 | Loss: 2.2030 | LR: 0.025000 | Tokens/s: 23178
Epoch 5 | Batch  57000 | Loss: 2.2020 | LR: 0.025000 | Tokens/s: 23181
Epoch 5 | Batch  58000 | Loss: 2.2026 | LR: 0.025000 | Tokens/s: 23187
Epoch 5 | Batch  59000 | Loss: 2.2017 | LR: 0.025000 | Tokens/s: 23197
Epoch 5 | Batch  60000 | Loss: 2.2017 | LR: 0.025000 | Tokens/s: 23216
Epoch 5 | Batch  61000 | Loss: 2.2020 | LR: 0.025000 | Tokens/s: 23260
Epoch 5 | Batch  62000 | Loss: 2.2020 | LR: 0.025000 | Tokens/s: 23369
Epoch 5 | Batch  63000 | Loss: 2.2021 | LR: 0.025000 | Tokens/s: 23491
Epoch 5 | Batch  64000 | Loss: 2.2023 | LR: 0.025000 | Tokens/s: 23615
Epoch 5 | Batch  65000 | Loss: 2.2020 | LR: 0.025000 | Tokens/s: 23724
Epoch 5 | Batch  66000 | Loss: 2.2024 | LR: 0.025000 | Tokens/s: 23834
Epoch 5 | Batch  67000 | Loss: 2.2021 | LR: 0.025000 | Tokens/s: 23952
Epoch 5 | Batch  68000 | Loss: 2.2023 | LR: 0.025000 | Tokens/s: 24083
Epoch 5 | Batch  69000 | Loss: 2.2032 | LR: 0.025000 | Tokens/s: 24204
Epoch 5 | Batch  70000 | Loss: 2.2019 | LR: 0.025000 | Tokens/s: 24327
Epoch 5 | Batch  71000 | Loss: 2.2021 | LR: 0.025000 | Tokens/s: 24449
Epoch 5 | Batch  72000 | Loss: 2.2026 | LR: 0.025000 | Tokens/s: 24571
Epoch 5 | Batch  73000 | Loss: 2.2025 | LR: 0.025000 | Tokens/s: 24696
Epoch 5 | Batch  74000 | Loss: 2.2022 | LR: 0.025000 | Tokens/s: 24813
Epoch 5 | Batch  75000 | Loss: 2.2018 | LR: 0.025000 | Tokens/s: 24930
Epoch 5 | Batch  76000 | Loss: 2.2021 | LR: 0.025000 | Tokens/s: 25047
Epoch 5 | Batch  77000 | Loss: 2.2024 | LR: 0.025000 | Tokens/s: 25164
Epoch 5 | Batch  78000 | Loss: 2.2022 | LR: 0.025000 | Tokens/s: 25279
Epoch 5 | Batch  79000 | Loss: 2.2022 | LR: 0.025000 | Tokens/s: 25391
Epoch 5 | Batch  80000 | Loss: 2.2026 | LR: 0.025000 | Tokens/s: 25497
Epoch 5 | Batch  81000 | Loss: 2.2028 | LR: 0.025000 | Tokens/s: 25604
Epoch 5 | Batch  82000 | Loss: 2.2025 | LR: 0.025000 | Tokens/s: 25710
Epoch 5 | Batch  83000 | Loss: 2.2031 | LR: 0.025000 | Tokens/s: 25812
Epoch 5 | Batch  84000 | Loss: 2.2031 | LR: 0.025000 | Tokens/s: 25915
Epoch 5 | Batch  85000 | Loss: 2.2035 | LR: 0.025000 | Tokens/s: 26017
Epoch 5 | Batch  86000 | Loss: 2.2033 | LR: 0.025000 | Tokens/s: 26116
Epoch 5 | Batch  87000 | Loss: 2.2037 | LR: 0.025000 | Tokens/s: 26215
Epoch 5 | Batch  88000 | Loss: 2.2040 | LR: 0.025000 | Tokens/s: 26312
Epoch 5 | Batch  89000 | Loss: 2.2040 | LR: 0.025000 | Tokens/s: 26406
Epoch 5 | Batch  90000 | Loss: 2.2037 | LR: 0.025000 | Tokens/s: 26493
Epoch 5 | Batch  91000 | Loss: 2.2037 | LR: 0.025000 | Tokens/s: 26586
Epoch 5 | Batch  92000 | Loss: 2.2033 | LR: 0.025000 | Tokens/s: 26678
Epoch 5 | Batch  93000 | Loss: 2.2031 | LR: 0.025000 | Tokens/s: 26765
Epoch 5 | Batch  94000 | Loss: 2.2027 | LR: 0.025000 | Tokens/s: 26856
Epoch 5 | Batch  95000 | Loss: 2.2027 | LR: 0.025000 | Tokens/s: 26938
Epoch 5 | Batch  96000 | Loss: 2.2025 | LR: 0.025000 | Tokens/s: 27022
Epoch 5 | Batch  97000 | Loss: 2.2029 | LR: 0.025000 | Tokens/s: 27107
Epoch 5 | Batch  98000 | Loss: 2.2032 | LR: 0.025000 | Tokens/s: 27188
Epoch 5 | Batch  99000 | Loss: 2.2027 | LR: 0.025000 | Tokens/s: 27261
Epoch 5 | Batch 100000 | Loss: 2.2021 | LR: 0.025000 | Tokens/s: 27337
Epoch 5 | Batch 101000 | Loss: 2.2022 | LR: 0.025000 | Tokens/s: 27411
Epoch 5 | Batch 102000 | Loss: 2.2024 | LR: 0.025000 | Tokens/s: 27490
Epoch 5 | Batch 103000 | Loss: 2.2031 | LR: 0.025000 | Tokens/s: 27566
Epoch 5 | Batch 104000 | Loss: 2.2040 | LR: 0.025000 | Tokens/s: 27640
Epoch 5 | Batch 105000 | Loss: 2.2035 | LR: 0.025000 | Tokens/s: 27712
Epoch 5 | Batch 106000 | Loss: 2.2040 | LR: 0.025000 | Tokens/s: 27778
Epoch 5 | Batch 107000 | Loss: 2.2042 | LR: 0.025000 | Tokens/s: 27851
Epoch 5 | Batch 108000 | Loss: 2.2045 | LR: 0.025000 | Tokens/s: 27922
Epoch 5 | Batch 109000 | Loss: 2.2045 | LR: 0.025000 | Tokens/s: 27989
Epoch 5 | Batch 110000 | Loss: 2.2043 | LR: 0.025000 | Tokens/s: 28062
Epoch 5 | Batch 111000 | Loss: 2.2039 | LR: 0.025000 | Tokens/s: 28127
Epoch 5 | Batch 112000 | Loss: 2.2036 | LR: 0.025000 | Tokens/s: 28197
Epoch 5 | Batch 113000 | Loss: 2.2032 | LR: 0.025000 | Tokens/s: 28264
Epoch 5 | Batch 114000 | Loss: 2.2031 | LR: 0.025000 | Tokens/s: 28332
Epoch 5 | Batch 115000 | Loss: 2.2025 | LR: 0.025000 | Tokens/s: 28399
Epoch 5 | Batch 116000 | Loss: 2.2028 | LR: 0.025000 | Tokens/s: 28467
Epoch 5 | Batch 117000 | Loss: 2.2028 | LR: 0.025000 | Tokens/s: 28533
Epoch 5 | Batch 118000 | Loss: 2.2028 | LR: 0.025000 | Tokens/s: 28598
Epoch 5 | Batch 119000 | Loss: 2.2016 | LR: 0.025000 | Tokens/s: 28661
Epoch 5 | Batch 120000 | Loss: 2.2007 | LR: 0.025000 | Tokens/s: 28723
Epoch 5 | Batch 121000 | Loss: 2.2008 | LR: 0.025000 | Tokens/s: 28787
Epoch 5 | Batch 122000 | Loss: 2.2008 | LR: 0.025000 | Tokens/s: 28847
Epoch 5 | Batch 123000 | Loss: 2.2006 | LR: 0.025000 | Tokens/s: 28908
Epoch 5 | Batch 124000 | Loss: 2.2007 | LR: 0.025000 | Tokens/s: 28966
Epoch 5 | Batch 125000 | Loss: 2.2005 | LR: 0.025000 | Tokens/s: 29020
Epoch 5 | Batch 126000 | Loss: 2.2005 | LR: 0.025000 | Tokens/s: 29078
Epoch 5 | Batch 127000 | Loss: 2.2005 | LR: 0.025000 | Tokens/s: 29128
Epoch 5 | Batch 128000 | Loss: 2.2005 | LR: 0.025000 | Tokens/s: 29182
Epoch 5 | Batch 129000 | Loss: 2.2005 | LR: 0.025000 | Tokens/s: 29234
Epoch 5 | Batch 130000 | Loss: 2.2008 | LR: 0.025000 | Tokens/s: 29287

=== Epoch 5 summary ===
Time: 1141.8s | Loss: 2.2009 | Tokens/s: 29276 | Batches: 130576
--------------------------------------------------

==================================================
HARDWARE BENCHMARK
  Peak RAM Usage: 1414.9 MB
==================================================
Training completed successfully.
